12/01/17 08:21:58.387 AM		INFO	                		Good1 added to good guys.
12/01/17 08:21:58.406 AM		INFO	                		Ares Predator weapon added to Good1
12/01/17 08:21:59.395 AM		INFO	                		Bad1 added to bad guys.
12/01/17 08:21:59.396 AM		INFO	                		Bad2 added to bad guys.
12/01/17 08:21:59.397 AM		INFO	                		Bad3 added to bad guys.
12/01/17 08:21:59.398 AM		INFO	                		Bad4 added to bad guys.
12/01/17 08:22:29.699 AM		INFO	                		Good1 added to good guys.
12/01/17 08:22:29.717 AM		INFO	                		Ares Predator weapon added to Good1
12/01/17 08:22:29.750 AM		INFO	                		Bad1 added to bad guys.
12/01/17 08:22:29.757 AM		INFO	                		Bad2 added to bad guys.
12/01/17 08:22:29.762 AM		INFO	                		Bad3 added to bad guys.
12/01/17 08:22:29.766 AM		INFO	                		Bad4 added to bad guys.
12/01/17 08:26:26.201 AM		INFO	                		Good1 added to good guys.
12/01/17 08:26:46.766 AM		INFO	                		Ares Predator weapon added to Good1
12/01/17 08:27:33.107 AM		INFO	                		Good1 added to good guys.
12/01/17 08:27:35.065 AM		INFO	                		Ares Predator weapon added to Good1
12/01/17 08:27:41.571 AM		INFO	                		Good1 added to good guys.
12/01/17 08:27:43.981 AM		INFO	                		Ares Predator weapon added to Good1
12/01/17 08:30:12.603 AM		INFO	                		Good1 added to good guys.
12/01/17 08:30:16.408 AM		INFO	                		Ares Predator weapon added to Good1
12/01/17 08:30:16.408 AM		INFO	                		Fireball weapon added to Good1
12/01/17 08:30:16.423 AM		INFO	                		Fist weapon added to Good1
12/01/17 08:30:16.439 AM		INFO	                		Pistols skill added to Good1
12/01/17 08:30:16.454 AM		INFO	                		Good2 added to good guys.
12/01/17 08:30:16.454 AM		INFO	                		Fireball weapon added to Good2
12/01/17 08:30:16.454 AM		INFO	                		Fist weapon added to Good2
12/01/17 08:30:16.454 AM		INFO	                		Good3 added to good guys.
12/01/17 08:30:16.454 AM		INFO	                		Ares Predator weapon added to Good3
12/01/17 08:30:16.454 AM		INFO	                		Good4 added to good guys.
12/01/17 08:30:16.454 AM		INFO	                		Ares Predator weapon added to Good4
12/01/17 08:30:16.454 AM		INFO	                		Bad1 added to bad guys.
12/01/17 08:30:16.454 AM		INFO	                		Bad2 added to bad guys.
12/01/17 08:30:16.470 AM		INFO	                		Bad3 added to bad guys.
12/01/17 08:30:16.470 AM		INFO	                		Bad4 added to bad guys.
12/01/17 08:30:16.470 AM		INFO	                		Ares Predator weapon added to Bad1
12/01/17 08:30:16.470 AM		INFO	                		Ares Predator weapon added to Bad2
12/01/17 08:30:16.470 AM		INFO	                		Ares Predator weapon added to Bad3
12/01/17 08:30:16.470 AM		INFO	                		Ares Predator weapon added to Bad4
12/01/17 08:30:43.284 AM		INFO	                		Good1 added to good guys.
12/01/17 08:30:43.304 AM		INFO	                		Ares Predator weapon added to Good1
12/01/17 08:30:43.310 AM		INFO	                		Fireball weapon added to Good1
12/01/17 08:30:43.315 AM		INFO	                		Fist weapon added to Good1
12/01/17 08:30:43.320 AM		INFO	                		Pistols skill added to Good1
12/01/17 08:30:43.322 AM		INFO	                		Good2 added to good guys.
12/01/17 08:30:43.323 AM		INFO	                		Fireball weapon added to Good2
12/01/17 08:30:43.324 AM		INFO	                		Fist weapon added to Good2
12/01/17 08:30:43.336 AM		INFO	                		Good3 added to good guys.
12/01/17 08:30:43.337 AM		INFO	                		Ares Predator weapon added to Good3
12/01/17 08:30:43.339 AM		INFO	                		Good4 added to good guys.
12/01/17 08:30:43.340 AM		INFO	                		Ares Predator weapon added to Good4
12/01/17 08:30:43.344 AM		INFO	                		Bad1 added to bad guys.
12/01/17 08:30:43.345 AM		INFO	                		Bad2 added to bad guys.
12/01/17 08:30:43.347 AM		INFO	                		Bad3 added to bad guys.
12/01/17 08:30:43.349 AM		INFO	                		Bad4 added to bad guys.
12/01/17 08:30:43.349 AM		INFO	                		Ares Predator weapon added to Bad1
12/01/17 08:30:43.350 AM		INFO	                		Ares Predator weapon added to Bad2
12/01/17 08:30:43.351 AM		INFO	                		Ares Predator weapon added to Bad3
12/01/17 08:30:43.352 AM		INFO	                		Ares Predator weapon added to Bad4
12/01/17 08:30:53.636 AM		INFO	                		Good1 added to good guys.
12/01/17 08:30:53.668 AM		INFO	                		Ares Predator weapon added to Good1
12/01/17 08:30:53.674 AM		INFO	                		Fireball weapon added to Good1
12/01/17 08:30:53.679 AM		INFO	                		Fist weapon added to Good1
12/01/17 08:30:53.681 AM		INFO	                		Pistols skill added to Good1
12/01/17 08:30:53.683 AM		INFO	                		Good2 added to good guys.
12/01/17 08:30:53.684 AM		INFO	                		Fireball weapon added to Good2
12/01/17 08:30:53.685 AM		INFO	                		Fist weapon added to Good2
12/01/17 08:30:53.686 AM		INFO	                		Good3 added to good guys.
12/01/17 08:30:53.687 AM		INFO	                		Ares Predator weapon added to Good3
12/01/17 08:30:53.689 AM		INFO	                		Good4 added to good guys.
12/01/17 08:30:53.690 AM		INFO	                		Ares Predator weapon added to Good4
12/01/17 08:30:53.692 AM		INFO	                		Bad1 added to bad guys.
12/01/17 08:30:53.693 AM		INFO	                		Bad2 added to bad guys.
12/01/17 08:30:53.695 AM		INFO	                		Bad3 added to bad guys.
12/01/17 08:30:53.696 AM		INFO	                		Bad4 added to bad guys.
12/01/17 08:30:53.697 AM		INFO	                		Ares Predator weapon added to Bad1
12/01/17 08:30:53.698 AM		INFO	                		Ares Predator weapon added to Bad2
12/01/17 08:30:53.699 AM		INFO	                		Ares Predator weapon added to Bad3
12/01/17 08:30:53.700 AM		INFO	                		Ares Predator weapon added to Bad4
12/01/17 08:43:32.767 AM		INFO	                		Good1 added to good guys.
12/01/17 08:43:32.789 AM		INFO	                		Ares Predator weapon added to Good1
12/01/17 08:43:32.794 AM		INFO	                		Fireball weapon added to Good1
12/01/17 08:43:32.798 AM		INFO	                		Fist weapon added to Good1
12/01/17 08:43:32.804 AM		INFO	                		Pistols skill added to Good1
12/01/17 08:43:32.810 AM		INFO	                		Good2 added to good guys.
12/01/17 08:43:32.811 AM		INFO	                		Fireball weapon added to Good2
12/01/17 08:43:32.813 AM		INFO	                		Fist weapon added to Good2
12/01/17 08:43:32.816 AM		INFO	                		Good3 added to good guys.
12/01/17 08:43:32.817 AM		INFO	                		Ares Predator weapon added to Good3
12/01/17 08:43:32.818 AM		INFO	                		Good4 added to good guys.
12/01/17 08:43:32.819 AM		INFO	                		Ares Predator weapon added to Good4
12/01/17 08:43:32.820 AM		INFO	                		Bad1 added to bad guys.
12/01/17 08:43:32.823 AM		INFO	                		Bad2 added to bad guys.
12/01/17 08:43:32.824 AM		INFO	                		Bad3 added to bad guys.
12/01/17 08:43:32.826 AM		INFO	                		Bad4 added to bad guys.
12/01/17 08:43:32.826 AM		INFO	                		Ares Predator weapon added to Bad1
12/01/17 08:43:32.827 AM		INFO	                		Ares Predator weapon added to Bad2
12/01/17 08:43:32.828 AM		INFO	                		Ares Predator weapon added to Bad3
12/01/17 08:43:32.829 AM		INFO	                		Ares Predator weapon added to Bad4
12/01/17 08:43:34.610 AM		INITIATIVE	                		Good1 initiative is 0 (1,5,2,3,15) (26)
12/01/17 08:43:34.625 AM		INITIATIVE	                		Good2 initiative is 0 (1,6) (7)
12/01/17 08:43:34.625 AM		INITIATIVE	                		Good3 initiative is 0 (5,3,8) (16)
12/01/17 08:43:34.641 AM		INITIATIVE	                		Good4 initiative is 0 (3,6) (9)
12/01/17 08:43:34.656 AM		INITIATIVE	                		Bad1 initiative is 0 (4,4) (8)
12/01/17 08:43:34.656 AM		INITIATIVE	                		Bad2 initiative is 0 (3,6) (9)
12/01/17 08:43:34.672 AM		INITIATIVE	                		Bad3 initiative is 0 (4,1,4) (9)
12/01/17 08:43:34.672 AM		INITIATIVE	                		Bad4 initiative is 0 (5,6) (11)
12/01/17 08:43:34.688 AM		INFO	                		Good1's turn.
12/01/17 08:46:03.287 AM		INFO	                		Good1 added to good guys.
12/01/17 08:46:03.318 AM		INFO	                		Ares Predator weapon added to Good1
12/01/17 08:46:03.323 AM		INFO	                		Fireball weapon added to Good1
12/01/17 08:46:03.328 AM		INFO	                		Fist weapon added to Good1
12/01/17 08:46:03.334 AM		INFO	                		Pistols skill added to Good1
12/01/17 08:46:03.336 AM		INFO	                		Good2 added to good guys.
12/01/17 08:46:03.337 AM		INFO	                		Fireball weapon added to Good2
12/01/17 08:46:03.337 AM		INFO	                		Fist weapon added to Good2
12/01/17 08:46:03.339 AM		INFO	                		Good3 added to good guys.
12/01/17 08:46:03.339 AM		INFO	                		Ares Predator weapon added to Good3
12/01/17 08:46:03.341 AM		INFO	                		Good4 added to good guys.
12/01/17 08:46:03.341 AM		INFO	                		Ares Predator weapon added to Good4
12/01/17 08:46:03.343 AM		INFO	                		Bad1 added to bad guys.
12/01/17 08:46:03.344 AM		INFO	                		Bad2 added to bad guys.
12/01/17 08:46:03.345 AM		INFO	                		Bad3 added to bad guys.
12/01/17 08:46:03.346 AM		INFO	                		Bad4 added to bad guys.
12/01/17 08:46:03.347 AM		INFO	                		Ares Predator weapon added to Bad1
12/01/17 08:46:03.348 AM		INFO	                		Ares Predator weapon added to Bad2
12/01/17 08:46:03.348 AM		INFO	                		Ares Predator weapon added to Bad3
12/01/17 08:46:03.349 AM		INFO	                		Ares Predator weapon added to Bad4
12/01/17 08:46:05.463 AM		INITIATIVE	                		Good1 initiative is 0 (3,5,4,1,15) (28)
12/01/17 08:46:05.479 AM		INITIATIVE	                		Good2 initiative is 0 (1,6) (7)
12/01/17 08:46:05.479 AM		INITIATIVE	                		Good3 initiative is 0 (5,2,8) (15)
12/01/17 08:46:05.495 AM		INITIATIVE	                		Good4 initiative is 0 (1,6) (7)
12/01/17 08:46:05.495 AM		INITIATIVE	                		Bad1 initiative is 0 (4,4) (8)
12/01/17 08:46:05.510 AM		INITIATIVE	                		Bad2 initiative is 0 (4,6) (10)
12/01/17 08:46:05.510 AM		INITIATIVE	                		Bad3 initiative is 0 (4,1,4) (9)
12/01/17 08:46:05.526 AM		INITIATIVE	                		Bad4 initiative is 0 (5,6) (11)
12/01/17 08:49:37.458 AM		INFO	                		Good1 added to good guys.
12/01/17 08:49:37.478 AM		INFO	                		Ares Predator weapon added to Good1
12/01/17 08:49:37.484 AM		INFO	                		Fireball weapon added to Good1
12/01/17 08:49:37.490 AM		INFO	                		Fist weapon added to Good1
12/01/17 08:49:37.496 AM		INFO	                		Pistols skill added to Good1
12/01/17 08:49:37.498 AM		INFO	                		Good2 added to good guys.
12/01/17 08:49:37.499 AM		INFO	                		Fireball weapon added to Good2
12/01/17 08:49:37.500 AM		INFO	                		Fist weapon added to Good2
12/01/17 08:49:37.502 AM		INFO	                		Good3 added to good guys.
12/01/17 08:49:37.503 AM		INFO	                		Ares Predator weapon added to Good3
12/01/17 08:49:37.504 AM		INFO	                		Good4 added to good guys.
12/01/17 08:49:37.506 AM		INFO	                		Ares Predator weapon added to Good4
12/01/17 08:49:37.509 AM		INFO	                		Bad1 added to bad guys.
12/01/17 08:49:37.510 AM		INFO	                		Bad2 added to bad guys.
12/01/17 08:49:37.511 AM		INFO	                		Bad3 added to bad guys.
12/01/17 08:49:37.514 AM		INFO	                		Bad4 added to bad guys.
12/01/17 08:49:37.514 AM		INFO	                		Ares Predator weapon added to Bad1
12/01/17 08:49:37.517 AM		INFO	                		Ares Predator weapon added to Bad2
12/01/17 08:49:37.518 AM		INFO	                		Ares Predator weapon added to Bad3
12/01/17 08:49:37.519 AM		INFO	                		Ares Predator weapon added to Bad4
12/01/17 08:49:53.602 AM		INFO	                		Good1 added to good guys.
12/01/17 08:49:53.619 AM		INFO	                		Ares Predator weapon added to Good1
12/01/17 08:49:53.624 AM		INFO	                		Fireball weapon added to Good1
12/01/17 08:49:53.632 AM		INFO	                		Fist weapon added to Good1
12/01/17 08:49:53.637 AM		INFO	                		Pistols skill added to Good1
12/01/17 08:49:53.639 AM		INFO	                		Good2 added to good guys.
12/01/17 08:49:53.639 AM		INFO	                		Fireball weapon added to Good2
12/01/17 08:49:53.640 AM		INFO	                		Fist weapon added to Good2
12/01/17 08:49:53.641 AM		INFO	                		Good3 added to good guys.
12/01/17 08:49:53.642 AM		INFO	                		Ares Predator weapon added to Good3
12/01/17 08:49:53.643 AM		INFO	                		Good4 added to good guys.
12/01/17 08:49:53.643 AM		INFO	                		Ares Predator weapon added to Good4
12/01/17 08:49:53.645 AM		INFO	                		Bad1 added to bad guys.
12/01/17 08:49:53.646 AM		INFO	                		Bad2 added to bad guys.
12/01/17 08:49:53.647 AM		INFO	                		Bad3 added to bad guys.
12/01/17 08:49:53.648 AM		INFO	                		Bad4 added to bad guys.
12/01/17 08:49:53.648 AM		INFO	                		Ares Predator weapon added to Bad1
12/01/17 08:49:53.649 AM		INFO	                		Ares Predator weapon added to Bad2
12/01/17 08:49:53.650 AM		INFO	                		Ares Predator weapon added to Bad3
12/01/17 08:49:53.650 AM		INFO	                		Ares Predator weapon added to Bad4
12/01/17 08:49:55.276 AM		INITIATIVE	                		Good1 initiative is 0 (3,1,4,2,15) (25)
12/01/17 08:49:55.276 AM		INITIATIVE	                		Good2 initiative is 0 (5,6) (11)
12/01/17 08:49:55.292 AM		INITIATIVE	                		Good3 initiative is 0 (1,5,8) (14)
12/01/17 08:49:55.307 AM		INITIATIVE	                		Good4 initiative is 0 (4,6) (10)
12/01/17 08:49:55.307 AM		INITIATIVE	                		Bad1 initiative is 0 (3,4) (7)
12/01/17 08:49:55.323 AM		INITIATIVE	                		Bad2 initiative is 0 (3,6) (9)
12/01/17 08:49:55.323 AM		INITIATIVE	                		Bad3 initiative is 0 (1,2,4) (7)
12/01/17 08:49:55.339 AM		INITIATIVE	                		Bad4 initiative is 0 (3,6) (9)
12/01/17 08:49:55.339 AM		INFO	                		Good1's turn.
12/01/17 08:50:16.549 AM		INFO	                		Good1 added to good guys.
12/01/17 08:50:16.573 AM		INFO	                		Ares Predator weapon added to Good1
12/01/17 08:50:16.579 AM		INFO	                		Fireball weapon added to Good1
12/01/17 08:50:16.588 AM		INFO	                		Fist weapon added to Good1
12/01/17 08:50:16.590 AM		INFO	                		Pistols skill added to Good1
12/01/17 08:50:16.591 AM		INFO	                		Good2 added to good guys.
12/01/17 08:50:16.592 AM		INFO	                		Fireball weapon added to Good2
12/01/17 08:50:16.593 AM		INFO	                		Fist weapon added to Good2
12/01/17 08:50:16.594 AM		INFO	                		Good3 added to good guys.
12/01/17 08:50:16.595 AM		INFO	                		Ares Predator weapon added to Good3
12/01/17 08:50:16.596 AM		INFO	                		Good4 added to good guys.
12/01/17 08:50:16.596 AM		INFO	                		Ares Predator weapon added to Good4
12/01/17 08:50:16.598 AM		INFO	                		Bad1 added to bad guys.
12/01/17 08:50:16.599 AM		INFO	                		Bad2 added to bad guys.
12/01/17 08:50:16.600 AM		INFO	                		Bad3 added to bad guys.
12/01/17 08:50:16.602 AM		INFO	                		Bad4 added to bad guys.
12/01/17 08:50:16.602 AM		INFO	                		Ares Predator weapon added to Bad1
12/01/17 08:50:16.603 AM		INFO	                		Ares Predator weapon added to Bad2
12/01/17 08:50:16.604 AM		INFO	                		Ares Predator weapon added to Bad3
12/01/17 08:50:16.605 AM		INFO	                		Ares Predator weapon added to Bad4
12/01/17 08:50:18.559 AM		INITIATIVE	                		Good1 initiative is 0 (2,1,4,4,15) (26)
12/01/17 08:50:18.575 AM		INITIATIVE	                		Good2 initiative is 0 (3,6) (9)
12/01/17 08:50:18.591 AM		INITIATIVE	                		Good3 initiative is 0 (5,4,8) (17)
12/01/17 08:50:18.606 AM		INITIATIVE	                		Good4 initiative is 0 (3,6) (9)
12/01/17 08:50:18.606 AM		INITIATIVE	                		Bad1 initiative is 0 (5,4) (9)
12/01/17 08:50:18.622 AM		INITIATIVE	                		Bad2 initiative is 0 (1,6) (7)
12/01/17 08:50:18.637 AM		INITIATIVE	                		Bad3 initiative is 0 (2,5,4) (11)
12/01/17 08:50:18.637 AM		INITIATIVE	                		Bad4 initiative is 0 (1,6) (7)
12/01/17 08:50:46.975 AM		INFO	                		Good1 added to good guys.
12/01/17 08:50:46.992 AM		INFO	                		Ares Predator weapon added to Good1
12/01/17 08:50:46.996 AM		INFO	                		Fireball weapon added to Good1
12/01/17 08:50:47.002 AM		INFO	                		Fist weapon added to Good1
12/01/17 08:50:47.008 AM		INFO	                		Pistols skill added to Good1
12/01/17 08:50:47.011 AM		INFO	                		Good2 added to good guys.
12/01/17 08:50:47.012 AM		INFO	                		Fireball weapon added to Good2
12/01/17 08:50:47.013 AM		INFO	                		Fist weapon added to Good2
12/01/17 08:50:47.015 AM		INFO	                		Good3 added to good guys.
12/01/17 08:50:47.015 AM		INFO	                		Ares Predator weapon added to Good3
12/01/17 08:50:47.016 AM		INFO	                		Good4 added to good guys.
12/01/17 08:50:47.017 AM		INFO	                		Ares Predator weapon added to Good4
12/01/17 08:50:47.019 AM		INFO	                		Bad1 added to bad guys.
12/01/17 08:50:47.020 AM		INFO	                		Bad2 added to bad guys.
12/01/17 08:50:47.021 AM		INFO	                		Bad3 added to bad guys.
12/01/17 08:50:47.022 AM		INFO	                		Bad4 added to bad guys.
12/01/17 08:50:47.022 AM		INFO	                		Ares Predator weapon added to Bad1
12/01/17 08:50:47.023 AM		INFO	                		Ares Predator weapon added to Bad2
12/01/17 08:50:47.024 AM		INFO	                		Ares Predator weapon added to Bad3
12/01/17 08:50:47.025 AM		INFO	                		Ares Predator weapon added to Bad4
12/01/17 08:50:48.417 AM		INITIATIVE	                		Good1 initiative is 0 (2,4,2,1,15) (24)
12/01/17 08:50:48.417 AM		INITIATIVE	                		Good2 initiative is 0 (1,6) (7)
12/01/17 08:50:48.449 AM		INITIATIVE	                		Good3 initiative is 0 (5,5,8) (18)
12/01/17 08:50:48.464 AM		INITIATIVE	                		Good4 initiative is 0 (4,6) (10)
12/01/17 08:50:48.480 AM		INITIATIVE	                		Bad1 initiative is 0 (5,4) (9)
12/01/17 08:50:48.480 AM		INITIATIVE	                		Bad2 initiative is 0 (1,6) (7)
12/01/17 08:50:48.495 AM		INITIATIVE	                		Bad3 initiative is 0 (2,5,4) (11)
12/01/17 08:50:48.495 AM		INITIATIVE	                		Bad4 initiative is 0 (5,6) (11)
12/01/17 08:50:48.511 AM		INFO	                		Good1's turn.
12/01/17 08:51:10.929 AM		INFO	                		Good1 added to good guys.
12/01/17 08:51:10.948 AM		INFO	                		Ares Predator weapon added to Good1
12/01/17 08:51:10.954 AM		INFO	                		Fireball weapon added to Good1
12/01/17 08:51:10.957 AM		INFO	                		Fist weapon added to Good1
12/01/17 08:51:10.959 AM		INFO	                		Pistols skill added to Good1
12/01/17 08:51:10.960 AM		INFO	                		Good2 added to good guys.
12/01/17 08:51:10.961 AM		INFO	                		Fireball weapon added to Good2
12/01/17 08:51:10.962 AM		INFO	                		Fist weapon added to Good2
12/01/17 08:51:10.963 AM		INFO	                		Good3 added to good guys.
12/01/17 08:51:10.963 AM		INFO	                		Ares Predator weapon added to Good3
12/01/17 08:51:10.965 AM		INFO	                		Good4 added to good guys.
12/01/17 08:51:10.965 AM		INFO	                		Ares Predator weapon added to Good4
12/01/17 08:51:10.967 AM		INFO	                		Bad1 added to bad guys.
12/01/17 08:51:10.968 AM		INFO	                		Bad2 added to bad guys.
12/01/17 08:51:10.970 AM		INFO	                		Bad3 added to bad guys.
12/01/17 08:51:10.971 AM		INFO	                		Bad4 added to bad guys.
12/01/17 08:51:10.971 AM		INFO	                		Ares Predator weapon added to Bad1
12/01/17 08:51:10.972 AM		INFO	                		Ares Predator weapon added to Bad2
12/01/17 08:51:10.973 AM		INFO	                		Ares Predator weapon added to Bad3
12/01/17 08:51:10.974 AM		INFO	                		Ares Predator weapon added to Bad4
12/01/17 08:51:12.080 AM		INITIATIVE	                		Good1 initiative is 0 (4,3,5,4,15) (31)
12/01/17 08:51:12.080 AM		INITIATIVE	                		Good2 initiative is 0 (5,6) (11)
12/01/17 08:51:12.096 AM		INITIATIVE	                		Good3 initiative is 0 (2,4,8) (14)
12/01/17 08:51:12.127 AM		INITIATIVE	                		Good4 initiative is 0 (1,6) (7)
12/01/17 08:51:12.143 AM		INITIATIVE	                		Bad1 initiative is 0 (5,4) (9)
12/01/17 08:51:12.143 AM		INITIATIVE	                		Bad2 initiative is 0 (4,6) (10)
12/01/17 08:51:12.158 AM		INITIATIVE	                		Bad3 initiative is 0 (5,1,4) (10)
12/01/17 08:51:12.174 AM		INITIATIVE	                		Bad4 initiative is 0 (5,6) (11)
12/01/17 08:51:12.174 AM		INFO	                		Good1's turn.
12/01/17 08:51:28.573 AM		INFO	                		Good1 added to good guys.
12/01/17 08:51:28.590 AM		INFO	                		Ares Predator weapon added to Good1
12/01/17 08:51:28.590 AM		INFO	                		Fireball weapon added to Good1
12/01/17 08:51:28.626 AM		INFO	                		Fist weapon added to Good1
12/01/17 08:51:28.626 AM		INFO	                		Pistols skill added to Good1
12/01/17 08:51:28.626 AM		INFO	                		Good2 added to good guys.
12/01/17 08:51:28.626 AM		INFO	                		Fireball weapon added to Good2
12/01/17 08:51:28.626 AM		INFO	                		Fist weapon added to Good2
12/01/17 08:51:28.626 AM		INFO	                		Good3 added to good guys.
12/01/17 08:51:28.626 AM		INFO	                		Ares Predator weapon added to Good3
12/01/17 08:51:28.626 AM		INFO	                		Good4 added to good guys.
12/01/17 08:51:28.626 AM		INFO	                		Ares Predator weapon added to Good4
12/01/17 08:51:28.626 AM		INFO	                		Bad1 added to bad guys.
12/01/17 08:51:28.626 AM		INFO	                		Bad2 added to bad guys.
12/01/17 08:51:28.642 AM		INFO	                		Bad3 added to bad guys.
12/01/17 08:51:28.642 AM		INFO	                		Bad4 added to bad guys.
12/01/17 08:51:28.642 AM		INFO	                		Ares Predator weapon added to Bad1
12/01/17 08:51:28.642 AM		INFO	                		Ares Predator weapon added to Bad2
12/01/17 08:51:28.642 AM		INFO	                		Ares Predator weapon added to Bad3
12/01/17 08:51:28.642 AM		INFO	                		Ares Predator weapon added to Bad4
12/01/17 08:51:31.132 AM		INITIATIVE	                		Good1 initiative is 0 (4,5,4,3,15) (31)
12/01/17 08:51:31.163 AM		INITIATIVE	                		Good2 initiative is 0 (4,6) (10)
12/01/17 08:51:31.163 AM		INITIATIVE	                		Good3 initiative is 0 (3,5,8) (16)
12/01/17 08:51:31.179 AM		INITIATIVE	                		Good4 initiative is 0 (4,6) (10)
12/01/17 08:51:31.195 AM		INITIATIVE	                		Bad1 initiative is 0 (2,4) (6)
12/01/17 08:51:31.195 AM		INITIATIVE	                		Bad2 initiative is 0 (1,6) (7)
12/01/17 08:51:31.195 AM		INITIATIVE	                		Bad3 initiative is 0 (2,5,4) (11)
12/01/17 08:51:31.196 AM		INITIATIVE	                		Bad4 initiative is 0 (4,6) (10)
12/01/17 08:51:31.227 AM		INFO	                		Good1's turn.
12/01/17 08:51:47.048 AM		INFO	                		Good1 added to good guys.
12/01/17 08:51:47.069 AM		INFO	                		Ares Predator weapon added to Good1
12/01/17 08:51:47.075 AM		INFO	                		Fireball weapon added to Good1
12/01/17 08:51:47.080 AM		INFO	                		Fist weapon added to Good1
12/01/17 08:51:47.082 AM		INFO	                		Pistols skill added to Good1
12/01/17 08:51:47.083 AM		INFO	                		Good2 added to good guys.
12/01/17 08:51:47.083 AM		INFO	                		Fireball weapon added to Good2
12/01/17 08:51:47.084 AM		INFO	                		Fist weapon added to Good2
12/01/17 08:51:47.085 AM		INFO	                		Good3 added to good guys.
12/01/17 08:51:47.085 AM		INFO	                		Ares Predator weapon added to Good3
12/01/17 08:51:47.086 AM		INFO	                		Good4 added to good guys.
12/01/17 08:51:47.087 AM		INFO	                		Ares Predator weapon added to Good4
12/01/17 08:51:47.088 AM		INFO	                		Bad1 added to bad guys.
12/01/17 08:51:47.089 AM		INFO	                		Bad2 added to bad guys.
12/01/17 08:51:47.090 AM		INFO	                		Bad3 added to bad guys.
12/01/17 08:51:47.091 AM		INFO	                		Bad4 added to bad guys.
12/01/17 08:51:47.091 AM		INFO	                		Ares Predator weapon added to Bad1
12/01/17 08:51:47.092 AM		INFO	                		Ares Predator weapon added to Bad2
12/01/17 08:51:47.093 AM		INFO	                		Ares Predator weapon added to Bad3
12/01/17 08:51:47.093 AM		INFO	                		Ares Predator weapon added to Bad4
12/01/17 08:51:48.206 AM		INITIATIVE	                		Good1 initiative is 0 (5,1,5,4,15) (30)
12/01/17 08:51:48.207 AM		INITIATIVE	                		Good2 initiative is 0 (5,6) (11)
12/01/17 08:51:48.239 AM		INITIATIVE	                		Good3 initiative is 0 (3,4,8) (15)
12/01/17 08:51:48.239 AM		INITIATIVE	                		Good4 initiative is 0 (3,6) (9)
12/01/17 08:51:48.254 AM		INITIATIVE	                		Bad1 initiative is 0 (4,4) (8)
12/01/17 08:51:48.270 AM		INITIATIVE	                		Bad2 initiative is 0 (1,6) (7)
12/01/17 08:51:48.270 AM		INITIATIVE	                		Bad3 initiative is 0 (1,1,4) (6)
12/01/17 08:51:48.285 AM		INITIATIVE	                		Bad4 initiative is 0 (4,6) (10)
12/01/17 08:51:48.301 AM		INFO	                		Good1's turn.
12/01/17 09:05:39.719 AM		INFO	                		Good1 added to good guys.
12/01/17 09:05:39.737 AM		INFO	                		Ares Predator weapon added to Good1
12/01/17 09:05:39.788 AM		INFO	                		Fireball weapon added to Good1
12/01/17 09:05:39.792 AM		INFO	                		Fist weapon added to Good1
12/01/17 09:05:39.797 AM		INFO	                		Pistols skill added to Good1
12/01/17 09:05:39.798 AM		INFO	                		Good2 added to good guys.
12/01/17 09:05:39.799 AM		INFO	                		Fireball weapon added to Good2
12/01/17 09:05:39.800 AM		INFO	                		Fist weapon added to Good2
12/01/17 09:05:39.801 AM		INFO	                		Good3 added to good guys.
12/01/17 09:05:39.802 AM		INFO	                		Ares Predator weapon added to Good3
12/01/17 09:05:39.806 AM		INFO	                		Good4 added to good guys.
12/01/17 09:05:39.807 AM		INFO	                		Ares Predator weapon added to Good4
12/01/17 09:05:39.810 AM		INFO	                		Bad1 added to bad guys.
12/01/17 09:05:39.812 AM		INFO	                		Bad2 added to bad guys.
12/01/17 09:05:39.813 AM		INFO	                		Bad3 added to bad guys.
12/01/17 09:05:39.815 AM		INFO	                		Bad4 added to bad guys.
12/01/17 09:05:39.816 AM		INFO	                		Ares Predator weapon added to Bad1
12/01/17 09:05:39.816 AM		INFO	                		Ares Predator weapon added to Bad2
12/01/17 09:05:39.817 AM		INFO	                		Ares Predator weapon added to Bad3
12/01/17 09:05:39.818 AM		INFO	                		Ares Predator weapon added to Bad4
12/01/17 09:05:40.934 AM		INITIATIVE	                		Good1 initiative is 0 (5,2,2,1,15) (25)
12/01/17 09:05:40.966 AM		INITIATIVE	                		Good2 initiative is 0 (2,6) (8)
12/01/17 09:05:40.981 AM		INITIATIVE	                		Good3 initiative is 0 (5,3,8) (16)
12/01/17 09:05:40.981 AM		INITIATIVE	                		Good4 initiative is 0 (4,6) (10)
12/01/17 09:05:40.997 AM		INITIATIVE	                		Bad1 initiative is 0 (4,4) (8)
12/01/17 09:05:41.012 AM		INITIATIVE	                		Bad2 initiative is 0 (2,6) (8)
12/01/17 09:05:41.012 AM		INITIATIVE	                		Bad3 initiative is 0 (4,1,4) (9)
12/01/17 09:05:41.028 AM		INITIATIVE	                		Bad4 initiative is 0 (5,6) (11)
12/01/17 09:05:41.028 AM		INFO	                		Good1's turn.
12/01/17 09:05:56.419 AM		INFO	                		Good1 added to good guys.
12/01/17 09:05:56.442 AM		INFO	                		Ares Predator weapon added to Good1
12/01/17 09:05:56.451 AM		INFO	                		Fireball weapon added to Good1
12/01/17 09:05:56.457 AM		INFO	                		Fist weapon added to Good1
12/01/17 09:05:56.459 AM		INFO	                		Pistols skill added to Good1
12/01/17 09:05:56.462 AM		INFO	                		Good2 added to good guys.
12/01/17 09:05:56.463 AM		INFO	                		Fireball weapon added to Good2
12/01/17 09:05:56.465 AM		INFO	                		Fist weapon added to Good2
12/01/17 09:05:56.467 AM		INFO	                		Good3 added to good guys.
12/01/17 09:05:56.468 AM		INFO	                		Ares Predator weapon added to Good3
12/01/17 09:05:56.470 AM		INFO	                		Good4 added to good guys.
12/01/17 09:05:56.471 AM		INFO	                		Ares Predator weapon added to Good4
12/01/17 09:05:56.473 AM		INFO	                		Bad1 added to bad guys.
12/01/17 09:05:56.478 AM		INFO	                		Bad2 added to bad guys.
12/01/17 09:05:56.485 AM		INFO	                		Bad3 added to bad guys.
12/01/17 09:05:56.486 AM		INFO	                		Bad4 added to bad guys.
12/01/17 09:05:56.487 AM		INFO	                		Ares Predator weapon added to Bad1
12/01/17 09:05:56.487 AM		INFO	                		Ares Predator weapon added to Bad2
12/01/17 09:05:56.488 AM		INFO	                		Ares Predator weapon added to Bad3
12/01/17 09:05:56.489 AM		INFO	                		Ares Predator weapon added to Bad4
12/01/17 09:05:57.575 AM		INITIATIVE	                		Good1 initiative is 0 (5,4,3,3,15) (30)
12/01/17 09:05:57.590 AM		INITIATIVE	                		Good2 initiative is 0 (3,6) (9)
12/01/17 09:05:57.606 AM		INITIATIVE	                		Good3 initiative is 0 (5,4,8) (17)
12/01/17 09:05:57.606 AM		INITIATIVE	                		Good4 initiative is 0 (4,6) (10)
12/01/17 09:05:57.622 AM		INITIATIVE	                		Bad1 initiative is 0 (1,4) (5)
12/01/17 09:05:57.637 AM		INITIATIVE	                		Bad2 initiative is 0 (3,6) (9)
12/01/17 09:05:57.637 AM		INITIATIVE	                		Bad3 initiative is 0 (3,3,4) (10)
12/01/17 09:05:57.653 AM		INITIATIVE	                		Bad4 initiative is 0 (2,6) (8)
12/01/17 09:05:57.668 AM		INFO	                		Good1's turn.
12/01/17 09:06:37.706 AM		INFO	                		Good1 added to good guys.
12/01/17 09:06:37.726 AM		INFO	                		Ares Predator weapon added to Good1
12/01/17 09:06:37.729 AM		INFO	                		Fireball weapon added to Good1
12/01/17 09:06:37.733 AM		INFO	                		Fist weapon added to Good1
12/01/17 09:06:37.735 AM		INFO	                		Pistols skill added to Good1
12/01/17 09:06:37.737 AM		INFO	                		Good2 added to good guys.
12/01/17 09:06:37.739 AM		INFO	                		Fireball weapon added to Good2
12/01/17 09:06:37.739 AM		INFO	                		Fist weapon added to Good2
12/01/17 09:06:37.741 AM		INFO	                		Good3 added to good guys.
12/01/17 09:06:37.742 AM		INFO	                		Ares Predator weapon added to Good3
12/01/17 09:06:37.743 AM		INFO	                		Good4 added to good guys.
12/01/17 09:06:37.744 AM		INFO	                		Ares Predator weapon added to Good4
12/01/17 09:06:37.745 AM		INFO	                		Bad1 added to bad guys.
12/01/17 09:06:37.746 AM		INFO	                		Bad2 added to bad guys.
12/01/17 09:06:37.747 AM		INFO	                		Bad3 added to bad guys.
12/01/17 09:06:37.748 AM		INFO	                		Bad4 added to bad guys.
12/01/17 09:06:37.749 AM		INFO	                		Ares Predator weapon added to Bad1
12/01/17 09:06:37.750 AM		INFO	                		Ares Predator weapon added to Bad2
12/01/17 09:06:37.750 AM		INFO	                		Ares Predator weapon added to Bad3
12/01/17 09:06:37.751 AM		INFO	                		Ares Predator weapon added to Bad4
12/01/17 09:06:38.830 AM		INITIATIVE	                		Good1 initiative is 0 (3,3,2,1,15) (24)
12/01/17 09:06:38.846 AM		INITIATIVE	                		Good2 initiative is 0 (5,6) (11)
12/01/17 09:06:38.861 AM		INITIATIVE	                		Good3 initiative is 0 (4,3,8) (15)
12/01/17 09:06:38.877 AM		INITIATIVE	                		Good4 initiative is 0 (1,6) (7)
12/01/17 09:06:38.893 AM		INITIATIVE	                		Bad1 initiative is 0 (4,4) (8)
12/01/17 09:06:38.893 AM		INITIATIVE	                		Bad2 initiative is 0 (5,6) (11)
12/01/17 09:06:38.908 AM		INITIATIVE	                		Bad3 initiative is 0 (2,4,4) (10)
12/01/17 09:06:38.908 AM		INITIATIVE	                		Bad4 initiative is 0 (5,6) (11)
12/01/17 09:06:38.924 AM		INFO	                		Good1's turn.
12/01/17 09:06:57.815 AM		INFO	                		Good1 added to good guys.
12/01/17 09:06:57.835 AM		INFO	                		Ares Predator weapon added to Good1
12/01/17 09:06:57.842 AM		INFO	                		Fireball weapon added to Good1
12/01/17 09:06:57.847 AM		INFO	                		Fist weapon added to Good1
12/01/17 09:06:57.854 AM		INFO	                		Pistols skill added to Good1
12/01/17 09:06:57.856 AM		INFO	                		Good2 added to good guys.
12/01/17 09:06:57.856 AM		INFO	                		Fireball weapon added to Good2
12/01/17 09:06:57.858 AM		INFO	                		Fist weapon added to Good2
12/01/17 09:06:57.859 AM		INFO	                		Good3 added to good guys.
12/01/17 09:06:57.859 AM		INFO	                		Ares Predator weapon added to Good3
12/01/17 09:06:57.860 AM		INFO	                		Good4 added to good guys.
12/01/17 09:06:57.861 AM		INFO	                		Ares Predator weapon added to Good4
12/01/17 09:06:57.863 AM		INFO	                		Bad1 added to bad guys.
12/01/17 09:06:57.864 AM		INFO	                		Bad2 added to bad guys.
12/01/17 09:06:57.865 AM		INFO	                		Bad3 added to bad guys.
12/01/17 09:06:57.866 AM		INFO	                		Bad4 added to bad guys.
12/01/17 09:06:57.866 AM		INFO	                		Ares Predator weapon added to Bad1
12/01/17 09:06:57.867 AM		INFO	                		Ares Predator weapon added to Bad2
12/01/17 09:06:57.867 AM		INFO	                		Ares Predator weapon added to Bad3
12/01/17 09:06:57.868 AM		INFO	                		Ares Predator weapon added to Bad4
12/01/17 09:06:59.070 AM		INITIATIVE	                		Good1 initiative is 0 (5,2,5,4,15) (31)
12/01/17 09:06:59.101 AM		INITIATIVE	                		Good2 initiative is 0 (4,6) (10)
12/01/17 09:06:59.117 AM		INITIATIVE	                		Good3 initiative is 0 (2,1,8) (11)
12/01/17 09:06:59.132 AM		INITIATIVE	                		Good4 initiative is 0 (4,6) (10)
12/01/17 09:06:59.148 AM		INITIATIVE	                		Bad1 initiative is 0 (5,4) (9)
12/01/17 09:06:59.148 AM		INITIATIVE	                		Bad2 initiative is 0 (4,6) (10)
12/01/17 09:06:59.163 AM		INITIATIVE	                		Bad3 initiative is 0 (3,5,4) (12)
12/01/17 09:06:59.163 AM		INITIATIVE	                		Bad4 initiative is 0 (1,6) (7)
12/01/17 09:06:59.179 AM		INFO	                		Good1's turn.
12/01/17 09:07:07.924 AM		INFO	                		Good1 added to good guys.
12/01/17 09:07:07.950 AM		INFO	                		Ares Predator weapon added to Good1
12/01/17 09:07:07.963 AM		INFO	                		Fireball weapon added to Good1
12/01/17 09:07:07.998 AM		INFO	                		Fist weapon added to Good1
12/01/17 09:07:08.001 AM		INFO	                		Pistols skill added to Good1
12/01/17 09:07:08.002 AM		INFO	                		Good2 added to good guys.
12/01/17 09:07:08.003 AM		INFO	                		Fireball weapon added to Good2
12/01/17 09:07:08.004 AM		INFO	                		Fist weapon added to Good2
12/01/17 09:07:08.005 AM		INFO	                		Good3 added to good guys.
12/01/17 09:07:08.006 AM		INFO	                		Ares Predator weapon added to Good3
12/01/17 09:07:08.008 AM		INFO	                		Good4 added to good guys.
12/01/17 09:07:08.009 AM		INFO	                		Ares Predator weapon added to Good4
12/01/17 09:07:08.011 AM		INFO	                		Bad1 added to bad guys.
12/01/17 09:07:08.012 AM		INFO	                		Bad2 added to bad guys.
12/01/17 09:07:08.014 AM		INFO	                		Bad3 added to bad guys.
12/01/17 09:07:08.015 AM		INFO	                		Bad4 added to bad guys.
12/01/17 09:07:08.016 AM		INFO	                		Ares Predator weapon added to Bad1
12/01/17 09:07:08.017 AM		INFO	                		Ares Predator weapon added to Bad2
12/01/17 09:07:08.017 AM		INFO	                		Ares Predator weapon added to Bad3
12/01/17 09:07:08.018 AM		INFO	                		Ares Predator weapon added to Bad4
12/01/17 09:07:09.063 AM		INITIATIVE	                		Good1 initiative is 0 (1,3,5,1,15) (25)
12/01/17 09:07:09.079 AM		INITIATIVE	                		Good2 initiative is 0 (4,6) (10)
12/01/17 09:07:09.094 AM		INITIATIVE	                		Good3 initiative is 0 (1,4,8) (13)
12/01/17 09:07:09.110 AM		INITIATIVE	                		Good4 initiative is 0 (3,6) (9)
12/01/17 09:07:09.126 AM		INITIATIVE	                		Bad1 initiative is 0 (1,4) (5)
12/01/17 09:07:09.126 AM		INITIATIVE	                		Bad2 initiative is 0 (2,6) (8)
12/01/17 09:07:09.141 AM		INITIATIVE	                		Bad3 initiative is 0 (5,1,4) (10)
12/01/17 09:07:09.141 AM		INITIATIVE	                		Bad4 initiative is 0 (3,6) (9)
12/01/17 09:07:09.157 AM		INFO	                		Good1's turn.
12/01/17 09:07:20.049 AM		INFO	                		Good1 added to good guys.
12/01/17 09:07:20.084 AM		INFO	                		Ares Predator weapon added to Good1
12/01/17 09:07:20.091 AM		INFO	                		Fireball weapon added to Good1
12/01/17 09:07:20.096 AM		INFO	                		Fist weapon added to Good1
12/01/17 09:07:20.098 AM		INFO	                		Pistols skill added to Good1
12/01/17 09:07:20.102 AM		INFO	                		Good2 added to good guys.
12/01/17 09:07:20.102 AM		INFO	                		Fireball weapon added to Good2
12/01/17 09:07:20.104 AM		INFO	                		Fist weapon added to Good2
12/01/17 09:07:20.105 AM		INFO	                		Good3 added to good guys.
12/01/17 09:07:20.106 AM		INFO	                		Ares Predator weapon added to Good3
12/01/17 09:07:20.107 AM		INFO	                		Good4 added to good guys.
12/01/17 09:07:20.108 AM		INFO	                		Ares Predator weapon added to Good4
12/01/17 09:07:20.109 AM		INFO	                		Bad1 added to bad guys.
12/01/17 09:07:20.111 AM		INFO	                		Bad2 added to bad guys.
12/01/17 09:07:20.115 AM		INFO	                		Bad3 added to bad guys.
12/01/17 09:07:20.117 AM		INFO	                		Bad4 added to bad guys.
12/01/17 09:07:20.117 AM		INFO	                		Ares Predator weapon added to Bad1
12/01/17 09:07:20.118 AM		INFO	                		Ares Predator weapon added to Bad2
12/01/17 09:07:20.119 AM		INFO	                		Ares Predator weapon added to Bad3
12/01/17 09:07:20.119 AM		INFO	                		Ares Predator weapon added to Bad4
12/01/17 09:07:21.483 AM		INITIATIVE	                		Good1 initiative is 0 (1,5,2,3,15) (26)
12/01/17 09:07:21.499 AM		INITIATIVE	                		Good2 initiative is 0 (4,6) (10)
12/01/17 09:07:21.499 AM		INITIATIVE	                		Good3 initiative is 0 (2,1,8) (11)
12/01/17 09:07:21.514 AM		INITIATIVE	                		Good4 initiative is 0 (5,6) (11)
12/01/17 09:07:21.530 AM		INITIATIVE	                		Bad1 initiative is 0 (2,4) (6)
12/01/17 09:07:21.530 AM		INITIATIVE	                		Bad2 initiative is 0 (1,6) (7)
12/01/17 09:07:21.530 AM		INITIATIVE	                		Bad3 initiative is 0 (5,2,4) (11)
12/01/17 09:07:21.545 AM		INITIATIVE	                		Bad4 initiative is 0 (4,6) (10)
12/01/17 09:07:21.545 AM		INFO	                		Good1's turn.
12/01/17 09:07:41.229 AM		INFO	                		Good1 added to good guys.
12/01/17 09:07:41.254 AM		INFO	                		Ares Predator weapon added to Good1
12/01/17 09:07:41.264 AM		INFO	                		Fireball weapon added to Good1
12/01/17 09:07:41.271 AM		INFO	                		Fist weapon added to Good1
12/01/17 09:07:41.274 AM		INFO	                		Pistols skill added to Good1
12/01/17 09:07:41.275 AM		INFO	                		Good2 added to good guys.
12/01/17 09:07:41.276 AM		INFO	                		Fireball weapon added to Good2
12/01/17 09:07:41.276 AM		INFO	                		Fist weapon added to Good2
12/01/17 09:07:41.278 AM		INFO	                		Good3 added to good guys.
12/01/17 09:07:41.278 AM		INFO	                		Ares Predator weapon added to Good3
12/01/17 09:07:41.280 AM		INFO	                		Good4 added to good guys.
12/01/17 09:07:41.281 AM		INFO	                		Ares Predator weapon added to Good4
12/01/17 09:07:41.284 AM		INFO	                		Bad1 added to bad guys.
12/01/17 09:07:41.286 AM		INFO	                		Bad2 added to bad guys.
12/01/17 09:07:41.287 AM		INFO	                		Bad3 added to bad guys.
12/01/17 09:07:41.288 AM		INFO	                		Bad4 added to bad guys.
12/01/17 09:07:41.289 AM		INFO	                		Ares Predator weapon added to Bad1
12/01/17 09:07:41.289 AM		INFO	                		Ares Predator weapon added to Bad2
12/01/17 09:07:41.290 AM		INFO	                		Ares Predator weapon added to Bad3
12/01/17 09:07:41.291 AM		INFO	                		Ares Predator weapon added to Bad4
12/01/17 09:07:42.493 AM		INITIATIVE	                		Good1 initiative is 0 (2,4,4,4,15) (29)
12/01/17 09:07:42.508 AM		INITIATIVE	                		Good2 initiative is 0 (2,6) (8)
12/01/17 09:07:42.524 AM		INITIATIVE	                		Good3 initiative is 0 (3,4,8) (15)
12/01/17 09:07:42.539 AM		INITIATIVE	                		Good4 initiative is 0 (2,6) (8)
12/01/17 09:07:42.555 AM		INITIATIVE	                		Bad1 initiative is 0 (1,4) (5)
12/01/17 09:07:42.571 AM		INITIATIVE	                		Bad2 initiative is 0 (1,6) (7)
12/01/17 09:07:42.586 AM		INITIATIVE	                		Bad3 initiative is 0 (3,1,4) (8)
12/01/17 09:07:42.586 AM		INITIATIVE	                		Bad4 initiative is 0 (4,6) (10)
12/01/17 09:07:42.602 AM		INFO	                		Good1's turn.
12/01/17 09:07:51.231 AM		INFO	                		Good1 added to good guys.
12/01/17 09:07:51.248 AM		INFO	                		Ares Predator weapon added to Good1
12/01/17 09:07:51.254 AM		INFO	                		Fireball weapon added to Good1
12/01/17 09:07:51.261 AM		INFO	                		Fist weapon added to Good1
12/01/17 09:07:51.268 AM		INFO	                		Pistols skill added to Good1
12/01/17 09:07:51.269 AM		INFO	                		Good2 added to good guys.
12/01/17 09:07:51.270 AM		INFO	                		Fireball weapon added to Good2
12/01/17 09:07:51.271 AM		INFO	                		Fist weapon added to Good2
12/01/17 09:07:51.272 AM		INFO	                		Good3 added to good guys.
12/01/17 09:07:51.273 AM		INFO	                		Ares Predator weapon added to Good3
12/01/17 09:07:51.274 AM		INFO	                		Good4 added to good guys.
12/01/17 09:07:51.275 AM		INFO	                		Ares Predator weapon added to Good4
12/01/17 09:07:51.276 AM		INFO	                		Bad1 added to bad guys.
12/01/17 09:07:51.278 AM		INFO	                		Bad2 added to bad guys.
12/01/17 09:07:51.279 AM		INFO	                		Bad3 added to bad guys.
12/01/17 09:07:51.280 AM		INFO	                		Bad4 added to bad guys.
12/01/17 09:07:51.281 AM		INFO	                		Ares Predator weapon added to Bad1
12/01/17 09:07:51.281 AM		INFO	                		Ares Predator weapon added to Bad2
12/01/17 09:07:51.282 AM		INFO	                		Ares Predator weapon added to Bad3
12/01/17 09:07:51.283 AM		INFO	                		Ares Predator weapon added to Bad4
12/01/17 09:07:53.009 AM		INITIATIVE	                		Good1 initiative is 0 (1,4,5,5,15) (30)
12/01/17 09:07:53.024 AM		INITIATIVE	                		Good2 initiative is 0 (1,6) (7)
12/01/17 09:07:53.040 AM		INITIATIVE	                		Good3 initiative is 0 (4,3,8) (15)
12/01/17 09:07:53.040 AM		INITIATIVE	                		Good4 initiative is 0 (1,6) (7)
12/01/17 09:07:53.056 AM		INITIATIVE	                		Bad1 initiative is 0 (5,4) (9)
12/01/17 09:07:53.056 AM		INITIATIVE	                		Bad2 initiative is 0 (1,6) (7)
12/01/17 09:07:53.071 AM		INITIATIVE	                		Bad3 initiative is 0 (3,4,4) (11)
12/01/17 09:07:53.071 AM		INITIATIVE	                		Bad4 initiative is 0 (3,6) (9)
12/01/17 09:07:53.087 AM		INFO	                		Good1's turn.
12/01/17 09:08:00.154 AM		INFO	                		Good1 added to good guys.
12/01/17 09:08:00.180 AM		INFO	                		Ares Predator weapon added to Good1
12/01/17 09:08:00.185 AM		INFO	                		Fireball weapon added to Good1
12/01/17 09:08:00.191 AM		INFO	                		Fist weapon added to Good1
12/01/17 09:08:00.193 AM		INFO	                		Pistols skill added to Good1
12/01/17 09:08:00.194 AM		INFO	                		Good2 added to good guys.
12/01/17 09:08:00.195 AM		INFO	                		Fireball weapon added to Good2
12/01/17 09:08:00.195 AM		INFO	                		Fist weapon added to Good2
12/01/17 09:08:00.197 AM		INFO	                		Good3 added to good guys.
12/01/17 09:08:00.198 AM		INFO	                		Ares Predator weapon added to Good3
12/01/17 09:08:00.199 AM		INFO	                		Good4 added to good guys.
12/01/17 09:08:00.199 AM		INFO	                		Ares Predator weapon added to Good4
12/01/17 09:08:00.201 AM		INFO	                		Bad1 added to bad guys.
12/01/17 09:08:00.202 AM		INFO	                		Bad2 added to bad guys.
12/01/17 09:08:00.203 AM		INFO	                		Bad3 added to bad guys.
12/01/17 09:08:00.204 AM		INFO	                		Bad4 added to bad guys.
12/01/17 09:08:00.205 AM		INFO	                		Ares Predator weapon added to Bad1
12/01/17 09:08:00.206 AM		INFO	                		Ares Predator weapon added to Bad2
12/01/17 09:08:00.206 AM		INFO	                		Ares Predator weapon added to Bad3
12/01/17 09:08:00.207 AM		INFO	                		Ares Predator weapon added to Bad4
12/01/17 09:08:01.893 AM		INITIATIVE	                		Good1 initiative is 0 (1,1,1,2,15) (20)
12/01/17 09:08:01.908 AM		INITIATIVE	                		Good2 initiative is 0 (3,6) (9)
12/01/17 09:08:01.924 AM		INITIATIVE	                		Good3 initiative is 0 (2,3,8) (13)
12/01/17 09:08:01.940 AM		INITIATIVE	                		Good4 initiative is 0 (1,6) (7)
12/01/17 09:08:01.940 AM		INITIATIVE	                		Bad1 initiative is 0 (5,4) (9)
12/01/17 09:08:01.955 AM		INITIATIVE	                		Bad2 initiative is 0 (1,6) (7)
12/01/17 09:08:01.955 AM		INITIATIVE	                		Bad3 initiative is 0 (4,2,4) (10)
12/01/17 09:08:01.971 AM		INITIATIVE	                		Bad4 initiative is 0 (3,6) (9)
12/01/17 09:08:01.971 AM		INFO	                		Good1's turn.
12/01/17 09:08:08.866 AM		INFO	                		Good1 added to good guys.
12/01/17 09:08:08.899 AM		INFO	                		Ares Predator weapon added to Good1
12/01/17 09:08:08.904 AM		INFO	                		Fireball weapon added to Good1
12/01/17 09:08:08.910 AM		INFO	                		Fist weapon added to Good1
12/01/17 09:08:08.912 AM		INFO	                		Pistols skill added to Good1
12/01/17 09:08:08.913 AM		INFO	                		Good2 added to good guys.
12/01/17 09:08:08.914 AM		INFO	                		Fireball weapon added to Good2
12/01/17 09:08:08.915 AM		INFO	                		Fist weapon added to Good2
12/01/17 09:08:08.916 AM		INFO	                		Good3 added to good guys.
12/01/17 09:08:08.917 AM		INFO	                		Ares Predator weapon added to Good3
12/01/17 09:08:08.918 AM		INFO	                		Good4 added to good guys.
12/01/17 09:08:08.919 AM		INFO	                		Ares Predator weapon added to Good4
12/01/17 09:08:08.920 AM		INFO	                		Bad1 added to bad guys.
12/01/17 09:08:08.922 AM		INFO	                		Bad2 added to bad guys.
12/01/17 09:08:08.923 AM		INFO	                		Bad3 added to bad guys.
12/01/17 09:08:08.924 AM		INFO	                		Bad4 added to bad guys.
12/01/17 09:08:08.925 AM		INFO	                		Ares Predator weapon added to Bad1
12/01/17 09:08:08.925 AM		INFO	                		Ares Predator weapon added to Bad2
12/01/17 09:08:08.926 AM		INFO	                		Ares Predator weapon added to Bad3
12/01/17 09:08:08.927 AM		INFO	                		Ares Predator weapon added to Bad4
12/01/17 09:08:11.331 AM		INITIATIVE	                		Good1 initiative is 0 (2,4,5,1,15) (27)
12/01/17 09:08:11.347 AM		INITIATIVE	                		Good2 initiative is 0 (1,6) (7)
12/01/17 09:08:11.363 AM		INITIATIVE	                		Good3 initiative is 0 (1,4,8) (13)
12/01/17 09:08:11.363 AM		INITIATIVE	                		Good4 initiative is 0 (3,6) (9)
12/01/17 09:08:11.378 AM		INITIATIVE	                		Bad1 initiative is 0 (4,4) (8)
12/01/17 09:08:11.378 AM		INITIATIVE	                		Bad2 initiative is 0 (4,6) (10)
12/01/17 09:08:11.394 AM		INITIATIVE	                		Bad3 initiative is 0 (4,3,4) (11)
12/01/17 09:08:11.394 AM		INITIATIVE	                		Bad4 initiative is 0 (2,6) (8)
12/01/17 09:08:11.409 AM		INFO	                		Good1's turn.
12/01/17 09:08:25.104 AM		INFO	                		Good1 added to good guys.
12/01/17 09:08:25.123 AM		INFO	                		Ares Predator weapon added to Good1
12/01/17 09:08:25.130 AM		INFO	                		Fireball weapon added to Good1
12/01/17 09:08:25.134 AM		INFO	                		Fist weapon added to Good1
12/01/17 09:08:25.141 AM		INFO	                		Pistols skill added to Good1
12/01/17 09:08:25.143 AM		INFO	                		Good2 added to good guys.
12/01/17 09:08:25.144 AM		INFO	                		Fireball weapon added to Good2
12/01/17 09:08:25.145 AM		INFO	                		Fist weapon added to Good2
12/01/17 09:08:25.146 AM		INFO	                		Good3 added to good guys.
12/01/17 09:08:25.147 AM		INFO	                		Ares Predator weapon added to Good3
12/01/17 09:08:25.148 AM		INFO	                		Good4 added to good guys.
12/01/17 09:08:25.149 AM		INFO	                		Ares Predator weapon added to Good4
12/01/17 09:08:25.150 AM		INFO	                		Bad1 added to bad guys.
12/01/17 09:08:25.151 AM		INFO	                		Bad2 added to bad guys.
12/01/17 09:08:25.152 AM		INFO	                		Bad3 added to bad guys.
12/01/17 09:08:25.153 AM		INFO	                		Bad4 added to bad guys.
12/01/17 09:08:25.154 AM		INFO	                		Ares Predator weapon added to Bad1
12/01/17 09:08:25.155 AM		INFO	                		Ares Predator weapon added to Bad2
12/01/17 09:08:25.156 AM		INFO	                		Ares Predator weapon added to Bad3
12/01/17 09:08:25.157 AM		INFO	                		Ares Predator weapon added to Bad4
12/01/17 09:08:26.451 AM		INITIATIVE	                		Good1 initiative is 0 (4,4,5,5,15) (33)
12/01/17 09:08:26.466 AM		INITIATIVE	                		Good2 initiative is 0 (1,6) (7)
12/01/17 09:08:26.482 AM		INITIATIVE	                		Good3 initiative is 0 (5,4,8) (17)
12/01/17 09:08:26.482 AM		INITIATIVE	                		Good4 initiative is 0 (5,6) (11)
12/01/17 09:08:26.498 AM		INITIATIVE	                		Bad1 initiative is 0 (5,4) (9)
12/01/17 09:08:26.513 AM		INITIATIVE	                		Bad2 initiative is 0 (4,6) (10)
12/01/17 09:08:26.513 AM		INITIATIVE	                		Bad3 initiative is 0 (5,1,4) (10)
12/01/17 09:08:26.529 AM		INITIATIVE	                		Bad4 initiative is 0 (4,6) (10)
12/01/17 09:08:26.529 AM		INFO	                		Good1's turn.
12/01/17 09:08:40.258 AM		INFO	                		Good1 added to good guys.
12/01/17 09:08:40.277 AM		INFO	                		Ares Predator weapon added to Good1
12/01/17 09:08:40.285 AM		INFO	                		Fireball weapon added to Good1
12/01/17 09:08:40.290 AM		INFO	                		Fist weapon added to Good1
12/01/17 09:08:40.310 AM		INFO	                		Pistols skill added to Good1
12/01/17 09:08:40.311 AM		INFO	                		Good2 added to good guys.
12/01/17 09:08:40.312 AM		INFO	                		Fireball weapon added to Good2
12/01/17 09:08:40.313 AM		INFO	                		Fist weapon added to Good2
12/01/17 09:08:40.314 AM		INFO	                		Good3 added to good guys.
12/01/17 09:08:40.314 AM		INFO	                		Ares Predator weapon added to Good3
12/01/17 09:08:40.316 AM		INFO	                		Good4 added to good guys.
12/01/17 09:08:40.316 AM		INFO	                		Ares Predator weapon added to Good4
12/01/17 09:08:40.318 AM		INFO	                		Bad1 added to bad guys.
12/01/17 09:08:40.325 AM		INFO	                		Bad2 added to bad guys.
12/01/17 09:08:40.327 AM		INFO	                		Bad3 added to bad guys.
12/01/17 09:08:40.328 AM		INFO	                		Bad4 added to bad guys.
12/01/17 09:08:40.329 AM		INFO	                		Ares Predator weapon added to Bad1
12/01/17 09:08:40.329 AM		INFO	                		Ares Predator weapon added to Bad2
12/01/17 09:08:40.333 AM		INFO	                		Ares Predator weapon added to Bad3
12/01/17 09:08:40.333 AM		INFO	                		Ares Predator weapon added to Bad4
12/01/17 09:08:41.228 AM		INITIATIVE	                		Good1 initiative is 0 (4,1,2,3,15) (25)
12/01/17 09:08:41.262 AM		INITIATIVE	                		Good2 initiative is 0 (1,6) (7)
12/01/17 09:08:41.277 AM		INITIATIVE	                		Good3 initiative is 0 (5,5,8) (18)
12/01/17 09:08:41.308 AM		INITIATIVE	                		Good4 initiative is 0 (2,6) (8)
12/01/17 09:08:41.308 AM		INITIATIVE	                		Bad1 initiative is 0 (3,4) (7)
12/01/17 09:08:41.324 AM		INITIATIVE	                		Bad2 initiative is 0 (1,6) (7)
12/01/17 09:08:41.324 AM		INITIATIVE	                		Bad3 initiative is 0 (3,1,4) (8)
12/01/17 09:08:41.340 AM		INITIATIVE	                		Bad4 initiative is 0 (3,6) (9)
12/01/17 09:08:41.340 AM		INFO	                		Good1's turn.
12/01/17 09:10:56.937 AM		INFO	                		Good1 added to good guys.
12/01/17 09:10:56.957 AM		INFO	                		Ares Predator weapon added to Good1
12/01/17 09:10:56.965 AM		INFO	                		Fireball weapon added to Good1
12/01/17 09:10:56.970 AM		INFO	                		Fist weapon added to Good1
12/01/17 09:10:56.976 AM		INFO	                		Pistols skill added to Good1
12/01/17 09:10:56.979 AM		INFO	                		Good2 added to good guys.
12/01/17 09:10:56.982 AM		INFO	                		Fireball weapon added to Good2
12/01/17 09:10:56.983 AM		INFO	                		Fist weapon added to Good2
12/01/17 09:10:56.995 AM		INFO	                		Good3 added to good guys.
12/01/17 09:10:56.996 AM		INFO	                		Ares Predator weapon added to Good3
12/01/17 09:10:56.997 AM		INFO	                		Good4 added to good guys.
12/01/17 09:10:56.998 AM		INFO	                		Ares Predator weapon added to Good4
12/01/17 09:10:57.000 AM		INFO	                		Bad1 added to bad guys.
12/01/17 09:10:57.001 AM		INFO	                		Bad2 added to bad guys.
12/01/17 09:10:57.002 AM		INFO	                		Bad3 added to bad guys.
12/01/17 09:10:57.003 AM		INFO	                		Bad4 added to bad guys.
12/01/17 09:10:57.004 AM		INFO	                		Ares Predator weapon added to Bad1
12/01/17 09:10:57.004 AM		INFO	                		Ares Predator weapon added to Bad2
12/01/17 09:10:57.005 AM		INFO	                		Ares Predator weapon added to Bad3
12/01/17 09:10:57.006 AM		INFO	                		Ares Predator weapon added to Bad4
12/01/17 09:10:59.350 AM		INITIATIVE	                		Good1 initiative is 0 (2,2,3,3,15) (25)
12/01/17 09:10:59.365 AM		INITIATIVE	                		Good2 initiative is 0 (2,6) (8)
12/01/17 09:10:59.381 AM		INITIATIVE	                		Good3 initiative is 0 (2,4,8) (14)
12/01/17 09:10:59.381 AM		INITIATIVE	                		Good4 initiative is 0 (3,6) (9)
12/01/17 09:10:59.397 AM		INITIATIVE	                		Bad1 initiative is 0 (3,4) (7)
12/01/17 09:10:59.397 AM		INITIATIVE	                		Bad2 initiative is 0 (2,6) (8)
12/01/17 09:10:59.412 AM		INITIATIVE	                		Bad3 initiative is 0 (1,2,4) (7)
12/01/17 09:10:59.412 AM		INITIATIVE	                		Bad4 initiative is 0 (2,6) (8)
12/01/17 09:10:59.428 AM		INFO	                		Good1's turn.
12/01/17 09:11:33.114 AM		INFO	                		Good1 added to good guys.
12/01/17 09:11:33.145 AM		INFO	                		Ares Predator weapon added to Good1
12/01/17 09:11:33.160 AM		INFO	                		Fireball weapon added to Good1
12/01/17 09:11:33.160 AM		INFO	                		Fist weapon added to Good1
12/01/17 09:11:33.160 AM		INFO	                		Pistols skill added to Good1
12/01/17 09:11:33.160 AM		INFO	                		Good2 added to good guys.
12/01/17 09:11:33.176 AM		INFO	                		Fireball weapon added to Good2
12/01/17 09:11:33.176 AM		INFO	                		Fist weapon added to Good2
12/01/17 09:11:33.176 AM		INFO	                		Good3 added to good guys.
12/01/17 09:11:33.176 AM		INFO	                		Ares Predator weapon added to Good3
12/01/17 09:11:33.176 AM		INFO	                		Good4 added to good guys.
12/01/17 09:11:33.176 AM		INFO	                		Ares Predator weapon added to Good4
12/01/17 09:11:33.176 AM		INFO	                		Bad1 added to bad guys.
12/01/17 09:11:33.176 AM		INFO	                		Bad2 added to bad guys.
12/01/17 09:11:33.176 AM		INFO	                		Bad3 added to bad guys.
12/01/17 09:11:33.176 AM		INFO	                		Bad4 added to bad guys.
12/01/17 09:11:33.176 AM		INFO	                		Ares Predator weapon added to Bad1
12/01/17 09:11:33.176 AM		INFO	                		Ares Predator weapon added to Bad2
12/01/17 09:11:33.176 AM		INFO	                		Ares Predator weapon added to Bad3
12/01/17 09:11:33.176 AM		INFO	                		Ares Predator weapon added to Bad4
12/01/17 09:11:35.105 AM		INITIATIVE	                		Good1 initiative is 0 (2,4,3,2,15) (26)
12/01/17 09:11:35.120 AM		INITIATIVE	                		Good2 initiative is 0 (4,6) (10)
12/01/17 09:11:35.136 AM		INITIATIVE	                		Good3 initiative is 0 (3,3,8) (14)
12/01/17 09:11:35.152 AM		INITIATIVE	                		Good4 initiative is 0 (4,6) (10)
12/01/17 09:11:35.152 AM		INITIATIVE	                		Bad1 initiative is 0 (2,4) (6)
12/01/17 09:11:35.167 AM		INITIATIVE	                		Bad2 initiative is 0 (2,6) (8)
12/01/17 09:11:35.167 AM		INITIATIVE	                		Bad3 initiative is 0 (4,3,4) (11)
12/01/17 09:11:35.183 AM		INITIATIVE	                		Bad4 initiative is 0 (4,6) (10)
12/01/17 09:12:29.615 AM		INFO	                		Good1 added to good guys.
12/01/17 09:12:29.631 AM		INFO	                		Ares Predator weapon added to Good1
12/01/17 09:12:29.646 AM		INFO	                		Fireball weapon added to Good1
12/01/17 09:12:29.646 AM		INFO	                		Fist weapon added to Good1
12/01/17 09:12:29.646 AM		INFO	                		Pistols skill added to Good1
12/01/17 09:12:29.646 AM		INFO	                		Good2 added to good guys.
12/01/17 09:12:29.646 AM		INFO	                		Fireball weapon added to Good2
12/01/17 09:12:29.646 AM		INFO	                		Fist weapon added to Good2
12/01/17 09:12:29.646 AM		INFO	                		Good3 added to good guys.
12/01/17 09:12:29.646 AM		INFO	                		Ares Predator weapon added to Good3
12/01/17 09:12:29.646 AM		INFO	                		Good4 added to good guys.
12/01/17 09:12:29.662 AM		INFO	                		Ares Predator weapon added to Good4
12/01/17 09:12:29.662 AM		INFO	                		Bad1 added to bad guys.
12/01/17 09:12:29.662 AM		INFO	                		Bad2 added to bad guys.
12/01/17 09:12:29.662 AM		INFO	                		Bad3 added to bad guys.
12/01/17 09:12:29.662 AM		INFO	                		Bad4 added to bad guys.
12/01/17 09:12:29.662 AM		INFO	                		Ares Predator weapon added to Bad1
12/01/17 09:12:29.662 AM		INFO	                		Ares Predator weapon added to Bad2
12/01/17 09:12:29.662 AM		INFO	                		Ares Predator weapon added to Bad3
12/01/17 09:12:29.662 AM		INFO	                		Ares Predator weapon added to Bad4
12/01/17 09:13:06.463 AM		INFO	                		Good1 added to good guys.
12/01/17 09:13:54.490 AM		INFO	                		Ares Predator weapon added to Good1
12/01/17 09:13:54.490 AM		INFO	                		Fireball weapon added to Good1
12/01/17 09:13:54.490 AM		INFO	                		Fist weapon added to Good1
12/01/17 09:13:54.506 AM		INFO	                		Pistols skill added to Good1
12/01/17 09:13:54.506 AM		INFO	                		Good2 added to good guys.
12/01/17 09:13:54.506 AM		INFO	                		Fireball weapon added to Good2
12/01/17 09:13:54.506 AM		INFO	                		Fist weapon added to Good2
12/01/17 09:13:54.506 AM		INFO	                		Good3 added to good guys.
12/01/17 09:13:54.506 AM		INFO	                		Ares Predator weapon added to Good3
12/01/17 09:13:54.506 AM		INFO	                		Good4 added to good guys.
12/01/17 09:13:54.506 AM		INFO	                		Ares Predator weapon added to Good4
12/01/17 09:13:54.506 AM		INFO	                		Bad1 added to bad guys.
12/01/17 09:13:54.506 AM		INFO	                		Bad2 added to bad guys.
12/01/17 09:13:54.506 AM		INFO	                		Bad3 added to bad guys.
12/01/17 09:13:54.506 AM		INFO	                		Bad4 added to bad guys.
12/01/17 09:13:54.506 AM		INFO	                		Ares Predator weapon added to Bad1
12/01/17 09:13:54.506 AM		INFO	                		Ares Predator weapon added to Bad2
12/01/17 09:13:54.521 AM		INFO	                		Ares Predator weapon added to Bad3
12/01/17 09:13:54.521 AM		INFO	                		Ares Predator weapon added to Bad4
12/01/17 09:13:56.986 AM		INITIATIVE	                		Good1 initiative is 0 (3,5,5,2,15) (30)
12/01/17 09:13:57.017 AM		INITIATIVE	                		Good2 initiative is 0 (5,6) (11)
12/01/17 09:13:57.017 AM		INITIATIVE	                		Good3 initiative is 0 (4,1,8) (13)
12/01/17 09:13:57.033 AM		INITIATIVE	                		Good4 initiative is 0 (1,6) (7)
12/01/17 09:13:57.049 AM		INITIATIVE	                		Bad1 initiative is 0 (3,4) (7)
12/01/17 09:13:57.049 AM		INITIATIVE	                		Bad2 initiative is 0 (5,6) (11)
12/01/17 09:13:57.064 AM		INITIATIVE	                		Bad3 initiative is 0 (1,4,4) (9)
12/01/17 09:13:57.064 AM		INITIATIVE	                		Bad4 initiative is 0 (3,6) (9)
12/01/17 09:14:00.075 AM		INFO	                		Good1's turn.
12/01/17 09:16:29.536 AM		INFO	                		Good1 added to good guys.
12/01/17 09:16:29.598 AM		INFO	                		Ares Predator weapon added to Good1
12/01/17 09:16:29.598 AM		INFO	                		Fireball weapon added to Good1
12/01/17 09:16:29.598 AM		INFO	                		Fist weapon added to Good1
12/01/17 09:16:29.614 AM		INFO	                		Pistols skill added to Good1
12/01/17 09:16:29.614 AM		INFO	                		Good2 added to good guys.
12/01/17 09:16:29.614 AM		INFO	                		Fireball weapon added to Good2
12/01/17 09:16:29.614 AM		INFO	                		Fist weapon added to Good2
12/01/17 09:16:29.614 AM		INFO	                		Good3 added to good guys.
12/01/17 09:16:29.614 AM		INFO	                		Ares Predator weapon added to Good3
12/01/17 09:16:29.614 AM		INFO	                		Good4 added to good guys.
12/01/17 09:16:29.614 AM		INFO	                		Ares Predator weapon added to Good4
12/01/17 09:16:29.614 AM		INFO	                		Bad1 added to bad guys.
12/01/17 09:16:29.614 AM		INFO	                		Bad2 added to bad guys.
12/01/17 09:16:29.614 AM		INFO	                		Bad3 added to bad guys.
12/01/17 09:16:29.614 AM		INFO	                		Bad4 added to bad guys.
12/01/17 09:16:29.614 AM		INFO	                		Ares Predator weapon added to Bad1
12/01/17 09:16:29.614 AM		INFO	                		Ares Predator weapon added to Bad2
12/01/17 09:16:29.614 AM		INFO	                		Ares Predator weapon added to Bad3
12/01/17 09:16:29.614 AM		INFO	                		Ares Predator weapon added to Bad4
12/01/17 09:16:31.659 AM		INITIATIVE	                		Good1 initiative is 0 (2,4,4,1,15) (26)
12/01/17 09:16:31.659 AM		INITIATIVE	                		Good2 initiative is 0 (1,6) (7)
12/01/17 09:16:31.674 AM		INITIATIVE	                		Good3 initiative is 0 (5,1,8) (14)
12/01/17 09:16:31.690 AM		INITIATIVE	                		Good4 initiative is 0 (2,6) (8)
12/01/17 09:16:31.690 AM		INITIATIVE	                		Bad1 initiative is 0 (3,4) (7)
12/01/17 09:16:31.705 AM		INITIATIVE	                		Bad2 initiative is 0 (3,6) (9)
12/01/17 09:16:31.721 AM		INITIATIVE	                		Bad3 initiative is 0 (1,1,4) (6)
12/01/17 09:16:31.721 AM		INITIATIVE	                		Bad4 initiative is 0 (5,6) (11)
12/01/17 09:16:31.737 AM		INFO	                		Good1's turn.
12/01/17 09:16:52.791 AM		INFO	                		Good1 added to good guys.
12/01/17 09:16:52.806 AM		INFO	                		Ares Predator weapon added to Good1
12/01/17 09:16:52.806 AM		INFO	                		Fireball weapon added to Good1
12/01/17 09:16:52.822 AM		INFO	                		Fist weapon added to Good1
12/01/17 09:16:52.822 AM		INFO	                		Pistols skill added to Good1
12/01/17 09:16:52.822 AM		INFO	                		Good2 added to good guys.
12/01/17 09:16:52.822 AM		INFO	                		Fireball weapon added to Good2
12/01/17 09:16:52.822 AM		INFO	                		Fist weapon added to Good2
12/01/17 09:16:52.822 AM		INFO	                		Good3 added to good guys.
12/01/17 09:16:52.822 AM		INFO	                		Ares Predator weapon added to Good3
12/01/17 09:16:52.822 AM		INFO	                		Good4 added to good guys.
12/01/17 09:16:52.822 AM		INFO	                		Ares Predator weapon added to Good4
12/01/17 09:16:52.822 AM		INFO	                		Bad1 added to bad guys.
12/01/17 09:16:52.822 AM		INFO	                		Bad2 added to bad guys.
12/01/17 09:16:52.822 AM		INFO	                		Bad3 added to bad guys.
12/01/17 09:16:52.822 AM		INFO	                		Bad4 added to bad guys.
12/01/17 09:16:52.838 AM		INFO	                		Ares Predator weapon added to Bad1
12/01/17 09:16:52.838 AM		INFO	                		Ares Predator weapon added to Bad2
12/01/17 09:16:52.838 AM		INFO	                		Ares Predator weapon added to Bad3
12/01/17 09:16:52.838 AM		INFO	                		Ares Predator weapon added to Bad4
12/01/17 09:16:54.068 AM		INITIATIVE	                		Good1 initiative is 0 (3,2,5,5,15) (30)
12/01/17 09:16:54.068 AM		INITIATIVE	                		Good2 initiative is 0 (1,6) (7)
12/01/17 09:16:54.084 AM		INITIATIVE	                		Good3 initiative is 0 (1,1,8) (10)
12/01/17 09:16:54.084 AM		INITIATIVE	                		Good4 initiative is 0 (3,6) (9)
12/01/17 09:16:54.099 AM		INITIATIVE	                		Bad1 initiative is 0 (4,4) (8)
12/01/17 09:16:54.099 AM		INITIATIVE	                		Bad2 initiative is 0 (5,6) (11)
12/01/17 09:16:54.115 AM		INITIATIVE	                		Bad3 initiative is 0 (3,3,4) (10)
12/01/17 09:16:54.115 AM		INITIATIVE	                		Bad4 initiative is 0 (3,6) (9)
12/01/17 09:18:13.842 AM		INFO	                		Good1's turn.
12/01/17 09:19:08.597 AM		INFO	                		Good1 added to good guys.
12/01/17 09:19:08.614 AM		INFO	                		Ares Predator weapon added to Good1
12/01/17 09:19:08.615 AM		INFO	                		Fireball weapon added to Good1
12/01/17 09:19:08.616 AM		INFO	                		Fist weapon added to Good1
12/01/17 09:19:08.618 AM		INFO	                		Pistols skill added to Good1
12/01/17 09:19:08.618 AM		INFO	                		Spellcasting skill added to Good1
12/01/17 09:19:08.620 AM		INFO	                		Unarmed Combat skill added to Good1
12/01/17 09:19:08.621 AM		INFO	                		Good2 added to good guys.
12/01/17 09:19:08.622 AM		INFO	                		Fireball weapon added to Good2
12/01/17 09:19:08.623 AM		INFO	                		Fist weapon added to Good2
12/01/17 09:19:08.624 AM		INFO	                		Good3 added to good guys.
12/01/17 09:19:08.625 AM		INFO	                		Ares Predator weapon added to Good3
12/01/17 09:19:08.626 AM		INFO	                		Good4 added to good guys.
12/01/17 09:19:08.627 AM		INFO	                		Ares Predator weapon added to Good4
12/01/17 09:19:08.628 AM		INFO	                		Bad1 added to bad guys.
12/01/17 09:19:08.629 AM		INFO	                		Bad2 added to bad guys.
12/01/17 09:19:08.630 AM		INFO	                		Bad3 added to bad guys.
12/01/17 09:19:08.631 AM		INFO	                		Bad4 added to bad guys.
12/01/17 09:19:08.632 AM		INFO	                		Ares Predator weapon added to Bad1
12/01/17 09:19:08.633 AM		INFO	                		Ares Predator weapon added to Bad2
12/01/17 09:19:08.633 AM		INFO	                		Ares Predator weapon added to Bad3
12/01/17 09:19:08.634 AM		INFO	                		Ares Predator weapon added to Bad4
12/01/17 09:19:10.088 AM		INITIATIVE	                		Good1 initiative is 0 (4,3,5,5,15) (32)
12/01/17 09:19:10.120 AM		INITIATIVE	                		Good2 initiative is 0 (2,6) (8)
12/01/17 09:19:10.120 AM		INITIATIVE	                		Good3 initiative is 0 (5,5,8) (18)
12/01/17 09:19:10.135 AM		INITIATIVE	                		Good4 initiative is 0 (3,6) (9)
12/01/17 09:19:10.151 AM		INITIATIVE	                		Bad1 initiative is 0 (3,4) (7)
12/01/17 09:19:10.151 AM		INITIATIVE	                		Bad2 initiative is 0 (3,6) (9)
12/01/17 09:19:10.151 AM		INITIATIVE	                		Bad3 initiative is 0 (1,4,4) (9)
12/01/17 09:19:10.166 AM		INITIATIVE	                		Bad4 initiative is 0 (2,6) (8)
12/01/17 09:19:10.166 AM		INFO	                		Good1's turn.
12/01/17 09:19:56.222 AM		INFO	                		Good1 added to good guys.
12/01/17 09:19:56.238 AM		INFO	                		Ares Predator weapon added to Good1
12/01/17 09:19:56.253 AM		INFO	                		Fireball weapon added to Good1
12/01/17 09:19:56.253 AM		INFO	                		Fist weapon added to Good1
12/01/17 09:19:56.253 AM		INFO	                		Pistols skill added to Good1
12/01/17 09:19:56.253 AM		INFO	                		Spellcasting skill added to Good1
12/01/17 09:19:56.253 AM		INFO	                		Unarmed Combat skill added to Good1
12/01/17 09:19:56.253 AM		INFO	                		Good2 added to good guys.
12/01/17 09:19:56.253 AM		INFO	                		Fireball weapon added to Good2
12/01/17 09:19:56.253 AM		INFO	                		Fist weapon added to Good2
12/01/17 09:19:56.253 AM		INFO	                		Good3 added to good guys.
12/01/17 09:19:56.253 AM		INFO	                		Ares Predator weapon added to Good3
12/01/17 09:19:56.253 AM		INFO	                		Good4 added to good guys.
12/01/17 09:19:56.253 AM		INFO	                		Ares Predator weapon added to Good4
12/01/17 09:19:56.253 AM		INFO	                		Bad1 added to bad guys.
12/01/17 09:19:56.253 AM		INFO	                		Bad2 added to bad guys.
12/01/17 09:19:56.253 AM		INFO	                		Bad3 added to bad guys.
12/01/17 09:19:56.253 AM		INFO	                		Bad4 added to bad guys.
12/01/17 09:19:56.269 AM		INFO	                		Ares Predator weapon added to Bad1
12/01/17 09:19:56.269 AM		INFO	                		Ares Predator weapon added to Bad2
12/01/17 09:19:56.269 AM		INFO	                		Ares Predator weapon added to Bad3
12/01/17 09:19:56.269 AM		INFO	                		Ares Predator weapon added to Bad4
12/01/17 09:19:57.668 AM		INITIATIVE	                		Good1 initiative is 0 (4,2,4,3,15) (28)
12/01/17 09:19:57.668 AM		INITIATIVE	                		Good2 initiative is 0 (1,6) (7)
12/01/17 09:19:57.683 AM		INITIATIVE	                		Good3 initiative is 0 (5,3,8) (16)
12/01/17 09:19:57.699 AM		INITIATIVE	                		Good4 initiative is 0 (4,6) (10)
12/01/17 09:19:57.699 AM		INITIATIVE	                		Bad1 initiative is 0 (5,4) (9)
12/01/17 09:19:57.715 AM		INITIATIVE	                		Bad2 initiative is 0 (4,6) (10)
12/01/17 09:19:57.715 AM		INITIATIVE	                		Bad3 initiative is 0 (4,1,4) (9)
12/01/17 09:19:57.715 AM		INITIATIVE	                		Bad4 initiative is 0 (1,6) (7)
12/01/17 09:34:04.210 AM		INFO	                		Good1 added to good guys.
12/01/17 09:34:04.229 AM		INFO	                		Ares Predator weapon added to Good1
12/01/17 09:34:04.238 AM		INFO	                		Fireball weapon added to Good1
12/01/17 09:34:04.243 AM		INFO	                		Fist weapon added to Good1
12/01/17 09:34:04.252 AM		INFO	                		Pistols skill added to Good1
12/01/17 09:34:04.253 AM		INFO	                		Spellcasting skill added to Good1
12/01/17 09:34:04.254 AM		INFO	                		Unarmed Combat skill added to Good1
12/01/17 09:34:04.255 AM		INFO	                		Good2 added to good guys.
12/01/17 09:34:04.256 AM		INFO	                		Fireball weapon added to Good2
12/01/17 09:34:04.256 AM		INFO	                		Fist weapon added to Good2
12/01/17 09:34:04.258 AM		INFO	                		Good3 added to good guys.
12/01/17 09:34:04.258 AM		INFO	                		Ares Predator weapon added to Good3
12/01/17 09:34:04.259 AM		INFO	                		Good4 added to good guys.
12/01/17 09:34:04.260 AM		INFO	                		Ares Predator weapon added to Good4
12/01/17 09:34:04.262 AM		INFO	                		Bad1 added to bad guys.
12/01/17 09:34:04.267 AM		INFO	                		Bad2 added to bad guys.
12/01/17 09:34:04.269 AM		INFO	                		Bad3 added to bad guys.
12/01/17 09:34:04.270 AM		INFO	                		Bad4 added to bad guys.
12/01/17 09:34:04.270 AM		INFO	                		Ares Predator weapon added to Bad1
12/01/17 09:34:04.271 AM		INFO	                		Ares Predator weapon added to Bad2
12/01/17 09:34:04.272 AM		INFO	                		Ares Predator weapon added to Bad3
12/01/17 09:34:04.273 AM		INFO	                		Ares Predator weapon added to Bad4
12/01/17 09:34:06.568 AM		INITIATIVE	                		Good1 initiative is 0 (4,2,4,2,15) (27)
12/01/17 09:34:06.584 AM		INITIATIVE	                		Good2 initiative is 0 (4,6) (10)
12/01/17 09:34:06.599 AM		INITIATIVE	                		Good3 initiative is 0 (3,2,8) (13)
12/01/17 09:34:06.615 AM		INITIATIVE	                		Good4 initiative is 0 (4,6) (10)
12/01/17 09:34:06.615 AM		INITIATIVE	                		Bad1 initiative is 0 (2,4) (6)
12/01/17 09:34:06.615 AM		INITIATIVE	                		Bad2 initiative is 0 (2,6) (8)
12/01/17 09:34:06.631 AM		INITIATIVE	                		Bad3 initiative is 0 (3,2,4) (9)
12/01/17 09:34:06.631 AM		INITIATIVE	                		Bad4 initiative is 0 (2,6) (8)
12/01/17 09:34:10.791 AM		INFO	                		Good1's turn.
12/01/17 09:34:48.472 AM		INFO	                		Good1 added to good guys.
12/01/17 09:34:48.486 AM		INFO	                		Ares Predator weapon added to Good1
12/01/17 09:34:48.493 AM		INFO	                		Fireball weapon added to Good1
12/01/17 09:34:48.501 AM		INFO	                		Fist weapon added to Good1
12/01/17 09:34:48.508 AM		INFO	                		Pistols skill added to Good1
12/01/17 09:34:48.509 AM		INFO	                		Spellcasting skill added to Good1
12/01/17 09:34:48.510 AM		INFO	                		Unarmed Combat skill added to Good1
12/01/17 09:34:48.511 AM		INFO	                		Good2 added to good guys.
12/01/17 09:34:48.512 AM		INFO	                		Fireball weapon added to Good2
12/01/17 09:34:48.513 AM		INFO	                		Fist weapon added to Good2
12/01/17 09:34:48.517 AM		INFO	                		Good3 added to good guys.
12/01/17 09:34:48.517 AM		INFO	                		Ares Predator weapon added to Good3
12/01/17 09:34:48.519 AM		INFO	                		Good4 added to good guys.
12/01/17 09:34:48.520 AM		INFO	                		Ares Predator weapon added to Good4
12/01/17 09:34:48.522 AM		INFO	                		Bad1 added to bad guys.
12/01/17 09:34:48.524 AM		INFO	                		Bad2 added to bad guys.
12/01/17 09:34:48.525 AM		INFO	                		Bad3 added to bad guys.
12/01/17 09:34:48.527 AM		INFO	                		Bad4 added to bad guys.
12/01/17 09:34:48.529 AM		INFO	                		Ares Predator weapon added to Bad1
12/01/17 09:34:48.530 AM		INFO	                		Ares Predator weapon added to Bad2
12/01/17 09:34:48.531 AM		INFO	                		Ares Predator weapon added to Bad3
12/01/17 09:34:48.532 AM		INFO	                		Ares Predator weapon added to Bad4
12/01/17 09:34:49.446 AM		INITIATIVE	                		Good1 initiative is 0 (5,3,4,5,15) (32)
12/01/17 09:34:49.461 AM		INITIATIVE	                		Good2 initiative is 0 (4,6) (10)
12/01/17 09:34:49.477 AM		INITIATIVE	                		Good3 initiative is 0 (4,1,8) (13)
12/01/17 09:34:49.492 AM		INITIATIVE	                		Good4 initiative is 0 (2,6) (8)
12/01/17 09:34:49.508 AM		INITIATIVE	                		Bad1 initiative is 0 (5,4) (9)
12/01/17 09:34:49.524 AM		INITIATIVE	                		Bad2 initiative is 0 (1,6) (7)
12/01/17 09:34:49.539 AM		INITIATIVE	                		Bad3 initiative is 0 (2,2,4) (8)
12/01/17 09:34:49.555 AM		INITIATIVE	                		Bad4 initiative is 0 (3,6) (9)
12/01/17 09:34:49.555 AM		INFO	                		Good1's turn.
12/01/17 09:35:14.198 AM		INFO	                		Good1 added to good guys.
12/01/17 09:35:14.223 AM		INFO	                		Ares Predator weapon added to Good1
12/01/17 09:35:14.231 AM		INFO	                		Fireball weapon added to Good1
12/01/17 09:35:14.236 AM		INFO	                		Fist weapon added to Good1
12/01/17 09:35:14.238 AM		INFO	                		Pistols skill added to Good1
12/01/17 09:35:14.240 AM		INFO	                		Spellcasting skill added to Good1
12/01/17 09:35:14.241 AM		INFO	                		Unarmed Combat skill added to Good1
12/01/17 09:35:14.242 AM		INFO	                		Good2 added to good guys.
12/01/17 09:35:14.244 AM		INFO	                		Fireball weapon added to Good2
12/01/17 09:35:14.245 AM		INFO	                		Fist weapon added to Good2
12/01/17 09:35:14.247 AM		INFO	                		Good3 added to good guys.
12/01/17 09:35:14.252 AM		INFO	                		Ares Predator weapon added to Good3
12/01/17 09:35:14.253 AM		INFO	                		Good4 added to good guys.
12/01/17 09:35:14.254 AM		INFO	                		Ares Predator weapon added to Good4
12/01/17 09:35:14.256 AM		INFO	                		Bad1 added to bad guys.
12/01/17 09:35:14.257 AM		INFO	                		Bad2 added to bad guys.
12/01/17 09:35:14.258 AM		INFO	                		Bad3 added to bad guys.
12/01/17 09:35:14.259 AM		INFO	                		Bad4 added to bad guys.
12/01/17 09:35:14.261 AM		INFO	                		Ares Predator weapon added to Bad1
12/01/17 09:35:14.262 AM		INFO	                		Ares Predator weapon added to Bad2
12/01/17 09:35:14.264 AM		INFO	                		Ares Predator weapon added to Bad3
12/01/17 09:35:14.264 AM		INFO	                		Ares Predator weapon added to Bad4
12/01/17 09:35:16.220 AM		INITIATIVE	                		Good1 initiative is 0 (5,4,3,2,15) (29)
12/01/17 09:35:16.236 AM		INITIATIVE	                		Good2 initiative is 0 (4,6) (10)
12/01/17 09:35:16.251 AM		INITIATIVE	                		Good3 initiative is 0 (5,3,8) (16)
12/01/17 09:35:16.267 AM		INITIATIVE	                		Good4 initiative is 0 (3,6) (9)
12/01/17 09:35:16.267 AM		INITIATIVE	                		Bad1 initiative is 0 (4,4) (8)
12/01/17 09:35:16.282 AM		INITIATIVE	                		Bad2 initiative is 0 (4,6) (10)
12/01/17 09:35:16.282 AM		INITIATIVE	                		Bad3 initiative is 0 (4,3,4) (11)
12/01/17 09:35:16.298 AM		INITIATIVE	                		Bad4 initiative is 0 (4,6) (10)
12/01/17 09:36:38.801 AM		INFO	                		Good1 added to good guys.
12/01/17 09:36:38.827 AM		INFO	                		Ares Predator weapon added to Good1
12/01/17 09:36:38.835 AM		INFO	                		Fireball weapon added to Good1
12/01/17 09:36:38.840 AM		INFO	                		Fist weapon added to Good1
12/01/17 09:36:38.842 AM		INFO	                		Pistols skill added to Good1
12/01/17 09:36:38.843 AM		INFO	                		Spellcasting skill added to Good1
12/01/17 09:36:38.844 AM		INFO	                		Unarmed Combat skill added to Good1
12/01/17 09:36:38.845 AM		INFO	                		Good2 added to good guys.
12/01/17 09:36:38.845 AM		INFO	                		Fireball weapon added to Good2
12/01/17 09:36:38.851 AM		INFO	                		Fist weapon added to Good2
12/01/17 09:36:38.852 AM		INFO	                		Good3 added to good guys.
12/01/17 09:36:38.853 AM		INFO	                		Ares Predator weapon added to Good3
12/01/17 09:36:38.854 AM		INFO	                		Good4 added to good guys.
12/01/17 09:36:38.855 AM		INFO	                		Ares Predator weapon added to Good4
12/01/17 09:36:38.857 AM		INFO	                		Bad1 added to bad guys.
12/01/17 09:36:38.858 AM		INFO	                		Bad2 added to bad guys.
12/01/17 09:36:38.860 AM		INFO	                		Bad3 added to bad guys.
12/01/17 09:36:38.861 AM		INFO	                		Bad4 added to bad guys.
12/01/17 09:36:38.862 AM		INFO	                		Ares Predator weapon added to Bad1
12/01/17 09:36:38.862 AM		INFO	                		Ares Predator weapon added to Bad2
12/01/17 09:36:38.863 AM		INFO	                		Ares Predator weapon added to Bad3
12/01/17 09:36:38.864 AM		INFO	                		Ares Predator weapon added to Bad4
12/01/17 09:36:40.239 AM		INITIATIVE	                		Good1 initiative is 0 (3,5,1,4,15) (28)
12/01/17 09:36:40.255 AM		INITIATIVE	                		Good2 initiative is 0 (4,6) (10)
12/01/17 09:36:40.270 AM		INITIATIVE	                		Good3 initiative is 0 (3,2,8) (13)
12/01/17 09:36:40.270 AM		INITIATIVE	                		Good4 initiative is 0 (5,6) (11)
12/01/17 09:36:40.286 AM		INITIATIVE	                		Bad1 initiative is 0 (4,4) (8)
12/01/17 09:36:40.301 AM		INITIATIVE	                		Bad2 initiative is 0 (5,6) (11)
12/01/17 09:36:40.301 AM		INITIATIVE	                		Bad3 initiative is 0 (1,1,4) (6)
12/01/17 09:36:40.317 AM		INITIATIVE	                		Bad4 initiative is 0 (4,6) (10)
12/01/17 09:36:46.923 AM		INFO	                		Good1's turn.
12/01/17 09:37:06.658 AM		INFO	                		Good1 added to good guys.
12/01/17 09:37:06.673 AM		INFO	                		Ares Predator weapon added to Good1
12/01/17 09:37:06.689 AM		INFO	                		Fireball weapon added to Good1
12/01/17 09:37:06.689 AM		INFO	                		Fist weapon added to Good1
12/01/17 09:37:06.689 AM		INFO	                		Pistols skill added to Good1
12/01/17 09:37:06.705 AM		INFO	                		Spellcasting skill added to Good1
12/01/17 09:37:06.705 AM		INFO	                		Unarmed Combat skill added to Good1
12/01/17 09:37:06.705 AM		INFO	                		Good2 added to good guys.
12/01/17 09:37:06.705 AM		INFO	                		Fireball weapon added to Good2
12/01/17 09:37:06.705 AM		INFO	                		Fist weapon added to Good2
12/01/17 09:37:06.705 AM		INFO	                		Good3 added to good guys.
12/01/17 09:37:06.705 AM		INFO	                		Ares Predator weapon added to Good3
12/01/17 09:37:06.705 AM		INFO	                		Good4 added to good guys.
12/01/17 09:37:06.705 AM		INFO	                		Ares Predator weapon added to Good4
12/01/17 09:37:06.705 AM		INFO	                		Bad1 added to bad guys.
12/01/17 09:37:06.705 AM		INFO	                		Bad2 added to bad guys.
12/01/17 09:37:06.705 AM		INFO	                		Bad3 added to bad guys.
12/01/17 09:37:06.705 AM		INFO	                		Bad4 added to bad guys.
12/01/17 09:37:06.720 AM		INFO	                		Ares Predator weapon added to Bad1
12/01/17 09:37:06.720 AM		INFO	                		Ares Predator weapon added to Bad2
12/01/17 09:37:06.720 AM		INFO	                		Ares Predator weapon added to Bad3
12/01/17 09:37:06.720 AM		INFO	                		Ares Predator weapon added to Bad4
12/01/17 09:37:09.034 AM		INITIATIVE	                		Good1 initiative is 0 (2,5,3,2,15) (27)
12/01/17 09:37:09.034 AM		INITIATIVE	                		Good2 initiative is 0 (4,6) (10)
12/01/17 09:37:09.049 AM		INITIATIVE	                		Good3 initiative is 0 (5,3,8) (16)
12/01/17 09:37:09.065 AM		INITIATIVE	                		Good4 initiative is 0 (3,6) (9)
12/01/17 09:37:09.065 AM		INITIATIVE	                		Bad1 initiative is 0 (3,4) (7)
12/01/17 09:37:09.081 AM		INITIATIVE	                		Bad2 initiative is 0 (1,6) (7)
12/01/17 09:37:09.081 AM		INITIATIVE	                		Bad3 initiative is 0 (3,1,4) (8)
12/01/17 09:37:09.096 AM		INITIATIVE	                		Bad4 initiative is 0 (5,6) (11)
12/01/17 09:37:09.096 AM		INFO	                		Good1's turn.
12/01/17 09:38:36.993 AM		INFO	                		Good1 added to good guys.
12/01/17 09:38:37.019 AM		INFO	                		Ares Predator weapon added to Good1
12/01/17 09:38:37.026 AM		INFO	                		Fireball weapon added to Good1
12/01/17 09:38:37.031 AM		INFO	                		Fist weapon added to Good1
12/01/17 09:38:37.034 AM		INFO	                		Pistols skill added to Good1
12/01/17 09:38:37.035 AM		INFO	                		Spellcasting skill added to Good1
12/01/17 09:38:37.035 AM		INFO	                		Unarmed Combat skill added to Good1
12/01/17 09:38:37.037 AM		INFO	                		Good2 added to good guys.
12/01/17 09:38:37.038 AM		INFO	                		Fireball weapon added to Good2
12/01/17 09:38:37.039 AM		INFO	                		Fist weapon added to Good2
12/01/17 09:38:37.041 AM		INFO	                		Good3 added to good guys.
12/01/17 09:38:37.042 AM		INFO	                		Ares Predator weapon added to Good3
12/01/17 09:38:37.044 AM		INFO	                		Good4 added to good guys.
12/01/17 09:38:37.045 AM		INFO	                		Ares Predator weapon added to Good4
12/01/17 09:38:37.047 AM		INFO	                		Bad1 added to bad guys.
12/01/17 09:38:37.050 AM		INFO	                		Bad2 added to bad guys.
12/01/17 09:38:37.051 AM		INFO	                		Bad3 added to bad guys.
12/01/17 09:38:37.055 AM		INFO	                		Bad4 added to bad guys.
12/01/17 09:38:37.056 AM		INFO	                		Ares Predator weapon added to Bad1
12/01/17 09:38:37.057 AM		INFO	                		Ares Predator weapon added to Bad2
12/01/17 09:38:37.058 AM		INFO	                		Ares Predator weapon added to Bad3
12/01/17 09:38:37.058 AM		INFO	                		Ares Predator weapon added to Bad4
12/01/17 09:38:38.083 AM		INITIATIVE	                		Good1 initiative is 0 (4,2,5,2,15) (28)
12/01/17 09:38:38.098 AM		INITIATIVE	                		Good2 initiative is 0 (1,6) (7)
12/01/17 09:38:38.114 AM		INITIATIVE	                		Good3 initiative is 0 (2,4,8) (14)
12/01/17 09:38:38.130 AM		INITIATIVE	                		Good4 initiative is 0 (5,6) (11)
12/01/17 09:38:38.130 AM		INITIATIVE	                		Bad1 initiative is 0 (5,4) (9)
12/01/17 09:38:38.145 AM		INITIATIVE	                		Bad2 initiative is 0 (3,6) (9)
12/01/17 09:38:38.161 AM		INITIATIVE	                		Bad3 initiative is 0 (4,5,4) (13)
12/01/17 09:38:38.161 AM		INITIATIVE	                		Bad4 initiative is 0 (5,6) (11)
12/01/17 09:38:38.176 AM		INFO	                		Good1's turn.
