12/07/17 09:02:29.909 AM		INFO	                		Good1 added to good guys.
12/07/17 09:02:29.966 AM		INFO	                		Ares Predator weapon added to Good1
12/07/17 09:02:30.054 AM		INFO	                		Fireball weapon added to Good1
12/07/17 09:02:30.054 AM		INFO	                		Fist weapon added to Good1
12/07/17 09:02:30.055 AM		INFO	                		Pistols skill added to Good1
12/07/17 09:02:30.056 AM		INFO	                		Spellcasting skill added to Good1
12/07/17 09:02:30.056 AM		INFO	                		Unarmed Combat skill added to Good1
12/07/17 09:02:30.057 AM		INFO	                		Good2 added to good guys.
12/07/17 09:02:30.058 AM		INFO	                		Fireball weapon added to Good2
12/07/17 09:02:30.058 AM		INFO	                		Fist weapon added to Good2
12/07/17 09:02:30.059 AM		INFO	                		Good3 added to good guys.
12/07/17 09:02:30.059 AM		INFO	                		Ares Predator weapon added to Good3
12/07/17 09:02:30.060 AM		INFO	                		Good4 added to good guys.
12/07/17 09:02:30.061 AM		INFO	                		Ares Predator weapon added to Good4
12/07/17 09:02:30.062 AM		INFO	                		Bad1 added to bad guys.
12/07/17 09:02:30.063 AM		INFO	                		Bad2 added to bad guys.
12/07/17 09:02:30.063 AM		INFO	                		Bad3 added to bad guys.
12/07/17 09:02:30.064 AM		INFO	                		Bad4 added to bad guys.
12/07/17 09:02:30.064 AM		INFO	                		Ares Predator weapon added to Bad1
12/07/17 09:02:30.065 AM		INFO	                		Ares Predator weapon added to Bad2
12/07/17 09:02:30.065 AM		INFO	                		Ares Predator weapon added to Bad3
12/07/17 09:02:30.066 AM		INFO	                		Ares Predator weapon added to Bad4
12/07/17 09:02:30.066 AM		INFO	                		Pistols skill added to Bad1
12/07/17 09:03:33.721 AM		INFO	                		Good1 added to good guys.
12/07/17 09:03:33.740 AM		INFO	                		Ares Predator weapon added to Good1
12/07/17 09:03:33.744 AM		INFO	                		Fireball weapon added to Good1
12/07/17 09:03:33.748 AM		INFO	                		Fist weapon added to Good1
12/07/17 09:03:33.752 AM		INFO	                		Pistols skill added to Good1
12/07/17 09:03:33.753 AM		INFO	                		Spellcasting skill added to Good1
12/07/17 09:03:33.754 AM		INFO	                		Unarmed Combat skill added to Good1
12/07/17 09:03:33.755 AM		INFO	                		Good2 added to good guys.
12/07/17 09:03:33.757 AM		INFO	                		Fireball weapon added to Good2
12/07/17 09:03:33.758 AM		INFO	                		Fist weapon added to Good2
12/07/17 09:03:33.759 AM		INFO	                		Good3 added to good guys.
12/07/17 09:03:33.759 AM		INFO	                		Ares Predator weapon added to Good3
12/07/17 09:03:33.761 AM		INFO	                		Good4 added to good guys.
12/07/17 09:03:33.762 AM		INFO	                		Ares Predator weapon added to Good4
12/07/17 09:03:33.765 AM		INFO	                		Bad1 added to bad guys.
12/07/17 09:03:33.767 AM		INFO	                		Bad2 added to bad guys.
12/07/17 09:03:33.768 AM		INFO	                		Bad3 added to bad guys.
12/07/17 09:03:33.770 AM		INFO	                		Bad4 added to bad guys.
12/07/17 09:03:33.771 AM		INFO	                		Ares Predator weapon added to Bad1
12/07/17 09:03:33.772 AM		INFO	                		Ares Predator weapon added to Bad2
12/07/17 09:03:33.772 AM		INFO	                		Ares Predator weapon added to Bad3
12/07/17 09:03:33.773 AM		INFO	                		Ares Predator weapon added to Bad4
12/07/17 09:03:33.774 AM		INFO	                		Pistols skill added to Bad1
12/07/17 09:05:35.179 AM		INFO	                		Good1 added to good guys.
12/07/17 09:05:35.191 AM		INFO	                		Ares Predator weapon added to Good1
12/07/17 09:05:35.221 AM		INFO	                		Fireball weapon added to Good1
12/07/17 09:05:35.226 AM		INFO	                		Fist weapon added to Good1
12/07/17 09:05:35.232 AM		INFO	                		Pistols skill added to Good1
12/07/17 09:05:35.233 AM		INFO	                		Spellcasting skill added to Good1
12/07/17 09:05:35.234 AM		INFO	                		Unarmed Combat skill added to Good1
12/07/17 09:05:35.235 AM		INFO	                		Good2 added to good guys.
12/07/17 09:05:35.235 AM		INFO	                		Fireball weapon added to Good2
12/07/17 09:05:35.236 AM		INFO	                		Fist weapon added to Good2
12/07/17 09:05:35.237 AM		INFO	                		Good3 added to good guys.
12/07/17 09:05:35.240 AM		INFO	                		Ares Predator weapon added to Good3
12/07/17 09:05:35.242 AM		INFO	                		Good4 added to good guys.
12/07/17 09:05:35.243 AM		INFO	                		Ares Predator weapon added to Good4
12/07/17 09:05:35.244 AM		INFO	                		Bad1 added to bad guys.
12/07/17 09:05:35.246 AM		INFO	                		Bad2 added to bad guys.
12/07/17 09:05:35.248 AM		INFO	                		Bad3 added to bad guys.
12/07/17 09:05:35.249 AM		INFO	                		Bad4 added to bad guys.
12/07/17 09:05:35.250 AM		INFO	                		Ares Predator weapon added to Bad1
12/07/17 09:05:35.250 AM		INFO	                		Ares Predator weapon added to Bad2
12/07/17 09:05:35.251 AM		INFO	                		Ares Predator weapon added to Bad3
12/07/17 09:05:35.252 AM		INFO	                		Ares Predator weapon added to Bad4
12/07/17 09:05:35.252 AM		INFO	                		Pistols skill added to Bad1
12/07/17 09:07:17.223 AM		INFO	                		Good1 added to good guys.
12/07/17 09:07:17.246 AM		INFO	                		Ares Predator weapon added to Good1
12/07/17 09:07:17.251 AM		INFO	                		Fireball weapon added to Good1
12/07/17 09:07:17.256 AM		INFO	                		Fist weapon added to Good1
12/07/17 09:07:17.265 AM		INFO	                		Pistols skill added to Good1
12/07/17 09:07:17.266 AM		INFO	                		Spellcasting skill added to Good1
12/07/17 09:07:17.267 AM		INFO	                		Unarmed Combat skill added to Good1
12/07/17 09:07:17.268 AM		INFO	                		Good2 added to good guys.
12/07/17 09:07:17.271 AM		INFO	                		Fireball weapon added to Good2
12/07/17 09:07:17.272 AM		INFO	                		Fist weapon added to Good2
12/07/17 09:07:17.273 AM		INFO	                		Good3 added to good guys.
12/07/17 09:07:17.274 AM		INFO	                		Ares Predator weapon added to Good3
12/07/17 09:07:17.275 AM		INFO	                		Good4 added to good guys.
12/07/17 09:07:17.276 AM		INFO	                		Ares Predator weapon added to Good4
12/07/17 09:07:17.278 AM		INFO	                		Bad1 added to bad guys.
12/07/17 09:07:17.279 AM		INFO	                		Bad2 added to bad guys.
12/07/17 09:07:17.280 AM		INFO	                		Bad3 added to bad guys.
12/07/17 09:07:17.281 AM		INFO	                		Bad4 added to bad guys.
12/07/17 09:07:17.282 AM		INFO	                		Ares Predator weapon added to Bad1
12/07/17 09:07:17.283 AM		INFO	                		Ares Predator weapon added to Bad2
12/07/17 09:07:17.284 AM		INFO	                		Ares Predator weapon added to Bad3
12/07/17 09:07:17.284 AM		INFO	                		Ares Predator weapon added to Bad4
12/07/17 09:07:17.285 AM		INFO	                		Pistols skill added to Bad1
12/07/17 09:07:33.929 AM		INFO	                		Good1 added to good guys.
12/07/17 09:07:33.948 AM		INFO	                		Ares Predator weapon added to Good1
12/07/17 09:07:33.955 AM		INFO	                		Fireball weapon added to Good1
12/07/17 09:07:33.960 AM		INFO	                		Fist weapon added to Good1
12/07/17 09:07:33.969 AM		INFO	                		Pistols skill added to Good1
12/07/17 09:07:33.971 AM		INFO	                		Spellcasting skill added to Good1
12/07/17 09:07:33.972 AM		INFO	                		Unarmed Combat skill added to Good1
12/07/17 09:07:33.973 AM		INFO	                		Good2 added to good guys.
12/07/17 09:07:33.975 AM		INFO	                		Fireball weapon added to Good2
12/07/17 09:07:33.975 AM		INFO	                		Fist weapon added to Good2
12/07/17 09:07:33.977 AM		INFO	                		Good3 added to good guys.
12/07/17 09:07:33.977 AM		INFO	                		Ares Predator weapon added to Good3
12/07/17 09:07:33.978 AM		INFO	                		Good4 added to good guys.
12/07/17 09:07:33.979 AM		INFO	                		Ares Predator weapon added to Good4
12/07/17 09:07:33.981 AM		INFO	                		Bad1 added to bad guys.
12/07/17 09:07:33.982 AM		INFO	                		Bad2 added to bad guys.
12/07/17 09:07:33.982 AM		INFO	                		Bad3 added to bad guys.
12/07/17 09:07:33.983 AM		INFO	                		Bad4 added to bad guys.
12/07/17 09:07:33.989 AM		INFO	                		Ares Predator weapon added to Bad1
12/07/17 09:07:33.990 AM		INFO	                		Ares Predator weapon added to Bad2
12/07/17 09:07:33.991 AM		INFO	                		Ares Predator weapon added to Bad3
12/07/17 09:07:33.991 AM		INFO	                		Ares Predator weapon added to Bad4
12/07/17 09:07:33.992 AM		INFO	                		Pistols skill added to Bad1
12/07/17 09:09:09.361 AM		INFO	                		Good1 added to good guys.
12/07/17 09:09:09.382 AM		INFO	                		Ares Predator weapon added to Good1
12/07/17 09:09:09.389 AM		INFO	                		Fireball weapon added to Good1
12/07/17 09:09:09.396 AM		INFO	                		Fist weapon added to Good1
12/07/17 09:09:09.402 AM		INFO	                		Pistols skill added to Good1
12/07/17 09:09:09.403 AM		INFO	                		Spellcasting skill added to Good1
12/07/17 09:09:09.404 AM		INFO	                		Unarmed Combat skill added to Good1
12/07/17 09:09:09.405 AM		INFO	                		Good2 added to good guys.
12/07/17 09:09:09.405 AM		INFO	                		Fireball weapon added to Good2
12/07/17 09:09:09.406 AM		INFO	                		Fist weapon added to Good2
12/07/17 09:09:09.406 AM		INFO	                		Good3 added to good guys.
12/07/17 09:09:09.407 AM		INFO	                		Ares Predator weapon added to Good3
12/07/17 09:09:09.408 AM		INFO	                		Good4 added to good guys.
12/07/17 09:09:09.408 AM		INFO	                		Ares Predator weapon added to Good4
12/07/17 09:09:09.409 AM		INFO	                		Bad1 added to bad guys.
12/07/17 09:09:09.410 AM		INFO	                		Bad2 added to bad guys.
12/07/17 09:09:09.411 AM		INFO	                		Bad3 added to bad guys.
12/07/17 09:09:09.412 AM		INFO	                		Bad4 added to bad guys.
12/07/17 09:09:09.412 AM		INFO	                		Ares Predator weapon added to Bad1
12/07/17 09:09:09.413 AM		INFO	                		Ares Predator weapon added to Bad2
12/07/17 09:09:09.413 AM		INFO	                		Ares Predator weapon added to Bad3
12/07/17 09:09:09.413 AM		INFO	                		Ares Predator weapon added to Bad4
12/07/17 09:09:09.414 AM		INFO	                		Pistols skill added to Bad1
12/07/17 09:09:44.943 AM		INFO	                		Good1 added to good guys.
12/07/17 09:09:44.961 AM		INFO	                		Ares Predator weapon added to Good1
12/07/17 09:09:44.966 AM		INFO	                		Fireball weapon added to Good1
12/07/17 09:09:44.971 AM		INFO	                		Fist weapon added to Good1
12/07/17 09:09:44.972 AM		INFO	                		Pistols skill added to Good1
12/07/17 09:09:44.973 AM		INFO	                		Spellcasting skill added to Good1
12/07/17 09:09:44.974 AM		INFO	                		Unarmed Combat skill added to Good1
12/07/17 09:09:44.974 AM		INFO	                		Good2 added to good guys.
12/07/17 09:09:44.975 AM		INFO	                		Fireball weapon added to Good2
12/07/17 09:09:44.976 AM		INFO	                		Fist weapon added to Good2
12/07/17 09:09:44.977 AM		INFO	                		Good3 added to good guys.
12/07/17 09:09:44.977 AM		INFO	                		Ares Predator weapon added to Good3
12/07/17 09:09:44.978 AM		INFO	                		Good4 added to good guys.
12/07/17 09:09:44.979 AM		INFO	                		Ares Predator weapon added to Good4
12/07/17 09:09:44.980 AM		INFO	                		Bad1 added to bad guys.
12/07/17 09:09:44.981 AM		INFO	                		Bad2 added to bad guys.
12/07/17 09:09:44.982 AM		INFO	                		Bad3 added to bad guys.
12/07/17 09:09:44.983 AM		INFO	                		Bad4 added to bad guys.
12/07/17 09:09:44.983 AM		INFO	                		Ares Predator weapon added to Bad1
12/07/17 09:09:44.984 AM		INFO	                		Ares Predator weapon added to Bad2
12/07/17 09:09:44.984 AM		INFO	                		Ares Predator weapon added to Bad3
12/07/17 09:09:44.985 AM		INFO	                		Ares Predator weapon added to Bad4
12/07/17 09:09:44.985 AM		INFO	                		Pistols skill added to Bad1
12/07/17 09:10:17.201 AM		INFO	                		Good1 added to good guys.
12/07/17 09:10:17.228 AM		INFO	                		Ares Predator weapon added to Good1
12/07/17 09:10:17.235 AM		INFO	                		Fireball weapon added to Good1
12/07/17 09:10:17.242 AM		INFO	                		Fist weapon added to Good1
12/07/17 09:10:17.244 AM		INFO	                		Pistols skill added to Good1
12/07/17 09:10:17.245 AM		INFO	                		Spellcasting skill added to Good1
12/07/17 09:10:17.246 AM		INFO	                		Unarmed Combat skill added to Good1
12/07/17 09:10:17.247 AM		INFO	                		Good2 added to good guys.
12/07/17 09:10:17.248 AM		INFO	                		Fireball weapon added to Good2
12/07/17 09:10:17.249 AM		INFO	                		Fist weapon added to Good2
12/07/17 09:10:17.251 AM		INFO	                		Good3 added to good guys.
12/07/17 09:10:17.252 AM		INFO	                		Ares Predator weapon added to Good3
12/07/17 09:10:17.254 AM		INFO	                		Good4 added to good guys.
12/07/17 09:10:17.254 AM		INFO	                		Ares Predator weapon added to Good4
12/07/17 09:10:17.256 AM		INFO	                		Bad1 added to bad guys.
12/07/17 09:10:17.261 AM		INFO	                		Bad2 added to bad guys.
12/07/17 09:10:17.263 AM		INFO	                		Bad3 added to bad guys.
12/07/17 09:10:17.264 AM		INFO	                		Bad4 added to bad guys.
12/07/17 09:10:17.266 AM		INFO	                		Ares Predator weapon added to Bad1
12/07/17 09:10:17.266 AM		INFO	                		Ares Predator weapon added to Bad2
12/07/17 09:10:17.267 AM		INFO	                		Ares Predator weapon added to Bad3
12/07/17 09:10:17.268 AM		INFO	                		Ares Predator weapon added to Bad4
12/07/17 09:10:17.268 AM		INFO	                		Pistols skill added to Bad1
12/07/17 09:25:12.537 AM		INFO	                		Good1 added to good guys.
12/07/17 09:25:12.562 AM		INFO	                		Ares Predator weapon added to Good1
12/07/17 09:25:12.570 AM		INFO	                		Fireball weapon added to Good1
12/07/17 09:25:12.576 AM		INFO	                		Fist weapon added to Good1
12/07/17 09:25:12.578 AM		INFO	                		Pistols skill added to Good1
12/07/17 09:25:12.579 AM		INFO	                		Spellcasting skill added to Good1
12/07/17 09:25:12.580 AM		INFO	                		Unarmed Combat skill added to Good1
12/07/17 09:25:12.581 AM		INFO	                		Good2 added to good guys.
12/07/17 09:25:12.582 AM		INFO	                		Fireball weapon added to Good2
12/07/17 09:25:12.583 AM		INFO	                		Fist weapon added to Good2
12/07/17 09:25:12.584 AM		INFO	                		Good3 added to good guys.
12/07/17 09:25:12.584 AM		INFO	                		Ares Predator weapon added to Good3
12/07/17 09:25:12.585 AM		INFO	                		Good4 added to good guys.
12/07/17 09:25:12.586 AM		INFO	                		Ares Predator weapon added to Good4
12/07/17 09:25:12.588 AM		INFO	                		Bad1 added to bad guys.
12/07/17 09:25:12.589 AM		INFO	                		Bad2 added to bad guys.
12/07/17 09:25:12.590 AM		INFO	                		Bad3 added to bad guys.
12/07/17 09:25:12.591 AM		INFO	                		Bad4 added to bad guys.
12/07/17 09:25:12.591 AM		INFO	                		Ares Predator weapon added to Bad1
12/07/17 09:25:12.592 AM		INFO	                		Ares Predator weapon added to Bad2
12/07/17 09:25:12.592 AM		INFO	                		Ares Predator weapon added to Bad3
12/07/17 09:25:12.593 AM		INFO	                		Ares Predator weapon added to Bad4
12/07/17 09:25:12.594 AM		INFO	                		Pistols skill added to Bad1
12/07/17 09:25:14.585 AM		INITIATIVE	                		Good1 initiative is 0 (3,3,1,3,15) (25)
12/07/17 09:25:14.622 AM		INITIATIVE	                		Good2 initiative is 0 (3,6) (9)
12/07/17 09:25:14.638 AM		INITIATIVE	                		Good3 initiative is 0 (3,1,8) (12)
12/07/17 09:25:14.651 AM		INITIATIVE	                		Good4 initiative is 0 (3,6) (9)
12/07/17 09:25:14.658 AM		INITIATIVE	                		Bad1 initiative is 0 (4,4) (8)
12/07/17 09:25:14.668 AM		INITIATIVE	                		Bad2 initiative is 0 (3,6) (9)
12/07/17 09:25:14.674 AM		INITIATIVE	                		Bad3 initiative is 0 (5,3,4) (12)
12/07/17 09:25:14.682 AM		INITIATIVE	                		Bad4 initiative is 0 (5,6) (11)
12/07/17 09:25:14.693 AM		INFO	                		Good1's turn.
12/07/17 09:25:43.797 AM		INFO	                		Good1 added to good guys.
12/07/17 09:25:43.821 AM		INFO	                		Ares Predator weapon added to Good1
12/07/17 09:25:43.825 AM		INFO	                		Fireball weapon added to Good1
12/07/17 09:25:43.829 AM		INFO	                		Fist weapon added to Good1
12/07/17 09:25:43.834 AM		INFO	                		Pistols skill added to Good1
12/07/17 09:25:43.835 AM		INFO	                		Spellcasting skill added to Good1
12/07/17 09:25:43.836 AM		INFO	                		Unarmed Combat skill added to Good1
12/07/17 09:25:43.837 AM		INFO	                		Good2 added to good guys.
12/07/17 09:25:43.838 AM		INFO	                		Fireball weapon added to Good2
12/07/17 09:25:43.838 AM		INFO	                		Fist weapon added to Good2
12/07/17 09:25:43.839 AM		INFO	                		Good3 added to good guys.
12/07/17 09:25:43.841 AM		INFO	                		Ares Predator weapon added to Good3
12/07/17 09:25:43.842 AM		INFO	                		Good4 added to good guys.
12/07/17 09:25:43.842 AM		INFO	                		Ares Predator weapon added to Good4
12/07/17 09:25:43.844 AM		INFO	                		Bad1 added to bad guys.
12/07/17 09:25:43.845 AM		INFO	                		Bad2 added to bad guys.
12/07/17 09:25:43.846 AM		INFO	                		Bad3 added to bad guys.
12/07/17 09:25:43.847 AM		INFO	                		Bad4 added to bad guys.
12/07/17 09:25:43.848 AM		INFO	                		Ares Predator weapon added to Bad1
12/07/17 09:25:43.848 AM		INFO	                		Ares Predator weapon added to Bad2
12/07/17 09:25:43.849 AM		INFO	                		Ares Predator weapon added to Bad3
12/07/17 09:25:43.849 AM		INFO	                		Ares Predator weapon added to Bad4
12/07/17 09:25:43.850 AM		INFO	                		Pistols skill added to Bad1
12/07/17 09:25:45.409 AM		INITIATIVE	                		Good1 initiative is 0 (3,2,3,4,15) (27)
12/07/17 09:25:45.422 AM		INITIATIVE	                		Good2 initiative is 0 (1,6) (7)
12/07/17 09:25:45.432 AM		INITIATIVE	                		Good3 initiative is 0 (3,5,8) (16)
12/07/17 09:25:45.447 AM		INITIATIVE	                		Good4 initiative is 0 (3,6) (9)
12/07/17 09:25:45.459 AM		INITIATIVE	                		Bad1 initiative is 0 (1,4) (5)
12/07/17 09:25:45.465 AM		INITIATIVE	                		Bad2 initiative is 0 (2,6) (8)
12/07/17 09:25:45.473 AM		INITIATIVE	                		Bad3 initiative is 0 (5,4,4) (13)
12/07/17 09:25:45.479 AM		INITIATIVE	                		Bad4 initiative is 0 (5,6) (11)
12/07/17 09:25:45.489 AM		INFO	                		Good1's turn.
12/07/17 09:26:14.938 AM		INFO	                		Good1 added to good guys.
12/07/17 09:26:14.963 AM		INFO	                		Ares Predator weapon added to Good1
12/07/17 09:26:14.969 AM		INFO	                		Fireball weapon added to Good1
12/07/17 09:26:14.974 AM		INFO	                		Fist weapon added to Good1
12/07/17 09:26:14.977 AM		INFO	                		Pistols skill added to Good1
12/07/17 09:26:14.977 AM		INFO	                		Spellcasting skill added to Good1
12/07/17 09:26:14.978 AM		INFO	                		Unarmed Combat skill added to Good1
12/07/17 09:26:14.980 AM		INFO	                		Good2 added to good guys.
12/07/17 09:26:14.981 AM		INFO	                		Fireball weapon added to Good2
12/07/17 09:26:14.982 AM		INFO	                		Fist weapon added to Good2
12/07/17 09:26:14.984 AM		INFO	                		Good3 added to good guys.
12/07/17 09:26:14.985 AM		INFO	                		Ares Predator weapon added to Good3
12/07/17 09:26:14.987 AM		INFO	                		Good4 added to good guys.
12/07/17 09:26:14.987 AM		INFO	                		Ares Predator weapon added to Good4
12/07/17 09:26:14.989 AM		INFO	                		Bad1 added to bad guys.
12/07/17 09:26:14.991 AM		INFO	                		Bad2 added to bad guys.
12/07/17 09:26:14.992 AM		INFO	                		Bad3 added to bad guys.
12/07/17 09:26:14.993 AM		INFO	                		Bad4 added to bad guys.
12/07/17 09:26:14.994 AM		INFO	                		Ares Predator weapon added to Bad1
12/07/17 09:26:14.995 AM		INFO	                		Ares Predator weapon added to Bad2
12/07/17 09:26:14.996 AM		INFO	                		Ares Predator weapon added to Bad3
12/07/17 09:26:14.996 AM		INFO	                		Ares Predator weapon added to Bad4
12/07/17 09:26:14.997 AM		INFO	                		Pistols skill added to Bad1
12/07/17 09:26:16.434 AM		INITIATIVE	                		Good1 initiative is 0 (3,1,2,2,15) (23)
12/07/17 09:26:16.453 AM		INITIATIVE	                		Good2 initiative is 0 (1,6) (7)
12/07/17 09:26:16.473 AM		INITIATIVE	                		Good3 initiative is 0 (4,3,8) (15)
12/07/17 09:26:16.485 AM		INITIATIVE	                		Good4 initiative is 0 (2,6) (8)
12/07/17 09:26:16.494 AM		INITIATIVE	                		Bad1 initiative is 0 (5,4) (9)
12/07/17 09:26:16.501 AM		INITIATIVE	                		Bad2 initiative is 0 (2,6) (8)
12/07/17 09:26:16.508 AM		INITIATIVE	                		Bad3 initiative is 0 (1,1,4) (6)
12/07/17 09:26:16.515 AM		INITIATIVE	                		Bad4 initiative is 0 (4,6) (10)
12/07/17 09:26:16.524 AM		INFO	                		Good1's turn.
12/07/17 09:27:47.373 AM		INFO	                		Good1 added to good guys.
12/07/17 09:27:47.396 AM		INFO	                		Ares Predator weapon added to Good1
12/07/17 09:27:47.404 AM		INFO	                		Fireball weapon added to Good1
12/07/17 09:27:47.409 AM		INFO	                		Fist weapon added to Good1
12/07/17 09:27:47.411 AM		INFO	                		Pistols skill added to Good1
12/07/17 09:27:47.412 AM		INFO	                		Spellcasting skill added to Good1
12/07/17 09:27:47.413 AM		INFO	                		Unarmed Combat skill added to Good1
12/07/17 09:27:47.414 AM		INFO	                		Good2 added to good guys.
12/07/17 09:27:47.414 AM		INFO	                		Fireball weapon added to Good2
12/07/17 09:27:47.415 AM		INFO	                		Fist weapon added to Good2
12/07/17 09:27:47.416 AM		INFO	                		Good3 added to good guys.
12/07/17 09:27:47.416 AM		INFO	                		Ares Predator weapon added to Good3
12/07/17 09:27:47.417 AM		INFO	                		Good4 added to good guys.
12/07/17 09:27:47.418 AM		INFO	                		Ares Predator weapon added to Good4
12/07/17 09:27:47.419 AM		INFO	                		Bad1 added to bad guys.
12/07/17 09:27:47.420 AM		INFO	                		Bad2 added to bad guys.
12/07/17 09:27:47.421 AM		INFO	                		Bad3 added to bad guys.
12/07/17 09:27:47.422 AM		INFO	                		Bad4 added to bad guys.
12/07/17 09:27:47.423 AM		INFO	                		Ares Predator weapon added to Bad1
12/07/17 09:27:47.423 AM		INFO	                		Ares Predator weapon added to Bad2
12/07/17 09:27:47.424 AM		INFO	                		Ares Predator weapon added to Bad3
12/07/17 09:27:47.424 AM		INFO	                		Ares Predator weapon added to Bad4
12/07/17 09:27:47.425 AM		INFO	                		Pistols skill added to Bad1
12/07/17 10:56:42.982 AM		INFO	                		Good1 added to good guys.
12/07/17 10:56:43.005 AM		INFO	                		Ares Predator weapon added to Good1
12/07/17 10:56:43.010 AM		INFO	                		Fireball weapon added to Good1
12/07/17 10:56:43.015 AM		INFO	                		Fist weapon added to Good1
12/07/17 10:56:43.017 AM		INFO	                		Pistols skill added to Good1
12/07/17 10:56:43.018 AM		INFO	                		Spellcasting skill added to Good1
12/07/17 10:56:43.018 AM		INFO	                		Unarmed Combat skill added to Good1
12/07/17 10:56:43.184 AM		INFO	                		Good2 added to good guys.
12/07/17 10:56:43.302 AM		INFO	                		Fireball weapon added to Good2
12/07/17 10:56:43.313 AM		INFO	                		Fist weapon added to Good2
12/07/17 10:56:43.479 AM		INFO	                		Good3 added to good guys.
12/07/17 10:56:43.480 AM		INFO	                		Ares Predator weapon added to Good3
12/07/17 10:56:43.651 AM		INFO	                		Good4 added to good guys.
12/07/17 10:56:43.652 AM		INFO	                		Ares Predator weapon added to Good4
12/07/17 10:56:43.824 AM		INFO	                		Bad1 added to bad guys.
12/07/17 10:56:43.996 AM		INFO	                		Bad2 added to bad guys.
12/07/17 10:56:44.186 AM		INFO	                		Bad3 added to bad guys.
12/07/17 10:56:44.353 AM		INFO	                		Bad4 added to bad guys.
12/07/17 10:56:44.356 AM		INFO	                		Ares Predator weapon added to Bad1
12/07/17 10:56:44.361 AM		INFO	                		Ares Predator weapon added to Bad2
12/07/17 10:56:44.365 AM		INFO	                		Ares Predator weapon added to Bad3
12/07/17 10:56:44.366 AM		INFO	                		Ares Predator weapon added to Bad4
12/07/17 10:56:44.367 AM		INFO	                		Pistols skill added to Bad1
12/07/17 10:59:07.427 AM		INFO	                		Good1 added to good guys.
12/07/17 10:59:07.456 AM		INFO	                		Ares Predator weapon added to Good1
12/07/17 10:59:07.462 AM		INFO	                		Fireball weapon added to Good1
12/07/17 10:59:07.466 AM		INFO	                		Fist weapon added to Good1
12/07/17 10:59:07.468 AM		INFO	                		Pistols skill added to Good1
12/07/17 10:59:07.471 AM		INFO	                		Spellcasting skill added to Good1
12/07/17 10:59:07.471 AM		INFO	                		Unarmed Combat skill added to Good1
12/07/17 10:59:07.472 AM		INFO	                		Good2 added to good guys.
12/07/17 10:59:07.474 AM		INFO	                		Fireball weapon added to Good2
12/07/17 10:59:07.475 AM		INFO	                		Fist weapon added to Good2
12/07/17 10:59:07.476 AM		INFO	                		Good3 added to good guys.
12/07/17 10:59:07.477 AM		INFO	                		Ares Predator weapon added to Good3
12/07/17 10:59:07.479 AM		INFO	                		Good4 added to good guys.
12/07/17 10:59:07.480 AM		INFO	                		Ares Predator weapon added to Good4
12/07/17 10:59:07.482 AM		INFO	                		Bad1 added to bad guys.
12/07/17 10:59:07.483 AM		INFO	                		Bad2 added to bad guys.
12/07/17 10:59:07.484 AM		INFO	                		Bad3 added to bad guys.
12/07/17 10:59:07.487 AM		INFO	                		Bad4 added to bad guys.
12/07/17 10:59:07.488 AM		INFO	                		Ares Predator weapon added to Bad1
12/07/17 10:59:07.489 AM		INFO	                		Ares Predator weapon added to Bad2
12/07/17 10:59:07.490 AM		INFO	                		Ares Predator weapon added to Bad3
12/07/17 10:59:07.492 AM		INFO	                		Ares Predator weapon added to Bad4
12/07/17 10:59:07.493 AM		INFO	                		Pistols skill added to Bad1
12/07/17 10:59:38.664 AM		INFO	                		Good1 added to good guys.
12/07/17 10:59:38.683 AM		INFO	                		Ares Predator weapon added to Good1
12/07/17 10:59:38.689 AM		INFO	                		Fireball weapon added to Good1
12/07/17 10:59:38.693 AM		INFO	                		Fist weapon added to Good1
12/07/17 10:59:38.700 AM		INFO	                		Pistols skill added to Good1
12/07/17 10:59:38.701 AM		INFO	                		Spellcasting skill added to Good1
12/07/17 10:59:38.702 AM		INFO	                		Unarmed Combat skill added to Good1
12/07/17 10:59:38.703 AM		INFO	                		Good2 added to good guys.
12/07/17 10:59:38.703 AM		INFO	                		Fireball weapon added to Good2
12/07/17 10:59:38.704 AM		INFO	                		Fist weapon added to Good2
12/07/17 10:59:38.704 AM		INFO	                		Good3 added to good guys.
12/07/17 10:59:38.705 AM		INFO	                		Ares Predator weapon added to Good3
12/07/17 10:59:38.706 AM		INFO	                		Good4 added to good guys.
12/07/17 10:59:38.706 AM		INFO	                		Ares Predator weapon added to Good4
12/07/17 10:59:38.707 AM		INFO	                		Bad1 added to bad guys.
12/07/17 10:59:38.708 AM		INFO	                		Bad2 added to bad guys.
12/07/17 10:59:38.709 AM		INFO	                		Bad3 added to bad guys.
12/07/17 10:59:38.710 AM		INFO	                		Bad4 added to bad guys.
12/07/17 10:59:38.710 AM		INFO	                		Ares Predator weapon added to Bad1
12/07/17 10:59:38.711 AM		INFO	                		Ares Predator weapon added to Bad2
12/07/17 10:59:38.711 AM		INFO	                		Ares Predator weapon added to Bad3
12/07/17 10:59:38.712 AM		INFO	                		Ares Predator weapon added to Bad4
12/07/17 10:59:38.712 AM		INFO	                		Pistols skill added to Bad1
12/07/17 10:59:47.042 AM		INFO	                		Good1 added to good guys.
12/07/17 10:59:47.059 AM		INFO	                		Ares Predator weapon added to Good1
12/07/17 10:59:47.067 AM		INFO	                		Fireball weapon added to Good1
12/07/17 10:59:47.072 AM		INFO	                		Fist weapon added to Good1
12/07/17 10:59:47.078 AM		INFO	                		Pistols skill added to Good1
12/07/17 10:59:47.079 AM		INFO	                		Spellcasting skill added to Good1
12/07/17 10:59:47.080 AM		INFO	                		Unarmed Combat skill added to Good1
12/07/17 10:59:47.082 AM		INFO	                		Good2 added to good guys.
12/07/17 10:59:47.082 AM		INFO	                		Fireball weapon added to Good2
12/07/17 10:59:47.083 AM		INFO	                		Fist weapon added to Good2
12/07/17 10:59:47.084 AM		INFO	                		Good3 added to good guys.
12/07/17 10:59:47.085 AM		INFO	                		Ares Predator weapon added to Good3
12/07/17 10:59:47.086 AM		INFO	                		Good4 added to good guys.
12/07/17 10:59:47.087 AM		INFO	                		Ares Predator weapon added to Good4
12/07/17 10:59:47.088 AM		INFO	                		Bad1 added to bad guys.
12/07/17 10:59:47.090 AM		INFO	                		Bad2 added to bad guys.
12/07/17 10:59:47.092 AM		INFO	                		Bad3 added to bad guys.
12/07/17 10:59:47.093 AM		INFO	                		Bad4 added to bad guys.
12/07/17 10:59:47.094 AM		INFO	                		Ares Predator weapon added to Bad1
12/07/17 10:59:47.095 AM		INFO	                		Ares Predator weapon added to Bad2
12/07/17 10:59:47.096 AM		INFO	                		Ares Predator weapon added to Bad3
12/07/17 10:59:47.097 AM		INFO	                		Ares Predator weapon added to Bad4
12/07/17 10:59:47.098 AM		INFO	                		Pistols skill added to Bad1
12/07/17 10:59:56.416 AM		INFO	                		Good1 added to good guys.
12/07/17 10:59:56.435 AM		INFO	                		Ares Predator weapon added to Good1
12/07/17 10:59:56.443 AM		INFO	                		Fireball weapon added to Good1
12/07/17 10:59:56.448 AM		INFO	                		Fist weapon added to Good1
12/07/17 10:59:56.454 AM		INFO	                		Pistols skill added to Good1
12/07/17 10:59:56.455 AM		INFO	                		Spellcasting skill added to Good1
12/07/17 10:59:56.456 AM		INFO	                		Unarmed Combat skill added to Good1
12/07/17 10:59:56.457 AM		INFO	                		Good2 added to good guys.
12/07/17 10:59:56.458 AM		INFO	                		Fireball weapon added to Good2
12/07/17 10:59:56.459 AM		INFO	                		Fist weapon added to Good2
12/07/17 10:59:56.460 AM		INFO	                		Good3 added to good guys.
12/07/17 10:59:56.461 AM		INFO	                		Ares Predator weapon added to Good3
12/07/17 10:59:56.462 AM		INFO	                		Good4 added to good guys.
12/07/17 10:59:56.463 AM		INFO	                		Ares Predator weapon added to Good4
12/07/17 10:59:56.464 AM		INFO	                		Bad1 added to bad guys.
12/07/17 10:59:56.466 AM		INFO	                		Bad2 added to bad guys.
12/07/17 10:59:56.467 AM		INFO	                		Bad3 added to bad guys.
12/07/17 10:59:56.468 AM		INFO	                		Bad4 added to bad guys.
12/07/17 10:59:56.468 AM		INFO	                		Ares Predator weapon added to Bad1
12/07/17 10:59:56.469 AM		INFO	                		Ares Predator weapon added to Bad2
12/07/17 10:59:56.469 AM		INFO	                		Ares Predator weapon added to Bad3
12/07/17 10:59:56.470 AM		INFO	                		Ares Predator weapon added to Bad4
12/07/17 10:59:56.471 AM		INFO	                		Pistols skill added to Bad1
12/07/17 11:00:27.093 AM		INFO	                		Good1 added to good guys.
12/07/17 11:00:27.118 AM		INFO	                		Ares Predator weapon added to Good1
12/07/17 11:00:27.134 AM		INFO	                		Fireball weapon added to Good1
12/07/17 11:00:27.138 AM		INFO	                		Fist weapon added to Good1
12/07/17 11:00:27.139 AM		INFO	                		Pistols skill added to Good1
12/07/17 11:00:27.141 AM		INFO	                		Spellcasting skill added to Good1
12/07/17 11:00:27.141 AM		INFO	                		Unarmed Combat skill added to Good1
12/07/17 11:00:27.142 AM		INFO	                		Good2 added to good guys.
12/07/17 11:00:27.146 AM		INFO	                		Fireball weapon added to Good2
12/07/17 11:00:27.149 AM		INFO	                		Fist weapon added to Good2
12/07/17 11:00:27.150 AM		INFO	                		Good3 added to good guys.
12/07/17 11:00:27.152 AM		INFO	                		Ares Predator weapon added to Good3
12/07/17 11:00:27.154 AM		INFO	                		Good4 added to good guys.
12/07/17 11:00:27.155 AM		INFO	                		Ares Predator weapon added to Good4
12/07/17 11:00:27.158 AM		INFO	                		Bad1 added to bad guys.
12/07/17 11:00:27.162 AM		INFO	                		Bad2 added to bad guys.
12/07/17 11:00:27.164 AM		INFO	                		Bad3 added to bad guys.
12/07/17 11:00:27.165 AM		INFO	                		Bad4 added to bad guys.
12/07/17 11:00:27.167 AM		INFO	                		Ares Predator weapon added to Bad1
12/07/17 11:00:27.169 AM		INFO	                		Ares Predator weapon added to Bad2
12/07/17 11:00:27.170 AM		INFO	                		Ares Predator weapon added to Bad3
12/07/17 11:00:27.171 AM		INFO	                		Ares Predator weapon added to Bad4
12/07/17 11:00:27.171 AM		INFO	                		Pistols skill added to Bad1
12/07/17 11:30:02.573 AM		INFO	                		Good1 added to good guys.
12/07/17 11:30:02.596 AM		INFO	                		Ares Predator weapon added to Good1
12/07/17 11:30:02.605 AM		INFO	                		Fireball weapon added to Good1
12/07/17 11:30:02.611 AM		INFO	                		Fist weapon added to Good1
12/07/17 11:30:02.613 AM		INFO	                		Pistols skill added to Good1
12/07/17 11:30:02.614 AM		INFO	                		Spellcasting skill added to Good1
12/07/17 11:30:02.615 AM		INFO	                		Unarmed Combat skill added to Good1
12/07/17 11:30:02.617 AM		INFO	                		Good2 added to good guys.
12/07/17 11:30:02.619 AM		INFO	                		Fireball weapon added to Good2
12/07/17 11:30:02.620 AM		INFO	                		Fist weapon added to Good2
12/07/17 11:30:02.622 AM		INFO	                		Good3 added to good guys.
12/07/17 11:30:02.624 AM		INFO	                		Ares Predator weapon added to Good3
12/07/17 11:30:02.625 AM		INFO	                		Good4 added to good guys.
12/07/17 11:30:02.626 AM		INFO	                		Ares Predator weapon added to Good4
12/07/17 11:30:02.628 AM		INFO	                		Bad1 added to bad guys.
12/07/17 11:30:02.629 AM		INFO	                		Bad2 added to bad guys.
12/07/17 11:30:02.630 AM		INFO	                		Bad3 added to bad guys.
12/07/17 11:30:02.632 AM		INFO	                		Bad4 added to bad guys.
12/07/17 11:30:02.632 AM		INFO	                		Ares Predator weapon added to Bad1
12/07/17 11:30:02.633 AM		INFO	                		Ares Predator weapon added to Bad2
12/07/17 11:30:02.635 AM		INFO	                		Ares Predator weapon added to Bad3
12/07/17 11:30:02.636 AM		INFO	                		Ares Predator weapon added to Bad4
12/07/17 11:30:02.636 AM		INFO	                		Pistols skill added to Bad1
12/07/17 11:30:16.892 AM		INFO	                		Good1 added to good guys.
12/07/17 11:30:16.918 AM		INFO	                		Ares Predator weapon added to Good1
12/07/17 11:30:16.925 AM		INFO	                		Fireball weapon added to Good1
12/07/17 11:30:16.936 AM		INFO	                		Fist weapon added to Good1
12/07/17 11:30:16.938 AM		INFO	                		Pistols skill added to Good1
12/07/17 11:30:16.939 AM		INFO	                		Spellcasting skill added to Good1
12/07/17 11:30:16.940 AM		INFO	                		Unarmed Combat skill added to Good1
12/07/17 11:30:16.947 AM		INFO	                		Good2 added to good guys.
12/07/17 11:30:16.948 AM		INFO	                		Fireball weapon added to Good2
12/07/17 11:30:16.953 AM		INFO	                		Fist weapon added to Good2
12/07/17 11:30:16.955 AM		INFO	                		Good3 added to good guys.
12/07/17 11:30:16.956 AM		INFO	                		Ares Predator weapon added to Good3
12/07/17 11:30:16.957 AM		INFO	                		Good4 added to good guys.
12/07/17 11:30:16.960 AM		INFO	                		Ares Predator weapon added to Good4
12/07/17 11:30:16.970 AM		INFO	                		Bad1 added to bad guys.
12/07/17 11:30:16.972 AM		INFO	                		Bad2 added to bad guys.
12/07/17 11:30:16.974 AM		INFO	                		Bad3 added to bad guys.
12/07/17 11:30:16.975 AM		INFO	                		Bad4 added to bad guys.
12/07/17 11:30:16.976 AM		INFO	                		Ares Predator weapon added to Bad1
12/07/17 11:30:16.977 AM		INFO	                		Ares Predator weapon added to Bad2
12/07/17 11:30:16.978 AM		INFO	                		Ares Predator weapon added to Bad3
12/07/17 11:30:16.979 AM		INFO	                		Ares Predator weapon added to Bad4
12/07/17 11:30:16.979 AM		INFO	                		Pistols skill added to Bad1
12/07/17 11:30:34.711 AM		INFO	                		Good1 added to good guys.
12/07/17 11:30:34.728 AM		INFO	                		Ares Predator weapon added to Good1
12/07/17 11:30:34.733 AM		INFO	                		Fireball weapon added to Good1
12/07/17 11:30:34.739 AM		INFO	                		Fist weapon added to Good1
12/07/17 11:30:34.744 AM		INFO	                		Pistols skill added to Good1
12/07/17 11:30:34.745 AM		INFO	                		Spellcasting skill added to Good1
12/07/17 11:30:34.746 AM		INFO	                		Unarmed Combat skill added to Good1
12/07/17 11:30:34.747 AM		INFO	                		Good2 added to good guys.
12/07/17 11:30:34.749 AM		INFO	                		Fireball weapon added to Good2
12/07/17 11:30:34.750 AM		INFO	                		Fist weapon added to Good2
12/07/17 11:30:34.751 AM		INFO	                		Good3 added to good guys.
12/07/17 11:30:34.752 AM		INFO	                		Ares Predator weapon added to Good3
12/07/17 11:30:34.754 AM		INFO	                		Good4 added to good guys.
12/07/17 11:30:34.754 AM		INFO	                		Ares Predator weapon added to Good4
12/07/17 11:30:34.756 AM		INFO	                		Bad1 added to bad guys.
12/07/17 11:30:34.758 AM		INFO	                		Bad2 added to bad guys.
12/07/17 11:30:34.760 AM		INFO	                		Bad3 added to bad guys.
12/07/17 11:30:34.761 AM		INFO	                		Bad4 added to bad guys.
12/07/17 11:30:34.762 AM		INFO	                		Ares Predator weapon added to Bad1
12/07/17 11:30:34.763 AM		INFO	                		Ares Predator weapon added to Bad2
12/07/17 11:30:34.764 AM		INFO	                		Ares Predator weapon added to Bad3
12/07/17 11:30:34.765 AM		INFO	                		Ares Predator weapon added to Bad4
12/07/17 11:30:34.766 AM		INFO	                		Pistols skill added to Bad1
12/07/17 11:30:44.028 AM		INFO	                		Good1 added to good guys.
12/07/17 11:30:44.055 AM		INFO	                		Ares Predator weapon added to Good1
12/07/17 11:30:44.061 AM		INFO	                		Fireball weapon added to Good1
12/07/17 11:30:44.062 AM		INFO	                		Fist weapon added to Good1
12/07/17 11:30:44.064 AM		INFO	                		Pistols skill added to Good1
12/07/17 11:30:44.065 AM		INFO	                		Spellcasting skill added to Good1
12/07/17 11:30:44.066 AM		INFO	                		Unarmed Combat skill added to Good1
12/07/17 11:30:44.067 AM		INFO	                		Good2 added to good guys.
12/07/17 11:30:44.068 AM		INFO	                		Fireball weapon added to Good2
12/07/17 11:30:44.069 AM		INFO	                		Fist weapon added to Good2
12/07/17 11:30:44.070 AM		INFO	                		Good3 added to good guys.
12/07/17 11:30:44.070 AM		INFO	                		Ares Predator weapon added to Good3
12/07/17 11:30:44.071 AM		INFO	                		Good4 added to good guys.
12/07/17 11:30:44.072 AM		INFO	                		Ares Predator weapon added to Good4
12/07/17 11:30:44.074 AM		INFO	                		Bad1 added to bad guys.
12/07/17 11:30:44.075 AM		INFO	                		Bad2 added to bad guys.
12/07/17 11:30:44.078 AM		INFO	                		Bad3 added to bad guys.
12/07/17 11:30:44.079 AM		INFO	                		Bad4 added to bad guys.
12/07/17 11:30:44.080 AM		INFO	                		Ares Predator weapon added to Bad1
12/07/17 11:30:44.080 AM		INFO	                		Ares Predator weapon added to Bad2
12/07/17 11:30:44.081 AM		INFO	                		Ares Predator weapon added to Bad3
12/07/17 11:30:44.082 AM		INFO	                		Ares Predator weapon added to Bad4
12/07/17 11:30:44.082 AM		INFO	                		Pistols skill added to Bad1
12/07/17 11:31:00.164 AM		INFO	                		Good1 added to good guys.
12/07/17 11:31:00.184 AM		INFO	                		Ares Predator weapon added to Good1
12/07/17 11:31:00.188 AM		INFO	                		Fireball weapon added to Good1
12/07/17 11:31:00.189 AM		INFO	                		Fist weapon added to Good1
12/07/17 11:31:00.191 AM		INFO	                		Pistols skill added to Good1
12/07/17 11:31:00.192 AM		INFO	                		Spellcasting skill added to Good1
12/07/17 11:31:00.193 AM		INFO	                		Unarmed Combat skill added to Good1
12/07/17 11:31:00.194 AM		INFO	                		Good2 added to good guys.
12/07/17 11:31:00.195 AM		INFO	                		Fireball weapon added to Good2
12/07/17 11:31:00.196 AM		INFO	                		Fist weapon added to Good2
12/07/17 11:31:00.198 AM		INFO	                		Good3 added to good guys.
12/07/17 11:31:00.200 AM		INFO	                		Ares Predator weapon added to Good3
12/07/17 11:31:00.201 AM		INFO	                		Good4 added to good guys.
12/07/17 11:31:00.202 AM		INFO	                		Ares Predator weapon added to Good4
12/07/17 11:31:00.203 AM		INFO	                		Bad1 added to bad guys.
12/07/17 11:31:00.204 AM		INFO	                		Bad2 added to bad guys.
12/07/17 11:31:00.207 AM		INFO	                		Bad3 added to bad guys.
12/07/17 11:31:00.208 AM		INFO	                		Bad4 added to bad guys.
12/07/17 11:31:00.209 AM		INFO	                		Ares Predator weapon added to Bad1
12/07/17 11:31:00.210 AM		INFO	                		Ares Predator weapon added to Bad2
12/07/17 11:31:00.210 AM		INFO	                		Ares Predator weapon added to Bad3
12/07/17 11:31:00.211 AM		INFO	                		Ares Predator weapon added to Bad4
12/07/17 11:31:00.212 AM		INFO	                		Pistols skill added to Bad1
12/07/17 11:31:58.556 AM		INFO	                		Good1 added to good guys.
12/07/17 11:31:58.569 AM		INFO	                		Ares Predator weapon added to Good1
12/07/17 11:31:58.577 AM		INFO	                		Fireball weapon added to Good1
12/07/17 11:31:58.581 AM		INFO	                		Fist weapon added to Good1
12/07/17 11:31:58.588 AM		INFO	                		Pistols skill added to Good1
12/07/17 11:31:58.590 AM		INFO	                		Spellcasting skill added to Good1
12/07/17 11:31:58.592 AM		INFO	                		Unarmed Combat skill added to Good1
12/07/17 11:31:58.594 AM		INFO	                		Good2 added to good guys.
12/07/17 11:31:58.596 AM		INFO	                		Fireball weapon added to Good2
12/07/17 11:31:58.597 AM		INFO	                		Fist weapon added to Good2
12/07/17 11:31:58.599 AM		INFO	                		Good3 added to good guys.
12/07/17 11:31:58.600 AM		INFO	                		Ares Predator weapon added to Good3
12/07/17 11:31:58.602 AM		INFO	                		Good4 added to good guys.
12/07/17 11:31:58.603 AM		INFO	                		Ares Predator weapon added to Good4
12/07/17 11:31:58.605 AM		INFO	                		Bad1 added to bad guys.
12/07/17 11:31:58.607 AM		INFO	                		Bad2 added to bad guys.
12/07/17 11:31:58.609 AM		INFO	                		Bad3 added to bad guys.
12/07/17 11:31:58.612 AM		INFO	                		Bad4 added to bad guys.
12/07/17 11:31:58.612 AM		INFO	                		Ares Predator weapon added to Bad1
12/07/17 11:31:58.613 AM		INFO	                		Ares Predator weapon added to Bad2
12/07/17 11:31:58.614 AM		INFO	                		Ares Predator weapon added to Bad3
12/07/17 11:31:58.615 AM		INFO	                		Ares Predator weapon added to Bad4
12/07/17 11:31:58.616 AM		INFO	                		Pistols skill added to Bad1
12/07/17 11:35:53.782 AM		INFO	                		Good1 added to good guys.
12/07/17 11:35:53.803 AM		INFO	                		Ares Predator weapon added to Good1
12/07/17 11:35:53.822 AM		INFO	                		Fireball weapon added to Good1
12/07/17 11:35:53.829 AM		INFO	                		Fist weapon added to Good1
12/07/17 11:35:53.831 AM		INFO	                		Pistols skill added to Good1
12/07/17 11:35:53.833 AM		INFO	                		Spellcasting skill added to Good1
12/07/17 11:35:53.833 AM		INFO	                		Unarmed Combat skill added to Good1
12/07/17 11:35:53.837 AM		INFO	                		Good2 added to good guys.
12/07/17 11:35:53.839 AM		INFO	                		Fireball weapon added to Good2
12/07/17 11:35:53.840 AM		INFO	                		Fist weapon added to Good2
12/07/17 11:35:53.841 AM		INFO	                		Good3 added to good guys.
12/07/17 11:35:53.843 AM		INFO	                		Ares Predator weapon added to Good3
12/07/17 11:35:53.850 AM		INFO	                		Good4 added to good guys.
12/07/17 11:35:53.851 AM		INFO	                		Ares Predator weapon added to Good4
12/07/17 11:35:53.853 AM		INFO	                		Bad1 added to bad guys.
12/07/17 11:35:53.856 AM		INFO	                		Bad2 added to bad guys.
12/07/17 11:35:53.857 AM		INFO	                		Bad3 added to bad guys.
12/07/17 11:35:53.859 AM		INFO	                		Bad4 added to bad guys.
12/07/17 11:35:53.861 AM		INFO	                		Ares Predator weapon added to Bad1
12/07/17 11:35:53.862 AM		INFO	                		Ares Predator weapon added to Bad2
12/07/17 11:35:53.862 AM		INFO	                		Ares Predator weapon added to Bad3
12/07/17 11:35:53.863 AM		INFO	                		Ares Predator weapon added to Bad4
12/07/17 11:35:53.864 AM		INFO	                		Pistols skill added to Bad1
12/07/17 11:36:25.930 AM		INFO	                		Good1 added to good guys.
12/07/17 11:36:26.099 AM		INFO	                		Ares Predator weapon added to Good1
12/07/17 11:36:26.105 AM		INFO	                		Fireball weapon added to Good1
12/07/17 11:36:26.109 AM		INFO	                		Fist weapon added to Good1
12/07/17 11:36:26.110 AM		INFO	                		Pistols skill added to Good1
12/07/17 11:36:26.111 AM		INFO	                		Spellcasting skill added to Good1
12/07/17 11:36:26.112 AM		INFO	                		Unarmed Combat skill added to Good1
12/07/17 11:36:26.113 AM		INFO	                		Good2 added to good guys.
12/07/17 11:36:26.114 AM		INFO	                		Fireball weapon added to Good2
12/07/17 11:36:26.115 AM		INFO	                		Fist weapon added to Good2
12/07/17 11:36:26.118 AM		INFO	                		Good3 added to good guys.
12/07/17 11:36:26.119 AM		INFO	                		Ares Predator weapon added to Good3
12/07/17 11:36:26.121 AM		INFO	                		Good4 added to good guys.
12/07/17 11:36:26.121 AM		INFO	                		Ares Predator weapon added to Good4
12/07/17 11:36:26.123 AM		INFO	                		Bad1 added to bad guys.
12/07/17 11:36:26.124 AM		INFO	                		Bad2 added to bad guys.
12/07/17 11:36:26.125 AM		INFO	                		Bad3 added to bad guys.
12/07/17 11:36:26.126 AM		INFO	                		Bad4 added to bad guys.
12/07/17 11:36:26.127 AM		INFO	                		Ares Predator weapon added to Bad1
12/07/17 11:36:26.127 AM		INFO	                		Ares Predator weapon added to Bad2
12/07/17 11:36:26.128 AM		INFO	                		Ares Predator weapon added to Bad3
12/07/17 11:36:26.128 AM		INFO	                		Ares Predator weapon added to Bad4
12/07/17 11:36:26.130 AM		INFO	                		Pistols skill added to Bad1
12/07/17 11:36:47.715 AM		INFO	                		Good1 added to good guys.
12/07/17 11:36:47.743 AM		INFO	                		Ares Predator weapon added to Good1
12/07/17 11:36:47.755 AM		INFO	                		Fireball weapon added to Good1
12/07/17 11:36:47.765 AM		INFO	                		Fist weapon added to Good1
12/07/17 11:36:47.768 AM		INFO	                		Pistols skill added to Good1
12/07/17 11:36:47.769 AM		INFO	                		Spellcasting skill added to Good1
12/07/17 11:36:47.770 AM		INFO	                		Unarmed Combat skill added to Good1
12/07/17 11:36:47.773 AM		INFO	                		Good2 added to good guys.
12/07/17 11:36:47.774 AM		INFO	                		Fireball weapon added to Good2
12/07/17 11:36:47.776 AM		INFO	                		Fist weapon added to Good2
12/07/17 11:36:47.781 AM		INFO	                		Good3 added to good guys.
12/07/17 11:36:47.782 AM		INFO	                		Ares Predator weapon added to Good3
12/07/17 11:36:47.784 AM		INFO	                		Good4 added to good guys.
12/07/17 11:36:47.785 AM		INFO	                		Ares Predator weapon added to Good4
12/07/17 11:36:47.787 AM		INFO	                		Bad1 added to bad guys.
12/07/17 11:36:47.789 AM		INFO	                		Bad2 added to bad guys.
12/07/17 11:36:47.791 AM		INFO	                		Bad3 added to bad guys.
12/07/17 11:36:47.794 AM		INFO	                		Bad4 added to bad guys.
12/07/17 11:36:47.795 AM		INFO	                		Ares Predator weapon added to Bad1
12/07/17 11:36:47.796 AM		INFO	                		Ares Predator weapon added to Bad2
12/07/17 11:36:47.797 AM		INFO	                		Ares Predator weapon added to Bad3
12/07/17 11:36:47.798 AM		INFO	                		Ares Predator weapon added to Bad4
12/07/17 11:36:47.799 AM		INFO	                		Pistols skill added to Bad1
12/07/17 11:37:09.658 AM		INFO	                		Good1 added to good guys.
12/07/17 11:37:09.678 AM		INFO	                		Ares Predator weapon added to Good1
12/07/17 11:37:09.688 AM		INFO	                		Fireball weapon added to Good1
12/07/17 11:37:09.695 AM		INFO	                		Fist weapon added to Good1
12/07/17 11:37:09.697 AM		INFO	                		Pistols skill added to Good1
12/07/17 11:37:09.698 AM		INFO	                		Spellcasting skill added to Good1
12/07/17 11:37:09.699 AM		INFO	                		Unarmed Combat skill added to Good1
12/07/17 11:37:09.702 AM		INFO	                		Good2 added to good guys.
12/07/17 11:37:09.703 AM		INFO	                		Fireball weapon added to Good2
12/07/17 11:37:09.704 AM		INFO	                		Fist weapon added to Good2
12/07/17 11:37:09.708 AM		INFO	                		Good3 added to good guys.
12/07/17 11:37:09.709 AM		INFO	                		Ares Predator weapon added to Good3
12/07/17 11:37:09.712 AM		INFO	                		Good4 added to good guys.
12/07/17 11:37:09.714 AM		INFO	                		Ares Predator weapon added to Good4
12/07/17 11:37:09.716 AM		INFO	                		Bad1 added to bad guys.
12/07/17 11:37:09.721 AM		INFO	                		Bad2 added to bad guys.
12/07/17 11:37:09.723 AM		INFO	                		Bad3 added to bad guys.
12/07/17 11:37:09.725 AM		INFO	                		Bad4 added to bad guys.
12/07/17 11:37:09.726 AM		INFO	                		Ares Predator weapon added to Bad1
12/07/17 11:37:09.727 AM		INFO	                		Ares Predator weapon added to Bad2
12/07/17 11:37:09.728 AM		INFO	                		Ares Predator weapon added to Bad3
12/07/17 11:37:09.728 AM		INFO	                		Ares Predator weapon added to Bad4
12/07/17 11:37:09.729 AM		INFO	                		Pistols skill added to Bad1
12/07/17 11:37:47.279 AM		INFO	                		Good1 added to good guys.
12/07/17 11:37:47.298 AM		INFO	                		Ares Predator weapon added to Good1
12/07/17 11:37:47.304 AM		INFO	                		Fireball weapon added to Good1
12/07/17 11:37:47.308 AM		INFO	                		Fist weapon added to Good1
12/07/17 11:37:47.312 AM		INFO	                		Pistols skill added to Good1
12/07/17 11:37:47.313 AM		INFO	                		Spellcasting skill added to Good1
12/07/17 11:37:47.314 AM		INFO	                		Unarmed Combat skill added to Good1
12/07/17 11:37:47.315 AM		INFO	                		Good2 added to good guys.
12/07/17 11:37:47.316 AM		INFO	                		Fireball weapon added to Good2
12/07/17 11:37:47.317 AM		INFO	                		Fist weapon added to Good2
12/07/17 11:37:47.319 AM		INFO	                		Good3 added to good guys.
12/07/17 11:37:47.320 AM		INFO	                		Ares Predator weapon added to Good3
12/07/17 11:37:47.321 AM		INFO	                		Good4 added to good guys.
12/07/17 11:37:47.322 AM		INFO	                		Ares Predator weapon added to Good4
12/07/17 11:37:47.324 AM		INFO	                		Bad1 added to bad guys.
12/07/17 11:37:47.326 AM		INFO	                		Bad2 added to bad guys.
12/07/17 11:37:47.327 AM		INFO	                		Bad3 added to bad guys.
12/07/17 11:37:47.329 AM		INFO	                		Bad4 added to bad guys.
12/07/17 11:37:47.330 AM		INFO	                		Ares Predator weapon added to Bad1
12/07/17 11:37:47.331 AM		INFO	                		Ares Predator weapon added to Bad2
12/07/17 11:37:47.332 AM		INFO	                		Ares Predator weapon added to Bad3
12/07/17 11:37:47.333 AM		INFO	                		Ares Predator weapon added to Bad4
12/07/17 11:37:47.333 AM		INFO	                		Pistols skill added to Bad1
12/07/17 11:37:54.624 AM		INITIATIVE	                		Good1 initiative is 0 (5,4,1,2,15) (27)
12/07/17 11:37:54.643 AM		INITIATIVE	                		Good2 initiative is 0 (5,6) (11)
12/07/17 11:37:54.655 AM		INITIATIVE	                		Good3 initiative is 0 (5,2,8) (15)
12/07/17 11:37:54.664 AM		INITIATIVE	                		Good4 initiative is 0 (4,6) (10)
12/07/17 11:37:54.672 AM		INITIATIVE	                		Bad1 initiative is 0 (1,4) (5)
12/07/17 11:37:54.678 AM		INITIATIVE	                		Bad2 initiative is 0 (3,6) (9)
12/07/17 11:37:54.686 AM		INITIATIVE	                		Bad3 initiative is 0 (2,3,4) (9)
12/07/17 11:37:54.693 AM		INITIATIVE	                		Bad4 initiative is 0 (2,6) (8)
12/07/17 11:37:54.702 AM		INFO	                		Good1's turn.
12/07/17 11:44:07.615 AM		INFO	                		Good1 added to good guys.
12/07/17 11:44:07.808 AM		INFO	                		Ares Predator weapon added to Good1
12/07/17 11:44:07.855 AM		INFO	                		Fireball weapon added to Good1
12/07/17 11:44:07.856 AM		INFO	                		Fist weapon added to Good1
12/07/17 11:44:07.857 AM		INFO	                		Pistols skill added to Good1
12/07/17 11:44:07.858 AM		INFO	                		Spellcasting skill added to Good1
12/07/17 11:44:07.859 AM		INFO	                		Unarmed Combat skill added to Good1
12/07/17 11:44:07.861 AM		INFO	                		Good2 added to good guys.
12/07/17 11:44:07.862 AM		INFO	                		Fireball weapon added to Good2
12/07/17 11:44:07.862 AM		INFO	                		Fist weapon added to Good2
12/07/17 11:44:07.864 AM		INFO	                		Good3 added to good guys.
12/07/17 11:44:07.865 AM		INFO	                		Ares Predator weapon added to Good3
12/07/17 11:44:07.866 AM		INFO	                		Good4 added to good guys.
12/07/17 11:44:07.867 AM		INFO	                		Ares Predator weapon added to Good4
12/07/17 11:44:07.868 AM		INFO	                		Bad1 added to bad guys.
12/07/17 11:44:07.870 AM		INFO	                		Bad2 added to bad guys.
12/07/17 11:44:07.872 AM		INFO	                		Bad3 added to bad guys.
12/07/17 11:44:07.873 AM		INFO	                		Bad4 added to bad guys.
12/07/17 11:44:07.874 AM		INFO	                		Ares Predator weapon added to Bad1
12/07/17 11:44:07.874 AM		INFO	                		Ares Predator weapon added to Bad2
12/07/17 11:44:07.875 AM		INFO	                		Ares Predator weapon added to Bad3
12/07/17 11:44:07.876 AM		INFO	                		Ares Predator weapon added to Bad4
12/07/17 11:44:07.876 AM		INFO	                		Pistols skill added to Bad1
