12/06/17 10:22:11.191 AM		INFO	                		Good1 added to good guys.
12/06/17 10:22:11.379 AM		INFO	                		Ares Predator weapon added to Good1
12/06/17 10:22:11.380 AM		INFO	                		Fireball weapon added to Good1
12/06/17 10:22:11.381 AM		INFO	                		Fist weapon added to Good1
12/06/17 10:22:11.382 AM		INFO	                		Pistols skill added to Good1
12/06/17 10:22:11.383 AM		INFO	                		Spellcasting skill added to Good1
12/06/17 10:22:11.383 AM		INFO	                		Unarmed Combat skill added to Good1
12/06/17 10:22:11.384 AM		INFO	                		Good2 added to good guys.
12/06/17 10:22:11.385 AM		INFO	                		Fireball weapon added to Good2
12/06/17 10:22:11.386 AM		INFO	                		Fist weapon added to Good2
12/06/17 10:22:11.387 AM		INFO	                		Good3 added to good guys.
12/06/17 10:22:11.387 AM		INFO	                		Ares Predator weapon added to Good3
12/06/17 10:22:11.388 AM		INFO	                		Good4 added to good guys.
12/06/17 10:22:11.389 AM		INFO	                		Ares Predator weapon added to Good4
12/06/17 10:22:11.401 AM		INFO	                		Bad1 added to bad guys.
12/06/17 10:22:11.403 AM		INFO	                		Bad2 added to bad guys.
12/06/17 10:22:11.404 AM		INFO	                		Bad3 added to bad guys.
12/06/17 10:22:11.405 AM		INFO	                		Bad4 added to bad guys.
12/06/17 10:22:11.405 AM		INFO	                		Ares Predator weapon added to Bad1
12/06/17 10:22:11.406 AM		INFO	                		Ares Predator weapon added to Bad2
12/06/17 10:22:11.406 AM		INFO	                		Ares Predator weapon added to Bad3
12/06/17 10:22:11.407 AM		INFO	                		Ares Predator weapon added to Bad4
12/06/17 10:22:11.407 AM		INFO	                		Pistols skill added to Bad1
12/06/17 10:22:13.849 AM		INITIATIVE	                		Good1 initiative is 0 (4,5,1,3,15) (28)
12/06/17 10:22:13.882 AM		INITIATIVE	                		Good2 initiative is 0 (3,6) (9)
12/06/17 10:22:13.889 AM		INITIATIVE	                		Good3 initiative is 0 (2,2,8) (12)
12/06/17 10:22:13.898 AM		INITIATIVE	                		Good4 initiative is 0 (1,6) (7)
12/06/17 10:22:13.905 AM		INITIATIVE	                		Bad1 initiative is 0 (5,4) (9)
12/06/17 10:22:13.914 AM		INITIATIVE	                		Bad2 initiative is 0 (1,6) (7)
12/06/17 10:22:13.919 AM		INITIATIVE	                		Bad3 initiative is 0 (3,4,4) (11)
12/06/17 10:22:13.926 AM		INITIATIVE	                		Bad4 initiative is 0 (4,6) (10)
12/06/17 10:22:13.960 AM		INFO	                		Good1's turn.
12/06/17 10:23:25.375 AM		INFO	                		Good1 attack rolls (1)  (3,1,3,4,4,3,1,1,3,5,3,1,1,1)
12/06/17 10:23:25.407 AM		INFO	                		Good3's turn.
12/06/17 10:23:46.741 AM		INFO	                		Good3 attack rolls (0)  (2,3,1,3,1)
12/06/17 10:23:46.771 AM		INFO	                		Bad3's turn.
12/06/17 10:24:04.580 AM		INFO	                		Bad3 attack rolls (0)  (4,3,4,3,3)
12/06/17 10:24:04.606 AM		INFO	                		Bad4's turn.
12/06/17 10:24:25.520 AM		INFO	                		Bad4 attack rolls (1)  (1,5,2,2,3)
12/06/17 10:24:25.549 AM		INFO	                		Good2's turn.
12/06/17 10:24:34.629 AM		INFO	                		Good2 attack rolls (2)  (5,2,4,5)
12/06/17 10:24:34.641 AM		INFO	                		Bad1's turn.
12/06/17 10:24:42.780 AM		INFO	                		Bad1 attack rolls (3)  (5,3,3,1,3,4,1,4,5,4,5,2)
12/06/17 10:24:42.803 AM		INFO	                		Good4's turn.
12/06/17 10:24:57.282 AM		INFO	                		Good4 attack rolls (0)  (2,3,3,4,4)
12/06/17 10:24:57.296 AM		INFO	                		Bad2's turn.
12/06/17 10:25:15.320 AM		INFO	                		Bad2 attack rolls (1)  (4,1,1,5,4)
12/06/17 10:25:15.361 AM		INFO	                		Good1's turn.
12/06/17 10:25:28.227 AM		INFO	                		Good1 attack rolls (5)  (5,1,5,5,3,2,2,4,1,5,5,4,2,2)
12/06/17 10:25:28.237 AM		INFO	                		Good3's turn.
12/06/17 10:31:07.066 AM		INFO	                		Good1 added to good guys.
12/06/17 10:31:07.088 AM		INFO	                		Ares Predator weapon added to Good1
12/06/17 10:31:07.112 AM		INFO	                		Fireball weapon added to Good1
12/06/17 10:31:07.121 AM		INFO	                		Fist weapon added to Good1
12/06/17 10:31:07.127 AM		INFO	                		Pistols skill added to Good1
12/06/17 10:31:07.128 AM		INFO	                		Spellcasting skill added to Good1
12/06/17 10:31:07.129 AM		INFO	                		Unarmed Combat skill added to Good1
12/06/17 10:31:07.130 AM		INFO	                		Good2 added to good guys.
12/06/17 10:31:07.130 AM		INFO	                		Fireball weapon added to Good2
12/06/17 10:31:07.131 AM		INFO	                		Fist weapon added to Good2
12/06/17 10:31:07.132 AM		INFO	                		Good3 added to good guys.
12/06/17 10:31:07.132 AM		INFO	                		Ares Predator weapon added to Good3
12/06/17 10:31:07.133 AM		INFO	                		Good4 added to good guys.
12/06/17 10:31:07.134 AM		INFO	                		Ares Predator weapon added to Good4
12/06/17 10:31:07.135 AM		INFO	                		Bad1 added to bad guys.
12/06/17 10:31:07.136 AM		INFO	                		Bad2 added to bad guys.
12/06/17 10:31:07.137 AM		INFO	                		Bad3 added to bad guys.
12/06/17 10:31:07.138 AM		INFO	                		Bad4 added to bad guys.
12/06/17 10:31:07.139 AM		INFO	                		Ares Predator weapon added to Bad1
12/06/17 10:31:07.139 AM		INFO	                		Ares Predator weapon added to Bad2
12/06/17 10:31:07.140 AM		INFO	                		Ares Predator weapon added to Bad3
12/06/17 10:31:07.140 AM		INFO	                		Ares Predator weapon added to Bad4
12/06/17 10:31:07.141 AM		INFO	                		Pistols skill added to Bad1
12/06/17 10:31:11.989 AM		INITIATIVE	                		Good1 initiative is 0 (2,3,1,4,15) (25)
12/06/17 10:31:12.000 AM		INITIATIVE	                		Good2 initiative is 0 (4,6) (10)
12/06/17 10:31:12.009 AM		INITIATIVE	                		Good3 initiative is 0 (5,4,8) (17)
12/06/17 10:31:12.019 AM		INITIATIVE	                		Good4 initiative is 0 (2,6) (8)
12/06/17 10:31:12.024 AM		INITIATIVE	                		Bad1 initiative is 0 (2,4) (6)
12/06/17 10:31:12.032 AM		INITIATIVE	                		Bad2 initiative is 0 (5,6) (11)
12/06/17 10:31:12.038 AM		INITIATIVE	                		Bad3 initiative is 0 (3,3,4) (10)
12/06/17 10:31:12.044 AM		INITIATIVE	                		Bad4 initiative is 0 (3,6) (9)
12/06/17 10:31:12.053 AM		INFO	                		Good1's turn.
12/06/17 10:31:22.139 AM		INFO	                		Good1 attack rolls (4)  (1,3,5,3,5,2,1,2,4,5,5,2,2,3)
12/06/17 10:31:22.157 AM		INFO	                		Bad1 defense rolls (3)  (1,3,2,5,4,5,5,2)
12/06/17 10:31:22.177 AM		INFO	                		Good3's turn.
12/06/17 11:09:48.258 AM		INFO	                		Good1 added to good guys.
12/06/17 11:09:48.279 AM		INFO	                		Ares Predator weapon added to Good1
12/06/17 11:09:48.464 AM		INFO	                		Fireball weapon added to Good1
12/06/17 11:09:48.469 AM		INFO	                		Fist weapon added to Good1
12/06/17 11:09:48.471 AM		INFO	                		Pistols skill added to Good1
12/06/17 11:09:48.472 AM		INFO	                		Spellcasting skill added to Good1
12/06/17 11:09:48.473 AM		INFO	                		Unarmed Combat skill added to Good1
12/06/17 11:09:48.476 AM		INFO	                		Good2 added to good guys.
12/06/17 11:09:48.477 AM		INFO	                		Fireball weapon added to Good2
12/06/17 11:09:48.478 AM		INFO	                		Fist weapon added to Good2
12/06/17 11:09:48.479 AM		INFO	                		Good3 added to good guys.
12/06/17 11:09:48.480 AM		INFO	                		Ares Predator weapon added to Good3
12/06/17 11:09:48.481 AM		INFO	                		Good4 added to good guys.
12/06/17 11:09:48.482 AM		INFO	                		Ares Predator weapon added to Good4
12/06/17 11:09:48.483 AM		INFO	                		Bad1 added to bad guys.
12/06/17 11:09:48.485 AM		INFO	                		Bad2 added to bad guys.
12/06/17 11:09:48.486 AM		INFO	                		Bad3 added to bad guys.
12/06/17 11:09:48.488 AM		INFO	                		Bad4 added to bad guys.
12/06/17 11:09:48.489 AM		INFO	                		Ares Predator weapon added to Bad1
12/06/17 11:09:48.489 AM		INFO	                		Ares Predator weapon added to Bad2
12/06/17 11:09:48.490 AM		INFO	                		Ares Predator weapon added to Bad3
12/06/17 11:09:48.491 AM		INFO	                		Ares Predator weapon added to Bad4
12/06/17 11:09:48.491 AM		INFO	                		Pistols skill added to Bad1
12/06/17 11:09:50.522 AM		INITIATIVE	                		Good1 initiative is 0 (3,2,4,4,15) (28)
12/06/17 11:09:50.539 AM		INITIATIVE	                		Good2 initiative is 0 (5,6) (11)
12/06/17 11:09:50.552 AM		INITIATIVE	                		Good3 initiative is 0 (4,3,8) (15)
12/06/17 11:09:50.563 AM		INITIATIVE	                		Good4 initiative is 0 (4,6) (10)
12/06/17 11:09:50.572 AM		INITIATIVE	                		Bad1 initiative is 0 (3,4) (7)
12/06/17 11:09:50.580 AM		INITIATIVE	                		Bad2 initiative is 0 (4,6) (10)
12/06/17 11:09:50.589 AM		INITIATIVE	                		Bad3 initiative is 0 (1,5,4) (10)
12/06/17 11:09:50.596 AM		INITIATIVE	                		Bad4 initiative is 0 (2,6) (8)
12/06/17 11:09:50.607 AM		INFO	                		Good1's turn.
12/06/17 11:09:59.673 AM		INFO	                		Good1 attack rolls (1)  (3,1,2,2,1,1,3,3,3,2,2,5,2,3)
12/06/17 11:09:59.681 AM		INFO	                		Bad1 defense rolls (3)  (3,3,5,5,4,5,1,4)
12/06/17 11:09:59.694 AM		INFO	                		Good3's turn.
12/06/17 11:10:46.894 AM		INFO	                		Good1 added to good guys.
12/06/17 11:10:46.912 AM		INFO	                		Ares Predator weapon added to Good1
12/06/17 11:10:46.918 AM		INFO	                		Fireball weapon added to Good1
12/06/17 11:10:46.923 AM		INFO	                		Fist weapon added to Good1
12/06/17 11:10:46.930 AM		INFO	                		Pistols skill added to Good1
12/06/17 11:10:46.932 AM		INFO	                		Spellcasting skill added to Good1
12/06/17 11:10:46.933 AM		INFO	                		Unarmed Combat skill added to Good1
12/06/17 11:10:46.935 AM		INFO	                		Good2 added to good guys.
12/06/17 11:10:46.936 AM		INFO	                		Fireball weapon added to Good2
12/06/17 11:10:46.938 AM		INFO	                		Fist weapon added to Good2
12/06/17 11:10:46.939 AM		INFO	                		Good3 added to good guys.
12/06/17 11:10:46.941 AM		INFO	                		Ares Predator weapon added to Good3
12/06/17 11:10:46.942 AM		INFO	                		Good4 added to good guys.
12/06/17 11:10:46.943 AM		INFO	                		Ares Predator weapon added to Good4
12/06/17 11:10:46.945 AM		INFO	                		Bad1 added to bad guys.
12/06/17 11:10:46.948 AM		INFO	                		Bad2 added to bad guys.
12/06/17 11:10:46.949 AM		INFO	                		Bad3 added to bad guys.
12/06/17 11:10:46.950 AM		INFO	                		Bad4 added to bad guys.
12/06/17 11:10:46.951 AM		INFO	                		Ares Predator weapon added to Bad1
12/06/17 11:10:46.952 AM		INFO	                		Ares Predator weapon added to Bad2
12/06/17 11:10:46.953 AM		INFO	                		Ares Predator weapon added to Bad3
12/06/17 11:10:46.953 AM		INFO	                		Ares Predator weapon added to Bad4
12/06/17 11:10:46.956 AM		INFO	                		Pistols skill added to Bad1
12/06/17 11:10:49.167 AM		INITIATIVE	                		Good1 initiative is 0 (1,4,1,2,15) (23)
12/06/17 11:10:49.179 AM		INITIATIVE	                		Good2 initiative is 0 (3,6) (9)
12/06/17 11:10:49.187 AM		INITIATIVE	                		Good3 initiative is 0 (5,1,8) (14)
12/06/17 11:10:49.199 AM		INITIATIVE	                		Good4 initiative is 0 (5,6) (11)
12/06/17 11:10:49.205 AM		INITIATIVE	                		Bad1 initiative is 0 (3,4) (7)
12/06/17 11:10:49.214 AM		INITIATIVE	                		Bad2 initiative is 0 (4,6) (10)
12/06/17 11:10:49.221 AM		INITIATIVE	                		Bad3 initiative is 0 (4,4,4) (12)
12/06/17 11:10:49.228 AM		INITIATIVE	                		Bad4 initiative is 0 (1,6) (7)
12/06/17 11:10:49.237 AM		INFO	                		Good1's turn.
12/06/17 11:10:53.482 AM		INFO	                		Good1 missed Bad1
12/06/17 11:10:53.506 AM		INFO	                		Good1 attack rolls (2)  (3,3,2,3,2,1,1,4,1,5,1,2,3,5)
12/06/17 11:10:53.520 AM		INFO	                		Bad1 defense rolls (2)  (3,5,2,5,2,3,1,1)
12/06/17 11:10:53.531 AM		INFO	                		Good3's turn.
12/06/17 11:11:04.376 AM		INFO	                		Good3 missed Bad1
12/06/17 11:11:04.386 AM		INFO	                		Good3 attack rolls (0)  (2,3,4,4,3)
12/06/17 11:11:04.396 AM		INFO	                		Bad1 defense rolls (2)  (5,5,3,1,2,3,3,1)
12/06/17 11:11:04.407 AM		INFO	                		Bad3's turn.
12/06/17 11:11:17.091 AM		INFO	                		Bad3 missed Good1
12/06/17 11:11:17.102 AM		INFO	                		Bad3 attack rolls (0)  (2,1,3,3,4)
12/06/17 11:11:17.113 AM		INFO	                		Good1 defense rolls (6)  (4,3,5,1,4,2,3,3,3,5,3,5,5,2,4,2,4,5,5)
12/06/17 11:11:17.128 AM		INFO	                		Good4's turn.
12/06/17 11:11:28.563 AM		INFO	                		Good4 missed Bad4
12/06/17 11:11:28.585 AM		INFO	                		Good4 attack rolls (1)  (2,5,4,1,2)
12/06/17 11:11:28.601 AM		INFO	                		Bad4 defense rolls (2)  (5,4,4,3,2,4,5,1,3,2)
12/06/17 11:11:28.617 AM		INFO	                		Bad2's turn.
12/06/17 11:11:33.755 AM		INFO	                		Bad2 missed Good1
12/06/17 11:11:33.768 AM		INFO	                		Bad2 attack rolls (2)  (2,1,5,5,4)
12/06/17 11:11:33.781 AM		INFO	                		Good1 defense rolls (7)  (5,2,1,2,5,5,4,2,2,4,5,5,5,4,4,1,5,2,4)
12/06/17 11:11:33.792 AM		INFO	                		Good2's turn.
12/06/17 11:11:57.491 AM		INFO	                		Good2 missed Bad1
12/06/17 11:11:57.497 AM		INFO	                		Good2 attack rolls (0)  (3,2,3,3)
12/06/17 11:11:57.507 AM		INFO	                		Bad1 defense rolls (2)  (4,4,5,5,4,4,1,3)
12/06/17 11:11:57.518 AM		INFO	                		Bad1's turn.
12/06/17 11:12:04.237 AM		INFO	                		Bad1 missed Good1
12/06/17 11:12:04.256 AM		INFO	                		Bad1 attack rolls (2)  (2,3,1,2,2,5,3,5,3,3,4,1)
12/06/17 11:12:04.270 AM		INFO	                		Good1 defense rolls (5)  (5,2,5,1,4,2,5,5,2,3,1,4,5,3,1,4,2,1,3)
12/06/17 11:12:04.284 AM		INFO	                		Bad4's turn.
12/06/17 11:12:11.061 AM		INFO	                		Bad4 missed Good1
12/06/17 11:12:11.077 AM		INFO	                		Bad4 attack rolls (0)  (4,4,1,2,1)
12/06/17 11:12:11.090 AM		INFO	                		Good1 defense rolls (6)  (1,5,5,5,2,5,2,2,4,4,3,2,5,2,3,1,5,1,2)
12/06/17 11:12:11.105 AM		INFO	                		Good1's turn.
12/06/17 11:12:24.347 AM		INFO	                		Good1 missed Bad1
12/06/17 11:12:24.353 AM		INFO	                		Good1 attack rolls (2)  (2,3,2,1,5,1,1,4,1,3,5,4,2,3)
12/06/17 11:12:24.368 AM		INFO	                		Bad1 defense rolls (2)  (5,1,2,2,1,5,1,4)
12/06/17 11:12:24.376 AM		INFO	                		Good3's turn.
12/06/17 11:12:31.186 AM		INFO	                		Good1 added to good guys.
12/06/17 11:12:31.211 AM		INFO	                		Ares Predator weapon added to Good1
12/06/17 11:12:31.223 AM		INFO	                		Fireball weapon added to Good1
12/06/17 11:12:31.251 AM		INFO	                		Fist weapon added to Good1
12/06/17 11:12:31.253 AM		INFO	                		Pistols skill added to Good1
12/06/17 11:12:31.254 AM		INFO	                		Spellcasting skill added to Good1
12/06/17 11:12:31.254 AM		INFO	                		Unarmed Combat skill added to Good1
12/06/17 11:12:31.256 AM		INFO	                		Good2 added to good guys.
12/06/17 11:12:31.256 AM		INFO	                		Fireball weapon added to Good2
12/06/17 11:12:31.257 AM		INFO	                		Fist weapon added to Good2
12/06/17 11:12:31.258 AM		INFO	                		Good3 added to good guys.
12/06/17 11:12:31.259 AM		INFO	                		Ares Predator weapon added to Good3
12/06/17 11:12:31.260 AM		INFO	                		Good4 added to good guys.
12/06/17 11:12:31.261 AM		INFO	                		Ares Predator weapon added to Good4
12/06/17 11:12:31.262 AM		INFO	                		Bad1 added to bad guys.
12/06/17 11:12:31.263 AM		INFO	                		Bad2 added to bad guys.
12/06/17 11:12:31.264 AM		INFO	                		Bad3 added to bad guys.
12/06/17 11:12:31.265 AM		INFO	                		Bad4 added to bad guys.
12/06/17 11:12:31.266 AM		INFO	                		Ares Predator weapon added to Bad1
12/06/17 11:12:31.267 AM		INFO	                		Ares Predator weapon added to Bad2
12/06/17 11:12:31.268 AM		INFO	                		Ares Predator weapon added to Bad3
12/06/17 11:12:31.268 AM		INFO	                		Ares Predator weapon added to Bad4
12/06/17 11:12:31.269 AM		INFO	                		Pistols skill added to Bad1
12/06/17 11:12:36.586 AM		INITIATIVE	                		Good1 initiative is 0 (1,2,4,4,15) (26)
12/06/17 11:12:36.604 AM		INITIATIVE	                		Good2 initiative is 0 (5,6) (11)
12/06/17 11:12:36.612 AM		INITIATIVE	                		Good3 initiative is 0 (5,1,8) (14)
12/06/17 11:12:36.624 AM		INITIATIVE	                		Good4 initiative is 0 (5,6) (11)
12/06/17 11:12:36.631 AM		INITIATIVE	                		Bad1 initiative is 0 (2,4) (6)
12/06/17 11:12:36.638 AM		INITIATIVE	                		Bad2 initiative is 0 (4,6) (10)
12/06/17 11:12:36.644 AM		INITIATIVE	                		Bad3 initiative is 0 (5,4,4) (13)
12/06/17 11:12:36.650 AM		INITIATIVE	                		Bad4 initiative is 0 (3,6) (9)
12/06/17 11:12:36.659 AM		INFO	                		Good1's turn.
12/06/17 11:12:43.180 AM		INFO	                		Bad1 resist rolls (5)  (4,3,5,4,3,5,3,1,4,1,5,5,1,3,4,5)
12/06/17 11:12:43.198 AM		INFO	                		Good1 dv = 10  damage = 5
12/06/17 11:12:43.207 AM		INFO	                		Good1 did physical damage of 5 to Bad1
12/06/17 11:12:43.216 AM		INFO	                		Good1 attack rolls (4)  (3,3,2,2,2,4,5,3,4,5,3,4,5,5)
12/06/17 11:12:43.227 AM		INFO	                		Bad1 defense rolls (3)  (3,4,4,5,5,5,1,3)
12/06/17 11:12:43.236 AM		INFO	                		Good3's turn.
12/06/17 02:06:46.410 PM		INFO	                		Good1 added to good guys.
12/06/17 02:06:46.576 PM		INFO	                		Ares Predator weapon added to Good1
12/06/17 02:06:46.719 PM		INFO	                		Fireball weapon added to Good1
12/06/17 02:06:46.723 PM		INFO	                		Fist weapon added to Good1
12/06/17 02:06:46.728 PM		INFO	                		Pistols skill added to Good1
12/06/17 02:06:46.729 PM		INFO	                		Spellcasting skill added to Good1
12/06/17 02:06:46.730 PM		INFO	                		Unarmed Combat skill added to Good1
12/06/17 02:06:46.731 PM		INFO	                		Good2 added to good guys.
12/06/17 02:06:46.731 PM		INFO	                		Fireball weapon added to Good2
12/06/17 02:06:46.732 PM		INFO	                		Fist weapon added to Good2
12/06/17 02:06:46.733 PM		INFO	                		Good3 added to good guys.
12/06/17 02:06:46.733 PM		INFO	                		Ares Predator weapon added to Good3
12/06/17 02:06:46.734 PM		INFO	                		Good4 added to good guys.
12/06/17 02:06:46.735 PM		INFO	                		Ares Predator weapon added to Good4
12/06/17 02:06:46.763 PM		INFO	                		Bad1 added to bad guys.
12/06/17 02:06:46.764 PM		INFO	                		Bad2 added to bad guys.
12/06/17 02:06:46.765 PM		INFO	                		Bad3 added to bad guys.
12/06/17 02:06:46.766 PM		INFO	                		Bad4 added to bad guys.
12/06/17 02:06:46.767 PM		INFO	                		Ares Predator weapon added to Bad1
12/06/17 02:06:46.767 PM		INFO	                		Ares Predator weapon added to Bad2
12/06/17 02:06:46.768 PM		INFO	                		Ares Predator weapon added to Bad3
12/06/17 02:06:46.769 PM		INFO	                		Ares Predator weapon added to Bad4
12/06/17 02:06:46.769 PM		INFO	                		Pistols skill added to Bad1
12/06/17 02:06:51.936 PM		INITIATIVE	                		Good1 initiative is 0 (4,3,4,4,15) (30)
12/06/17 02:06:51.953 PM		INITIATIVE	                		Good2 initiative is 0 (1,6) (7)
12/06/17 02:06:51.962 PM		INITIATIVE	                		Good3 initiative is 0 (4,1,8) (13)
12/06/17 02:06:51.979 PM		INITIATIVE	                		Good4 initiative is 0 (3,6) (9)
12/06/17 02:06:52.004 PM		INITIATIVE	                		Bad1 initiative is 0 (4,4) (8)
12/06/17 02:06:52.010 PM		INITIATIVE	                		Bad2 initiative is 0 (4,6) (10)
12/06/17 02:06:52.018 PM		INITIATIVE	                		Bad3 initiative is 0 (2,1,4) (7)
12/06/17 02:06:52.026 PM		INITIATIVE	                		Bad4 initiative is 0 (4,6) (10)
12/06/17 02:06:52.037 PM		INFO	                		Good1's turn.
12/06/17 02:07:11.924 PM		INFO	                		Good1 added to good guys.
12/06/17 02:07:11.942 PM		INFO	                		Ares Predator weapon added to Good1
12/06/17 02:07:11.947 PM		INFO	                		Fireball weapon added to Good1
12/06/17 02:07:11.951 PM		INFO	                		Fist weapon added to Good1
12/06/17 02:07:11.957 PM		INFO	                		Pistols skill added to Good1
12/06/17 02:07:11.958 PM		INFO	                		Spellcasting skill added to Good1
12/06/17 02:07:11.959 PM		INFO	                		Unarmed Combat skill added to Good1
12/06/17 02:07:11.960 PM		INFO	                		Good2 added to good guys.
12/06/17 02:07:11.962 PM		INFO	                		Fireball weapon added to Good2
12/06/17 02:07:11.963 PM		INFO	                		Fist weapon added to Good2
12/06/17 02:07:11.965 PM		INFO	                		Good3 added to good guys.
12/06/17 02:07:11.966 PM		INFO	                		Ares Predator weapon added to Good3
12/06/17 02:07:11.967 PM		INFO	                		Good4 added to good guys.
12/06/17 02:07:11.968 PM		INFO	                		Ares Predator weapon added to Good4
12/06/17 02:07:11.970 PM		INFO	                		Bad1 added to bad guys.
12/06/17 02:07:11.972 PM		INFO	                		Bad2 added to bad guys.
12/06/17 02:07:11.973 PM		INFO	                		Bad3 added to bad guys.
12/06/17 02:07:11.975 PM		INFO	                		Bad4 added to bad guys.
12/06/17 02:07:11.975 PM		INFO	                		Ares Predator weapon added to Bad1
12/06/17 02:07:11.976 PM		INFO	                		Ares Predator weapon added to Bad2
12/06/17 02:07:11.977 PM		INFO	                		Ares Predator weapon added to Bad3
12/06/17 02:07:11.978 PM		INFO	                		Ares Predator weapon added to Bad4
12/06/17 02:07:11.978 PM		INFO	                		Pistols skill added to Bad1
12/06/17 02:07:16.433 PM		INITIATIVE	                		Good1 initiative is 0 (3,4,1,2,15) (25)
12/06/17 02:07:16.450 PM		INITIATIVE	                		Good2 initiative is 0 (2,6) (8)
12/06/17 02:07:16.470 PM		INITIATIVE	                		Good3 initiative is 0 (1,1,8) (10)
12/06/17 02:07:16.488 PM		INITIATIVE	                		Good4 initiative is 0 (2,6) (8)
12/06/17 02:07:16.499 PM		INITIATIVE	                		Bad1 initiative is 0 (4,4) (8)
12/06/17 02:07:16.505 PM		INITIATIVE	                		Bad2 initiative is 0 (3,6) (9)
12/06/17 02:07:16.513 PM		INITIATIVE	                		Bad3 initiative is 0 (1,1,4) (6)
12/06/17 02:07:16.520 PM		INITIATIVE	                		Bad4 initiative is 0 (5,6) (11)
12/06/17 02:07:16.530 PM		INFO	                		Good1's turn.
12/06/17 02:07:36.610 PM		INFO	                		Good1 added to good guys.
12/06/17 02:07:36.629 PM		INFO	                		Ares Predator weapon added to Good1
12/06/17 02:07:36.633 PM		INFO	                		Fireball weapon added to Good1
12/06/17 02:07:36.638 PM		INFO	                		Fist weapon added to Good1
12/06/17 02:07:36.640 PM		INFO	                		Pistols skill added to Good1
12/06/17 02:07:36.641 PM		INFO	                		Spellcasting skill added to Good1
12/06/17 02:07:36.642 PM		INFO	                		Unarmed Combat skill added to Good1
12/06/17 02:07:36.643 PM		INFO	                		Good2 added to good guys.
12/06/17 02:07:36.644 PM		INFO	                		Fireball weapon added to Good2
12/06/17 02:07:36.645 PM		INFO	                		Fist weapon added to Good2
12/06/17 02:07:36.647 PM		INFO	                		Good3 added to good guys.
12/06/17 02:07:36.648 PM		INFO	                		Ares Predator weapon added to Good3
12/06/17 02:07:36.649 PM		INFO	                		Good4 added to good guys.
12/06/17 02:07:36.650 PM		INFO	                		Ares Predator weapon added to Good4
12/06/17 02:07:36.652 PM		INFO	                		Bad1 added to bad guys.
12/06/17 02:07:36.653 PM		INFO	                		Bad2 added to bad guys.
12/06/17 02:07:36.654 PM		INFO	                		Bad3 added to bad guys.
12/06/17 02:07:36.656 PM		INFO	                		Bad4 added to bad guys.
12/06/17 02:07:36.657 PM		INFO	                		Ares Predator weapon added to Bad1
12/06/17 02:07:36.658 PM		INFO	                		Ares Predator weapon added to Bad2
12/06/17 02:07:36.659 PM		INFO	                		Ares Predator weapon added to Bad3
12/06/17 02:07:36.659 PM		INFO	                		Ares Predator weapon added to Bad4
12/06/17 02:07:36.660 PM		INFO	                		Pistols skill added to Bad1
12/06/17 02:07:38.067 PM		INITIATIVE	                		Good1 initiative is 0 (2,3,1,4,15) (25)
12/06/17 02:07:38.083 PM		INITIATIVE	                		Good2 initiative is 0 (1,6) (7)
12/06/17 02:07:38.115 PM		INITIATIVE	                		Good3 initiative is 0 (4,4,8) (16)
12/06/17 02:07:38.136 PM		INITIATIVE	                		Good4 initiative is 0 (2,6) (8)
12/06/17 02:07:38.143 PM		INITIATIVE	                		Bad1 initiative is 0 (3,4) (7)
12/06/17 02:07:38.149 PM		INITIATIVE	                		Bad2 initiative is 0 (1,6) (7)
12/06/17 02:07:38.157 PM		INITIATIVE	                		Bad3 initiative is 0 (4,2,4) (10)
12/06/17 02:07:38.163 PM		INITIATIVE	                		Bad4 initiative is 0 (2,6) (8)
12/06/17 02:07:38.172 PM		INFO	                		Good1's turn.
