11/30/17 09:30:49.369 AM		INFO	                		Good1 added to good guys.
11/30/17 09:30:49.400 AM		INFO	                		Ares Predator weapon added to Good1
11/30/17 09:30:49.401 AM		INFO	                		Fireball weapon added to Good1
11/30/17 09:30:49.402 AM		INFO	                		Fist weapon added to Good1
11/30/17 09:30:49.404 AM		INFO	                		Pistols skill added to Good1
11/30/17 09:30:49.405 AM		INFO	                		Good2 added to good guys.
11/30/17 09:30:49.406 AM		INFO	                		Fireball weapon added to Good2
11/30/17 09:30:49.407 AM		INFO	                		Fist weapon added to Good2
11/30/17 09:30:49.408 AM		INFO	                		Good3 added to good guys.
11/30/17 09:30:49.409 AM		INFO	                		Ares Predator weapon added to Good3
11/30/17 09:30:49.410 AM		INFO	                		Good4 added to good guys.
11/30/17 09:30:49.410 AM		INFO	                		Ares Predator weapon added to Good4
11/30/17 09:30:49.412 AM		INFO	                		Bad1 added to bad guys.
11/30/17 09:30:49.413 AM		INFO	                		Bad2 added to bad guys.
11/30/17 09:30:49.414 AM		INFO	                		Bad3 added to bad guys.
11/30/17 09:30:49.415 AM		INFO	                		Bad4 added to bad guys.
11/30/17 09:30:49.416 AM		INFO	                		Ares Predator weapon added to Bad1
11/30/17 09:30:49.417 AM		INFO	                		Ares Predator weapon added to Bad2
11/30/17 09:30:49.418 AM		INFO	                		Ares Predator weapon added to Bad3
11/30/17 09:30:49.418 AM		INFO	                		Ares Predator weapon added to Bad4
11/30/17 09:30:51.785 AM		INITIATIVE	                		Good1 initiative is 0 (2,4,5,5,15) (31)
11/30/17 09:30:51.792 AM		INITIATIVE	                		Good2 initiative is 0 (4,6) (10)
11/30/17 09:30:51.801 AM		INITIATIVE	                		Good3 initiative is 0 (2,3,8) (13)
11/30/17 09:30:51.810 AM		INITIATIVE	                		Good4 initiative is 0 (5,6) (11)
11/30/17 09:30:51.822 AM		INITIATIVE	                		Bad1 initiative is 0 (2,4) (6)
11/30/17 09:30:51.831 AM		INITIATIVE	                		Bad2 initiative is 0 (3,6) (9)
11/30/17 09:30:51.843 AM		INITIATIVE	                		Bad3 initiative is 0 (3,3,4) (10)
11/30/17 09:30:51.854 AM		INITIATIVE	                		Bad4 initiative is 0 (3,6) (9)
11/30/17 09:30:51.865 AM		INFO	                		Good1's turn.
11/30/17 09:31:22.136 AM		INFO	                		Good1 added to good guys.
11/30/17 09:31:22.152 AM		INFO	                		Ares Predator weapon added to Good1
11/30/17 09:31:22.154 AM		INFO	                		Fireball weapon added to Good1
11/30/17 09:31:22.159 AM		INFO	                		Fist weapon added to Good1
11/30/17 09:31:22.161 AM		INFO	                		Pistols skill added to Good1
11/30/17 09:31:22.163 AM		INFO	                		Good2 added to good guys.
11/30/17 09:31:22.164 AM		INFO	                		Fireball weapon added to Good2
11/30/17 09:31:22.165 AM		INFO	                		Fist weapon added to Good2
11/30/17 09:31:22.166 AM		INFO	                		Good3 added to good guys.
11/30/17 09:31:22.167 AM		INFO	                		Ares Predator weapon added to Good3
11/30/17 09:31:22.168 AM		INFO	                		Good4 added to good guys.
11/30/17 09:31:22.169 AM		INFO	                		Ares Predator weapon added to Good4
11/30/17 09:31:22.171 AM		INFO	                		Bad1 added to bad guys.
11/30/17 09:31:22.172 AM		INFO	                		Bad2 added to bad guys.
11/30/17 09:31:22.173 AM		INFO	                		Bad3 added to bad guys.
11/30/17 09:31:22.174 AM		INFO	                		Bad4 added to bad guys.
11/30/17 09:31:22.176 AM		INFO	                		Ares Predator weapon added to Bad1
11/30/17 09:31:22.177 AM		INFO	                		Ares Predator weapon added to Bad2
11/30/17 09:31:22.178 AM		INFO	                		Ares Predator weapon added to Bad3
11/30/17 09:31:22.179 AM		INFO	                		Ares Predator weapon added to Bad4
11/30/17 09:31:24.528 AM		INITIATIVE	                		Good1 initiative is 0 (4,5,1,3,15) (28)
11/30/17 09:31:24.544 AM		INITIATIVE	                		Good2 initiative is 0 (2,6) (8)
11/30/17 09:31:24.559 AM		INITIATIVE	                		Good3 initiative is 0 (1,1,8) (10)
11/30/17 09:31:24.559 AM		INITIATIVE	                		Good4 initiative is 0 (3,6) (9)
11/30/17 09:31:24.560 AM		INITIATIVE	                		Bad1 initiative is 0 (3,4) (7)
11/30/17 09:31:24.560 AM		INITIATIVE	                		Bad2 initiative is 0 (3,6) (9)
11/30/17 09:31:24.595 AM		INITIATIVE	                		Bad3 initiative is 0 (5,3,4) (12)
11/30/17 09:31:24.595 AM		INITIATIVE	                		Bad4 initiative is 0 (1,6) (7)
11/30/17 09:31:24.610 AM		INFO	                		Good1's turn.
