12/05/17 09:05:02.939 AM		INFO	                		Good1 added to good guys.
12/05/17 09:05:03.010 AM		INFO	                		Ares Predator weapon added to Good1
12/05/17 09:05:07.788 AM		INFO	                		Fireball weapon added to Good1
12/05/17 09:05:07.789 AM		INFO	                		Fist weapon added to Good1
12/05/17 09:05:07.790 AM		INFO	                		Pistols skill added to Good1
12/05/17 09:05:07.791 AM		INFO	                		Spellcasting skill added to Good1
12/05/17 09:05:07.791 AM		INFO	                		Unarmed Combat skill added to Good1
12/05/17 09:05:07.792 AM		INFO	                		Good2 added to good guys.
12/05/17 09:05:07.793 AM		INFO	                		Fireball weapon added to Good2
12/05/17 09:05:07.793 AM		INFO	                		Fist weapon added to Good2
12/05/17 09:05:07.794 AM		INFO	                		Good3 added to good guys.
12/05/17 09:05:07.795 AM		INFO	                		Ares Predator weapon added to Good3
12/05/17 09:05:07.795 AM		INFO	                		Good4 added to good guys.
12/05/17 09:05:07.796 AM		INFO	                		Ares Predator weapon added to Good4
12/05/17 09:05:07.797 AM		INFO	                		Bad1 added to bad guys.
12/05/17 09:05:07.798 AM		INFO	                		Bad2 added to bad guys.
12/05/17 09:05:07.799 AM		INFO	                		Bad3 added to bad guys.
12/05/17 09:05:07.799 AM		INFO	                		Bad4 added to bad guys.
12/05/17 09:05:07.800 AM		INFO	                		Ares Predator weapon added to Bad1
12/05/17 09:05:07.800 AM		INFO	                		Ares Predator weapon added to Bad2
12/05/17 09:05:07.801 AM		INFO	                		Ares Predator weapon added to Bad3
12/05/17 09:05:07.801 AM		INFO	                		Ares Predator weapon added to Bad4
12/05/17 09:05:13.814 AM		INITIATIVE	                		Good1 initiative is 0 (1,4,1,4,15) (25)
12/05/17 09:05:13.829 AM		INITIATIVE	                		Good2 initiative is 0 (3,6) (9)
12/05/17 09:05:13.845 AM		INITIATIVE	                		Good3 initiative is 0 (1,2,8) (11)
12/05/17 09:05:13.845 AM		INITIATIVE	                		Good4 initiative is 0 (5,6) (11)
12/05/17 09:05:13.861 AM		INITIATIVE	                		Bad1 initiative is 0 (1,4) (5)
12/05/17 09:05:13.861 AM		INITIATIVE	                		Bad2 initiative is 0 (2,6) (8)
12/05/17 09:05:13.861 AM		INITIATIVE	                		Bad3 initiative is 0 (4,4,4) (12)
12/05/17 09:05:13.876 AM		INITIATIVE	                		Bad4 initiative is 0 (5,6) (11)
12/05/17 09:05:13.876 AM		INFO	                		Good1's turn.
12/05/17 09:06:49.940 AM		INFO	                		Good1 added to good guys.
12/05/17 09:06:49.969 AM		INFO	                		Ares Predator weapon added to Good1
12/05/17 09:06:49.976 AM		INFO	                		Fireball weapon added to Good1
12/05/17 09:06:49.981 AM		INFO	                		Fist weapon added to Good1
12/05/17 09:06:49.983 AM		INFO	                		Pistols skill added to Good1
12/05/17 09:06:49.985 AM		INFO	                		Spellcasting skill added to Good1
12/05/17 09:06:49.986 AM		INFO	                		Unarmed Combat skill added to Good1
12/05/17 09:06:49.996 AM		INFO	                		Good2 added to good guys.
12/05/17 09:06:49.998 AM		INFO	                		Fireball weapon added to Good2
12/05/17 09:06:50.002 AM		INFO	                		Fist weapon added to Good2
12/05/17 09:06:50.004 AM		INFO	                		Good3 added to good guys.
12/05/17 09:06:50.005 AM		INFO	                		Ares Predator weapon added to Good3
12/05/17 09:06:50.009 AM		INFO	                		Good4 added to good guys.
12/05/17 09:06:50.010 AM		INFO	                		Ares Predator weapon added to Good4
12/05/17 09:06:50.011 AM		INFO	                		Bad1 added to bad guys.
12/05/17 09:06:50.012 AM		INFO	                		Bad2 added to bad guys.
12/05/17 09:06:50.013 AM		INFO	                		Bad3 added to bad guys.
12/05/17 09:06:50.014 AM		INFO	                		Bad4 added to bad guys.
12/05/17 09:06:50.015 AM		INFO	                		Ares Predator weapon added to Bad1
12/05/17 09:06:50.015 AM		INFO	                		Ares Predator weapon added to Bad2
12/05/17 09:06:50.016 AM		INFO	                		Ares Predator weapon added to Bad3
12/05/17 09:06:50.017 AM		INFO	                		Ares Predator weapon added to Bad4
12/05/17 09:06:52.886 AM		INITIATIVE	                		Good1 initiative is 0 (2,2,1,1,15) (21)
12/05/17 09:06:52.886 AM		INITIATIVE	                		Good2 initiative is 0 (2,6) (8)
12/05/17 09:06:52.902 AM		INITIATIVE	                		Good3 initiative is 0 (3,1,8) (12)
12/05/17 09:06:52.918 AM		INITIATIVE	                		Good4 initiative is 0 (5,6) (11)
12/05/17 09:06:52.933 AM		INITIATIVE	                		Bad1 initiative is 0 (3,4) (7)
12/05/17 09:06:52.933 AM		INITIATIVE	                		Bad2 initiative is 0 (4,6) (10)
12/05/17 09:06:52.949 AM		INITIATIVE	                		Bad3 initiative is 0 (5,2,4) (11)
12/05/17 09:06:52.949 AM		INITIATIVE	                		Bad4 initiative is 0 (4,6) (10)
12/05/17 09:06:52.964 AM		INFO	                		Good1's turn.
12/05/17 09:07:28.218 AM		INFO	                		Good1 added to good guys.
12/05/17 09:07:28.239 AM		INFO	                		Ares Predator weapon added to Good1
12/05/17 09:07:28.245 AM		INFO	                		Fireball weapon added to Good1
12/05/17 09:07:28.251 AM		INFO	                		Fist weapon added to Good1
12/05/17 09:07:28.253 AM		INFO	                		Pistols skill added to Good1
12/05/17 09:07:28.255 AM		INFO	                		Spellcasting skill added to Good1
12/05/17 09:07:28.256 AM		INFO	                		Unarmed Combat skill added to Good1
12/05/17 09:07:28.257 AM		INFO	                		Good2 added to good guys.
12/05/17 09:07:28.258 AM		INFO	                		Fireball weapon added to Good2
12/05/17 09:07:28.259 AM		INFO	                		Fist weapon added to Good2
12/05/17 09:07:28.260 AM		INFO	                		Good3 added to good guys.
12/05/17 09:07:28.261 AM		INFO	                		Ares Predator weapon added to Good3
12/05/17 09:07:28.263 AM		INFO	                		Good4 added to good guys.
12/05/17 09:07:28.264 AM		INFO	                		Ares Predator weapon added to Good4
12/05/17 09:07:28.266 AM		INFO	                		Bad1 added to bad guys.
12/05/17 09:07:28.270 AM		INFO	                		Bad2 added to bad guys.
12/05/17 09:07:28.273 AM		INFO	                		Bad3 added to bad guys.
12/05/17 09:07:28.274 AM		INFO	                		Bad4 added to bad guys.
12/05/17 09:07:28.275 AM		INFO	                		Ares Predator weapon added to Bad1
12/05/17 09:07:28.276 AM		INFO	                		Ares Predator weapon added to Bad2
12/05/17 09:07:28.277 AM		INFO	                		Ares Predator weapon added to Bad3
12/05/17 09:07:28.278 AM		INFO	                		Ares Predator weapon added to Bad4
12/05/17 09:07:30.511 AM		INITIATIVE	                		Good1 initiative is 0 (1,5,4,3,15) (28)
12/05/17 09:07:30.527 AM		INITIATIVE	                		Good2 initiative is 0 (4,6) (10)
12/05/17 09:07:30.542 AM		INITIATIVE	                		Good3 initiative is 0 (3,3,8) (14)
12/05/17 09:07:30.558 AM		INITIATIVE	                		Good4 initiative is 0 (2,6) (8)
12/05/17 09:07:30.558 AM		INITIATIVE	                		Bad1 initiative is 0 (4,4) (8)
12/05/17 09:07:30.574 AM		INITIATIVE	                		Bad2 initiative is 0 (1,6) (7)
12/05/17 09:07:30.574 AM		INITIATIVE	                		Bad3 initiative is 0 (3,1,4) (8)
12/05/17 09:07:30.589 AM		INITIATIVE	                		Bad4 initiative is 0 (2,6) (8)
12/05/17 09:07:30.589 AM		INFO	                		Good1's turn.
12/05/17 09:10:00.062 AM		INFO	                		Good1 added to good guys.
12/05/17 09:10:00.088 AM		INFO	                		Ares Predator weapon added to Good1
12/05/17 09:10:00.094 AM		INFO	                		Fireball weapon added to Good1
12/05/17 09:10:00.207 AM		INFO	                		Fist weapon added to Good1
12/05/17 09:10:00.209 AM		INFO	                		Pistols skill added to Good1
12/05/17 09:10:00.211 AM		INFO	                		Spellcasting skill added to Good1
12/05/17 09:10:00.212 AM		INFO	                		Unarmed Combat skill added to Good1
12/05/17 09:10:00.213 AM		INFO	                		Good2 added to good guys.
12/05/17 09:10:00.213 AM		INFO	                		Fireball weapon added to Good2
12/05/17 09:10:00.214 AM		INFO	                		Fist weapon added to Good2
12/05/17 09:10:00.215 AM		INFO	                		Good3 added to good guys.
12/05/17 09:10:00.216 AM		INFO	                		Ares Predator weapon added to Good3
12/05/17 09:10:00.216 AM		INFO	                		Good4 added to good guys.
12/05/17 09:10:00.217 AM		INFO	                		Ares Predator weapon added to Good4
12/05/17 09:10:00.219 AM		INFO	                		Bad1 added to bad guys.
12/05/17 09:10:00.220 AM		INFO	                		Bad2 added to bad guys.
12/05/17 09:10:00.221 AM		INFO	                		Bad3 added to bad guys.
12/05/17 09:10:00.222 AM		INFO	                		Bad4 added to bad guys.
12/05/17 09:10:00.222 AM		INFO	                		Ares Predator weapon added to Bad1
12/05/17 09:10:00.224 AM		INFO	                		Ares Predator weapon added to Bad2
12/05/17 09:10:00.225 AM		INFO	                		Ares Predator weapon added to Bad3
12/05/17 09:10:00.225 AM		INFO	                		Ares Predator weapon added to Bad4
12/05/17 09:10:02.224 AM		INITIATIVE	                		Good1 initiative is 0 (4,5,5,2,15) (31)
12/05/17 09:10:02.240 AM		INITIATIVE	                		Good2 initiative is 0 (1,6) (7)
12/05/17 09:10:02.255 AM		INITIATIVE	                		Good3 initiative is 0 (2,4,8) (14)
12/05/17 09:10:02.271 AM		INITIATIVE	                		Good4 initiative is 0 (2,6) (8)
12/05/17 09:10:02.271 AM		INITIATIVE	                		Bad1 initiative is 0 (5,4) (9)
12/05/17 09:10:02.271 AM		INITIATIVE	                		Bad2 initiative is 0 (4,6) (10)
12/05/17 09:10:02.287 AM		INITIATIVE	                		Bad3 initiative is 0 (4,1,4) (9)
12/05/17 09:10:02.287 AM		INITIATIVE	                		Bad4 initiative is 0 (1,6) (7)
12/05/17 09:10:02.302 AM		INFO	                		Good1's turn.
12/05/17 09:10:18.896 AM		INFO	                		Good1 added to good guys.
12/05/17 09:10:18.909 AM		INFO	                		Ares Predator weapon added to Good1
12/05/17 09:10:18.915 AM		INFO	                		Fireball weapon added to Good1
12/05/17 09:10:18.921 AM		INFO	                		Fist weapon added to Good1
12/05/17 09:10:18.927 AM		INFO	                		Pistols skill added to Good1
12/05/17 09:10:18.928 AM		INFO	                		Spellcasting skill added to Good1
12/05/17 09:10:18.929 AM		INFO	                		Unarmed Combat skill added to Good1
12/05/17 09:10:18.931 AM		INFO	                		Good2 added to good guys.
12/05/17 09:10:18.932 AM		INFO	                		Fireball weapon added to Good2
12/05/17 09:10:18.933 AM		INFO	                		Fist weapon added to Good2
12/05/17 09:10:18.934 AM		INFO	                		Good3 added to good guys.
12/05/17 09:10:18.935 AM		INFO	                		Ares Predator weapon added to Good3
12/05/17 09:10:18.936 AM		INFO	                		Good4 added to good guys.
12/05/17 09:10:18.938 AM		INFO	                		Ares Predator weapon added to Good4
12/05/17 09:10:18.940 AM		INFO	                		Bad1 added to bad guys.
12/05/17 09:10:18.941 AM		INFO	                		Bad2 added to bad guys.
12/05/17 09:10:18.943 AM		INFO	                		Bad3 added to bad guys.
12/05/17 09:10:18.944 AM		INFO	                		Bad4 added to bad guys.
12/05/17 09:10:18.945 AM		INFO	                		Ares Predator weapon added to Bad1
12/05/17 09:10:18.946 AM		INFO	                		Ares Predator weapon added to Bad2
12/05/17 09:10:18.947 AM		INFO	                		Ares Predator weapon added to Bad3
12/05/17 09:10:18.947 AM		INFO	                		Ares Predator weapon added to Bad4
12/05/17 09:10:23.166 AM		INITIATIVE	                		Good1 initiative is 0 (5,4,5,2,15) (31)
12/05/17 09:10:23.182 AM		INITIATIVE	                		Good2 initiative is 0 (5,6) (11)
12/05/17 09:10:23.182 AM		INITIATIVE	                		Good3 initiative is 0 (3,4,8) (15)
12/05/17 09:10:23.197 AM		INITIATIVE	                		Good4 initiative is 0 (4,6) (10)
12/05/17 09:10:23.213 AM		INITIATIVE	                		Bad1 initiative is 0 (4,4) (8)
12/05/17 09:10:23.213 AM		INITIATIVE	                		Bad2 initiative is 0 (5,6) (11)
12/05/17 09:10:23.229 AM		INITIATIVE	                		Bad3 initiative is 0 (5,3,4) (12)
12/05/17 09:10:23.229 AM		INITIATIVE	                		Bad4 initiative is 0 (1,6) (7)
12/05/17 09:10:23.244 AM		INFO	                		Good1's turn.
12/05/17 09:12:16.806 AM		INFO	                		Good1 added to good guys.
12/05/17 09:12:16.814 AM		INFO	                		Ares Predator weapon added to Good1
12/05/17 09:12:16.862 AM		INFO	                		Fireball weapon added to Good1
12/05/17 09:12:16.867 AM		INFO	                		Fist weapon added to Good1
12/05/17 09:12:16.870 AM		INFO	                		Pistols skill added to Good1
12/05/17 09:12:16.873 AM		INFO	                		Spellcasting skill added to Good1
12/05/17 09:12:16.874 AM		INFO	                		Unarmed Combat skill added to Good1
12/05/17 09:12:16.875 AM		INFO	                		Good2 added to good guys.
12/05/17 09:12:16.876 AM		INFO	                		Fireball weapon added to Good2
12/05/17 09:12:16.877 AM		INFO	                		Fist weapon added to Good2
12/05/17 09:12:16.879 AM		INFO	                		Good3 added to good guys.
12/05/17 09:12:16.880 AM		INFO	                		Ares Predator weapon added to Good3
12/05/17 09:12:16.881 AM		INFO	                		Good4 added to good guys.
12/05/17 09:12:16.882 AM		INFO	                		Ares Predator weapon added to Good4
12/05/17 09:12:16.883 AM		INFO	                		Bad1 added to bad guys.
12/05/17 09:12:16.884 AM		INFO	                		Bad2 added to bad guys.
12/05/17 09:12:16.885 AM		INFO	                		Bad3 added to bad guys.
12/05/17 09:12:16.886 AM		INFO	                		Bad4 added to bad guys.
12/05/17 09:12:16.887 AM		INFO	                		Ares Predator weapon added to Bad1
12/05/17 09:12:16.887 AM		INFO	                		Ares Predator weapon added to Bad2
12/05/17 09:12:16.888 AM		INFO	                		Ares Predator weapon added to Bad3
12/05/17 09:12:16.889 AM		INFO	                		Ares Predator weapon added to Bad4
12/05/17 09:12:16.889 AM		INFO	                		Pistols skill added to Bad1
12/05/17 09:12:19.100 AM		INITIATIVE	                		Good1 initiative is 0 (3,5,2,3,15) (28)
12/05/17 09:12:19.116 AM		INITIATIVE	                		Good2 initiative is 0 (5,6) (11)
12/05/17 09:12:19.131 AM		INITIATIVE	                		Good3 initiative is 0 (2,1,8) (11)
12/05/17 09:12:19.147 AM		INITIATIVE	                		Good4 initiative is 0 (5,6) (11)
12/05/17 09:12:19.147 AM		INITIATIVE	                		Bad1 initiative is 0 (2,4) (6)
12/05/17 09:12:19.147 AM		INITIATIVE	                		Bad2 initiative is 0 (5,6) (11)
12/05/17 09:12:19.163 AM		INITIATIVE	                		Bad3 initiative is 0 (4,1,4) (9)
12/05/17 09:12:19.163 AM		INITIATIVE	                		Bad4 initiative is 0 (2,6) (8)
12/05/17 09:12:19.178 AM		INFO	                		Good1's turn.
12/05/17 09:12:50.240 AM		INFO	                		Good1 added to good guys.
12/05/17 09:12:50.264 AM		INFO	                		Ares Predator weapon added to Good1
12/05/17 09:12:50.270 AM		INFO	                		Fireball weapon added to Good1
12/05/17 09:12:50.277 AM		INFO	                		Fist weapon added to Good1
12/05/17 09:12:50.285 AM		INFO	                		Pistols skill added to Good1
12/05/17 09:12:50.285 AM		INFO	                		Spellcasting skill added to Good1
12/05/17 09:12:50.286 AM		INFO	                		Unarmed Combat skill added to Good1
12/05/17 09:12:50.287 AM		INFO	                		Good2 added to good guys.
12/05/17 09:12:50.288 AM		INFO	                		Fireball weapon added to Good2
12/05/17 09:12:50.289 AM		INFO	                		Fist weapon added to Good2
12/05/17 09:12:50.290 AM		INFO	                		Good3 added to good guys.
12/05/17 09:12:50.291 AM		INFO	                		Ares Predator weapon added to Good3
12/05/17 09:12:50.292 AM		INFO	                		Good4 added to good guys.
12/05/17 09:12:50.292 AM		INFO	                		Ares Predator weapon added to Good4
12/05/17 09:12:50.294 AM		INFO	                		Bad1 added to bad guys.
12/05/17 09:12:50.294 AM		INFO	                		Bad2 added to bad guys.
12/05/17 09:12:50.295 AM		INFO	                		Bad3 added to bad guys.
12/05/17 09:12:50.296 AM		INFO	                		Bad4 added to bad guys.
12/05/17 09:12:50.297 AM		INFO	                		Ares Predator weapon added to Bad1
12/05/17 09:12:50.297 AM		INFO	                		Ares Predator weapon added to Bad2
12/05/17 09:12:50.298 AM		INFO	                		Ares Predator weapon added to Bad3
12/05/17 09:12:50.298 AM		INFO	                		Ares Predator weapon added to Bad4
12/05/17 09:12:50.299 AM		INFO	                		Pistols skill added to Bad1
12/05/17 09:12:52.179 AM		INITIATIVE	                		Good1 initiative is 0 (3,3,3,5,15) (29)
12/05/17 09:12:52.195 AM		INITIATIVE	                		Good2 initiative is 0 (4,6) (10)
12/05/17 09:12:52.210 AM		INITIATIVE	                		Good3 initiative is 0 (4,3,8) (15)
12/05/17 09:12:52.226 AM		INITIATIVE	                		Good4 initiative is 0 (4,6) (10)
12/05/17 09:12:52.226 AM		INITIATIVE	                		Bad1 initiative is 0 (5,4) (9)
12/05/17 09:12:52.241 AM		INITIATIVE	                		Bad2 initiative is 0 (2,6) (8)
12/05/17 09:12:52.241 AM		INITIATIVE	                		Bad3 initiative is 0 (4,2,4) (10)
12/05/17 09:12:52.257 AM		INITIATIVE	                		Bad4 initiative is 0 (4,6) (10)
12/05/17 09:12:52.273 AM		INFO	                		Good1's turn.
12/05/17 09:13:47.356 AM		INFO	                		Good3's turn.
12/05/17 12:49:04.851 PM		INFO	                		Good1 added to good guys.
12/05/17 12:49:05.141 PM		INFO	                		Ares Predator weapon added to Good1
12/05/17 12:49:05.159 PM		INFO	                		Fireball weapon added to Good1
12/05/17 12:49:05.163 PM		INFO	                		Fist weapon added to Good1
12/05/17 12:49:05.164 PM		INFO	                		Pistols skill added to Good1
12/05/17 12:49:05.165 PM		INFO	                		Spellcasting skill added to Good1
12/05/17 12:49:05.166 PM		INFO	                		Unarmed Combat skill added to Good1
12/05/17 12:49:05.166 PM		INFO	                		Good2 added to good guys.
12/05/17 12:49:05.167 PM		INFO	                		Fireball weapon added to Good2
12/05/17 12:49:05.168 PM		INFO	                		Fist weapon added to Good2
12/05/17 12:49:05.168 PM		INFO	                		Good3 added to good guys.
12/05/17 12:49:05.169 PM		INFO	                		Ares Predator weapon added to Good3
12/05/17 12:49:05.170 PM		INFO	                		Good4 added to good guys.
12/05/17 12:49:05.171 PM		INFO	                		Ares Predator weapon added to Good4
12/05/17 12:49:05.184 PM		INFO	                		Bad1 added to bad guys.
12/05/17 12:49:05.185 PM		INFO	                		Bad2 added to bad guys.
12/05/17 12:49:05.186 PM		INFO	                		Bad3 added to bad guys.
12/05/17 12:49:05.187 PM		INFO	                		Bad4 added to bad guys.
12/05/17 12:49:05.187 PM		INFO	                		Ares Predator weapon added to Bad1
12/05/17 12:49:05.188 PM		INFO	                		Ares Predator weapon added to Bad2
12/05/17 12:49:05.188 PM		INFO	                		Ares Predator weapon added to Bad3
12/05/17 12:49:05.189 PM		INFO	                		Ares Predator weapon added to Bad4
12/05/17 12:49:05.189 PM		INFO	                		Pistols skill added to Bad1
12/05/17 12:49:09.745 PM		INITIATIVE	                		Good1 initiative is 0 (5,4,1,3,15) (28)
12/05/17 12:49:09.809 PM		INITIATIVE	                		Good2 initiative is 0 (5,6) (11)
12/05/17 12:49:09.828 PM		INITIATIVE	                		Good3 initiative is 0 (2,2,8) (12)
12/05/17 12:49:09.838 PM		INITIATIVE	                		Good4 initiative is 0 (5,6) (11)
12/05/17 12:49:09.846 PM		INITIATIVE	                		Bad1 initiative is 0 (5,4) (9)
12/05/17 12:49:09.853 PM		INITIATIVE	                		Bad2 initiative is 0 (4,6) (10)
12/05/17 12:49:09.861 PM		INITIATIVE	                		Bad3 initiative is 0 (1,4,4) (9)
12/05/17 12:49:09.868 PM		INITIATIVE	                		Bad4 initiative is 0 (1,6) (7)
12/05/17 12:49:09.881 PM		INFO	                		Good1's turn.
12/05/17 12:49:46.410 PM		INFO	                		Good1 added to good guys.
12/05/17 12:49:46.432 PM		INFO	                		Ares Predator weapon added to Good1
12/05/17 12:49:46.436 PM		INFO	                		Fireball weapon added to Good1
12/05/17 12:49:46.437 PM		INFO	                		Fist weapon added to Good1
12/05/17 12:49:46.439 PM		INFO	                		Pistols skill added to Good1
12/05/17 12:49:46.439 PM		INFO	                		Spellcasting skill added to Good1
12/05/17 12:49:46.440 PM		INFO	                		Unarmed Combat skill added to Good1
12/05/17 12:49:46.440 PM		INFO	                		Good2 added to good guys.
12/05/17 12:49:46.441 PM		INFO	                		Fireball weapon added to Good2
12/05/17 12:49:46.441 PM		INFO	                		Fist weapon added to Good2
12/05/17 12:49:46.442 PM		INFO	                		Good3 added to good guys.
12/05/17 12:49:46.442 PM		INFO	                		Ares Predator weapon added to Good3
12/05/17 12:49:46.443 PM		INFO	                		Good4 added to good guys.
12/05/17 12:49:46.444 PM		INFO	                		Ares Predator weapon added to Good4
12/05/17 12:49:46.445 PM		INFO	                		Bad1 added to bad guys.
12/05/17 12:49:46.445 PM		INFO	                		Bad2 added to bad guys.
12/05/17 12:49:46.446 PM		INFO	                		Bad3 added to bad guys.
12/05/17 12:49:46.446 PM		INFO	                		Bad4 added to bad guys.
12/05/17 12:49:46.447 PM		INFO	                		Ares Predator weapon added to Bad1
12/05/17 12:49:46.447 PM		INFO	                		Ares Predator weapon added to Bad2
12/05/17 12:49:46.448 PM		INFO	                		Ares Predator weapon added to Bad3
12/05/17 12:49:46.448 PM		INFO	                		Ares Predator weapon added to Bad4
12/05/17 12:49:46.449 PM		INFO	                		Pistols skill added to Bad1
12/05/17 12:49:47.891 PM		INITIATIVE	                		Good1 initiative is 0 (4,1,5,4,15) (29)
12/05/17 12:49:47.907 PM		INITIATIVE	                		Good2 initiative is 0 (4,6) (10)
12/05/17 12:49:47.916 PM		INITIATIVE	                		Good3 initiative is 0 (4,1,8) (13)
12/05/17 12:49:47.927 PM		INITIATIVE	                		Good4 initiative is 0 (4,6) (10)
12/05/17 12:49:47.932 PM		INITIATIVE	                		Bad1 initiative is 0 (3,4) (7)
12/05/17 12:49:47.940 PM		INITIATIVE	                		Bad2 initiative is 0 (5,6) (11)
12/05/17 12:49:47.946 PM		INITIATIVE	                		Bad3 initiative is 0 (1,2,4) (7)
12/05/17 12:49:47.953 PM		INITIATIVE	                		Bad4 initiative is 0 (1,6) (7)
12/05/17 12:49:47.964 PM		INFO	                		Good1's turn.
