11/17/17 10:50:21.515 AM		INFO	                		Good1 added to good guys.
11/17/17 10:50:21.530 AM		INFO	                		Ares Predator weapon added to Good1
11/17/17 10:50:21.531 AM		INFO	                		Fireball weapon added to Good1
11/17/17 10:50:21.531 AM		INFO	                		Fist weapon added to Good1
11/17/17 10:50:21.532 AM		INFO	                		Good2 added to good guys.
11/17/17 10:50:21.532 AM		INFO	                		Fireball weapon added to Good2
11/17/17 10:50:21.533 AM		INFO	                		Fist weapon added to Good2
11/17/17 10:50:21.533 AM		INFO	                		Good3 added to good guys.
11/17/17 10:50:21.534 AM		INFO	                		Good4 added to good guys.
11/17/17 10:50:21.584 AM		INFO	                		Bad1 added to bad guys.
11/17/17 10:50:21.585 AM		INFO	                		Bad2 added to bad guys.
11/17/17 10:50:21.586 AM		INFO	                		Bad3 added to bad guys.
11/17/17 10:50:21.587 AM		INFO	                		Bad4 added to bad guys.
11/17/17 10:52:22.165 AM		INFO	                		Good1 added to good guys.
11/17/17 10:52:22.192 AM		INFO	                		Ares Predator weapon added to Good1
11/17/17 10:52:22.200 AM		INFO	                		Fireball weapon added to Good1
11/17/17 10:52:22.204 AM		INFO	                		Fist weapon added to Good1
11/17/17 10:52:22.209 AM		INFO	                		Good2 added to good guys.
11/17/17 10:52:22.210 AM		INFO	                		Fireball weapon added to Good2
11/17/17 10:52:22.211 AM		INFO	                		Fist weapon added to Good2
11/17/17 10:52:22.212 AM		INFO	                		Good3 added to good guys.
11/17/17 10:52:22.213 AM		INFO	                		Good4 added to good guys.
11/17/17 10:52:22.215 AM		INFO	                		Bad1 added to bad guys.
11/17/17 10:52:22.215 AM		INFO	                		Bad2 added to bad guys.
11/17/17 10:52:22.216 AM		INFO	                		Bad3 added to bad guys.
11/17/17 10:52:22.218 AM		INFO	                		Bad4 added to bad guys.
11/17/17 10:52:40.557 AM		INFO	                		Good1 added to good guys.
11/17/17 10:52:40.574 AM		INFO	                		Ares Predator weapon added to Good1
11/17/17 10:52:40.579 AM		INFO	                		Fireball weapon added to Good1
11/17/17 10:52:40.583 AM		INFO	                		Fist weapon added to Good1
11/17/17 10:52:40.588 AM		INFO	                		Good2 added to good guys.
11/17/17 10:52:40.589 AM		INFO	                		Fireball weapon added to Good2
11/17/17 10:52:40.590 AM		INFO	                		Fist weapon added to Good2
11/17/17 10:52:40.591 AM		INFO	                		Good3 added to good guys.
11/17/17 10:52:40.592 AM		INFO	                		Good4 added to good guys.
11/17/17 10:52:40.594 AM		INFO	                		Bad1 added to bad guys.
11/17/17 10:52:40.595 AM		INFO	                		Bad2 added to bad guys.
11/17/17 10:52:40.596 AM		INFO	                		Bad3 added to bad guys.
11/17/17 10:52:40.597 AM		INFO	                		Bad4 added to bad guys.
11/17/17 10:53:50.958 AM		INFO	                		Good1 added to good guys.
11/17/17 10:53:50.985 AM		INFO	                		Ares Predator weapon added to Good1
11/17/17 10:53:50.994 AM		INFO	                		Fireball weapon added to Good1
11/17/17 10:53:50.999 AM		INFO	                		Fist weapon added to Good1
11/17/17 10:53:51.001 AM		INFO	                		Good2 added to good guys.
11/17/17 10:53:51.001 AM		INFO	                		Fireball weapon added to Good2
11/17/17 10:53:51.002 AM		INFO	                		Fist weapon added to Good2
11/17/17 10:53:51.003 AM		INFO	                		Good3 added to good guys.
11/17/17 10:53:51.003 AM		INFO	                		Good4 added to good guys.
11/17/17 10:53:51.005 AM		INFO	                		Bad1 added to bad guys.
11/17/17 10:53:51.005 AM		INFO	                		Bad2 added to bad guys.
11/17/17 10:53:51.006 AM		INFO	                		Bad3 added to bad guys.
11/17/17 10:53:51.007 AM		INFO	                		Bad4 added to bad guys.
11/17/17 10:55:21.545 AM		INFO	                		Good1 added to good guys.
11/17/17 10:55:21.563 AM		INFO	                		Ares Predator weapon added to Good1
11/17/17 10:55:21.567 AM		INFO	                		Fireball weapon added to Good1
11/17/17 10:55:21.574 AM		INFO	                		Fist weapon added to Good1
11/17/17 10:55:21.576 AM		INFO	                		Good2 added to good guys.
11/17/17 10:55:21.577 AM		INFO	                		Fireball weapon added to Good2
11/17/17 10:55:21.577 AM		INFO	                		Fist weapon added to Good2
11/17/17 10:55:21.581 AM		INFO	                		Good3 added to good guys.
11/17/17 10:55:21.583 AM		INFO	                		Good4 added to good guys.
11/17/17 10:55:21.585 AM		INFO	                		Bad1 added to bad guys.
11/17/17 10:55:21.587 AM		INFO	                		Bad2 added to bad guys.
11/17/17 10:55:21.588 AM		INFO	                		Bad3 added to bad guys.
11/17/17 10:55:21.590 AM		INFO	                		Bad4 added to bad guys.
11/17/17 10:55:53.734 AM		INFO	                		Good1 added to good guys.
11/17/17 10:55:53.749 AM		INFO	                		Ares Predator weapon added to Good1
11/17/17 10:55:53.757 AM		INFO	                		Fireball weapon added to Good1
11/17/17 10:55:53.762 AM		INFO	                		Fist weapon added to Good1
11/17/17 10:55:53.769 AM		INFO	                		Good2 added to good guys.
11/17/17 10:55:53.770 AM		INFO	                		Fireball weapon added to Good2
11/17/17 10:55:53.771 AM		INFO	                		Fist weapon added to Good2
11/17/17 10:55:53.773 AM		INFO	                		Good3 added to good guys.
11/17/17 10:55:53.775 AM		INFO	                		Good4 added to good guys.
11/17/17 10:55:53.776 AM		INFO	                		Bad1 added to bad guys.
11/17/17 10:55:53.778 AM		INFO	                		Bad2 added to bad guys.
11/17/17 10:55:53.779 AM		INFO	                		Bad3 added to bad guys.
11/17/17 10:55:53.780 AM		INFO	                		Bad4 added to bad guys.
11/17/17 11:00:48.574 AM		INFO	                		Good1 added to good guys.
11/17/17 11:00:48.604 AM		INFO	                		Ares Predator weapon added to Good1
11/17/17 11:00:48.613 AM		INFO	                		Fireball weapon added to Good1
11/17/17 11:00:48.620 AM		INFO	                		Fist weapon added to Good1
11/17/17 11:00:48.621 AM		INFO	                		Good2 added to good guys.
11/17/17 11:00:48.622 AM		INFO	                		Fireball weapon added to Good2
11/17/17 11:00:48.623 AM		INFO	                		Fist weapon added to Good2
11/17/17 11:00:48.624 AM		INFO	                		Good3 added to good guys.
11/17/17 11:00:48.625 AM		INFO	                		Good4 added to good guys.
11/17/17 11:00:48.627 AM		INFO	                		Bad1 added to bad guys.
11/17/17 11:00:48.629 AM		INFO	                		Bad2 added to bad guys.
11/17/17 11:00:48.630 AM		INFO	                		Bad3 added to bad guys.
11/17/17 11:00:48.631 AM		INFO	                		Bad4 added to bad guys.
11/17/17 11:11:58.419 AM		INFO	                		Good1 added to good guys.
11/17/17 11:11:58.443 AM		INFO	                		Ares Predator weapon added to Good1
11/17/17 11:11:58.608 AM		INFO	                		Fireball weapon added to Good1
11/17/17 11:11:58.614 AM		INFO	                		Fist weapon added to Good1
11/17/17 11:11:58.615 AM		INFO	                		Good2 added to good guys.
11/17/17 11:11:58.616 AM		INFO	                		Fireball weapon added to Good2
11/17/17 11:11:58.617 AM		INFO	                		Fist weapon added to Good2
11/17/17 11:11:58.619 AM		INFO	                		Good3 added to good guys.
11/17/17 11:11:58.620 AM		INFO	                		Good4 added to good guys.
11/17/17 11:11:58.622 AM		INFO	                		Bad1 added to bad guys.
11/17/17 11:11:58.623 AM		INFO	                		Bad2 added to bad guys.
11/17/17 11:11:58.624 AM		INFO	                		Bad3 added to bad guys.
11/17/17 11:11:58.625 AM		INFO	                		Bad4 added to bad guys.
11/17/17 11:13:47.083 AM		INFO	                		Good1 added to good guys.
11/17/17 11:13:47.107 AM		INFO	                		Ares Predator weapon added to Good1
11/17/17 11:13:47.115 AM		INFO	                		Fireball weapon added to Good1
11/17/17 11:13:47.122 AM		INFO	                		Fist weapon added to Good1
11/17/17 11:13:47.124 AM		INFO	                		Good2 added to good guys.
11/17/17 11:13:47.125 AM		INFO	                		Fireball weapon added to Good2
11/17/17 11:13:47.125 AM		INFO	                		Fist weapon added to Good2
11/17/17 11:13:47.127 AM		INFO	                		Good3 added to good guys.
11/17/17 11:13:47.128 AM		INFO	                		Good4 added to good guys.
11/17/17 11:13:47.129 AM		INFO	                		Bad1 added to bad guys.
11/17/17 11:13:47.130 AM		INFO	                		Bad2 added to bad guys.
11/17/17 11:13:47.131 AM		INFO	                		Bad3 added to bad guys.
11/17/17 11:13:47.132 AM		INFO	                		Bad4 added to bad guys.
11/17/17 11:13:49.544 AM		INITIATIVE	                		Good1 initiative is 29
11/17/17 11:13:49.576 AM		INITIATIVE	                		Good2 initiative is 11
11/17/17 11:13:49.591 AM		INITIATIVE	                		Good3 initiative is 13
11/17/17 11:13:49.607 AM		INITIATIVE	                		Good4 initiative is 11
11/17/17 11:13:49.622 AM		INITIATIVE	                		Bad1 initiative is 8
11/17/17 11:13:49.622 AM		INITIATIVE	                		Bad2 initiative is 11
11/17/17 11:13:49.638 AM		INITIATIVE	                		Bad3 initiative is 11
11/17/17 11:13:49.638 AM		INITIATIVE	                		Bad4 initiative is 11
11/17/17 11:22:21.352 AM		INFO	                		Good1 added to good guys.
11/17/17 11:22:21.377 AM		INFO	                		Ares Predator weapon added to Good1
11/17/17 11:22:21.383 AM		INFO	                		Fireball weapon added to Good1
11/17/17 11:22:21.388 AM		INFO	                		Fist weapon added to Good1
11/17/17 11:22:21.400 AM		INFO	                		Good2 added to good guys.
11/17/17 11:22:21.401 AM		INFO	                		Fireball weapon added to Good2
11/17/17 11:22:21.402 AM		INFO	                		Fist weapon added to Good2
11/17/17 11:22:21.403 AM		INFO	                		Good3 added to good guys.
11/17/17 11:22:21.404 AM		INFO	                		Good4 added to good guys.
11/17/17 11:22:21.406 AM		INFO	                		Bad1 added to bad guys.
11/17/17 11:22:21.407 AM		INFO	                		Bad2 added to bad guys.
11/17/17 11:22:21.409 AM		INFO	                		Bad3 added to bad guys.
11/17/17 11:22:21.410 AM		INFO	                		Bad4 added to bad guys.
11/17/17 11:22:24.878 AM		INITIATIVE	                		Good1 initiative is 28
11/17/17 11:22:24.896 AM		INITIATIVE	                		Good2 initiative is 10
11/17/17 11:22:24.913 AM		INITIATIVE	                		Good3 initiative is 13
11/17/17 11:22:24.929 AM		INITIATIVE	                		Good4 initiative is 11
11/17/17 11:22:24.940 AM		INITIATIVE	                		Bad1 initiative is 5
11/17/17 11:22:24.946 AM		INITIATIVE	                		Bad2 initiative is 11
11/17/17 11:22:24.954 AM		INITIATIVE	                		Bad3 initiative is 7
11/17/17 11:22:24.960 AM		INITIATIVE	                		Bad4 initiative is 11
11/17/17 11:39:28.537 AM		INFO	                		Good1 added to good guys.
11/17/17 11:39:28.558 AM		INFO	                		Ares Predator weapon added to Good1
11/17/17 11:39:28.570 AM		INFO	                		Fireball weapon added to Good1
11/17/17 11:39:28.575 AM		INFO	                		Fist weapon added to Good1
11/17/17 11:39:28.576 AM		INFO	                		Good2 added to good guys.
11/17/17 11:39:28.578 AM		INFO	                		Fireball weapon added to Good2
11/17/17 11:39:28.579 AM		INFO	                		Fist weapon added to Good2
11/17/17 11:39:28.582 AM		INFO	                		Good3 added to good guys.
11/17/17 11:39:28.583 AM		INFO	                		Good4 added to good guys.
11/17/17 11:39:28.585 AM		INFO	                		Bad1 added to bad guys.
11/17/17 11:39:28.588 AM		INFO	                		Bad2 added to bad guys.
11/17/17 11:39:28.589 AM		INFO	                		Bad3 added to bad guys.
11/17/17 11:39:28.590 AM		INFO	                		Bad4 added to bad guys.
11/17/17 11:39:30.167 AM		INITIATIVE	                		Good1 initiative is 26
11/17/17 11:39:30.182 AM		INITIATIVE	                		Good2 initiative is 7
11/17/17 11:39:30.198 AM		INITIATIVE	                		Good3 initiative is 13
11/17/17 11:39:30.198 AM		INITIATIVE	                		Good4 initiative is 9
11/17/17 11:39:30.213 AM		INITIATIVE	                		Bad1 initiative is 5
11/17/17 11:39:30.213 AM		INITIATIVE	                		Bad2 initiative is 11
11/17/17 11:39:30.213 AM		INITIATIVE	                		Bad3 initiative is 8
11/17/17 11:39:30.229 AM		INITIATIVE	                		Bad4 initiative is 7
11/17/17 11:40:28.874 AM		INFO	                		Good1 added to good guys.
11/17/17 11:40:28.887 AM		INFO	                		Ares Predator weapon added to Good1
11/17/17 11:40:28.893 AM		INFO	                		Fireball weapon added to Good1
11/17/17 11:40:28.895 AM		INFO	                		Fist weapon added to Good1
11/17/17 11:40:28.896 AM		INFO	                		Good2 added to good guys.
11/17/17 11:40:28.897 AM		INFO	                		Fireball weapon added to Good2
11/17/17 11:40:28.898 AM		INFO	                		Fist weapon added to Good2
11/17/17 11:40:28.899 AM		INFO	                		Good3 added to good guys.
11/17/17 11:40:28.899 AM		INFO	                		Ares Predator weapon added to Good3
11/17/17 11:40:28.900 AM		INFO	                		Good4 added to good guys.
11/17/17 11:40:28.900 AM		INFO	                		Ares Predator weapon added to Good4
11/17/17 11:40:28.902 AM		INFO	                		Bad1 added to bad guys.
11/17/17 11:40:28.903 AM		INFO	                		Bad2 added to bad guys.
11/17/17 11:40:28.904 AM		INFO	                		Bad3 added to bad guys.
11/17/17 11:40:28.905 AM		INFO	                		Bad4 added to bad guys.
11/17/17 11:40:32.190 AM		INITIATIVE	                		Good1 initiative is 24
11/17/17 11:40:32.221 AM		INITIATIVE	                		Good2 initiative is 7
11/17/17 11:40:32.237 AM		INITIATIVE	                		Good3 initiative is 12
11/17/17 11:40:32.252 AM		INITIATIVE	                		Good4 initiative is 11
11/17/17 11:40:32.268 AM		INITIATIVE	                		Bad1 initiative is 8
11/17/17 11:40:32.268 AM		INITIATIVE	                		Bad2 initiative is 7
11/17/17 11:40:32.268 AM		INITIATIVE	                		Bad3 initiative is 10
11/17/17 11:40:32.284 AM		INITIATIVE	                		Bad4 initiative is 11
11/17/17 11:44:48.973 AM		INFO	                		Good1 added to good guys.
11/17/17 11:44:48.996 AM		INFO	                		Ares Predator weapon added to Good1
11/17/17 11:44:49.002 AM		INFO	                		Fireball weapon added to Good1
11/17/17 11:44:49.007 AM		INFO	                		Fist weapon added to Good1
11/17/17 11:44:49.009 AM		INFO	                		Good2 added to good guys.
11/17/17 11:44:49.009 AM		INFO	                		Fireball weapon added to Good2
11/17/17 11:44:49.010 AM		INFO	                		Fist weapon added to Good2
11/17/17 11:44:49.011 AM		INFO	                		Good3 added to good guys.
11/17/17 11:44:49.011 AM		INFO	                		Ares Predator weapon added to Good3
11/17/17 11:44:49.012 AM		INFO	                		Good4 added to good guys.
11/17/17 11:44:49.013 AM		INFO	                		Ares Predator weapon added to Good4
11/17/17 11:44:49.014 AM		INFO	                		Bad1 added to bad guys.
11/17/17 11:44:49.015 AM		INFO	                		Bad2 added to bad guys.
11/17/17 11:44:49.016 AM		INFO	                		Bad3 added to bad guys.
11/17/17 11:44:49.017 AM		INFO	                		Bad4 added to bad guys.
11/17/17 11:44:52.124 AM		INITIATIVE	                		Good1 initiative is 31
11/17/17 11:44:52.139 AM		INITIATIVE	                		Good2 initiative is 8
11/17/17 11:44:52.155 AM		INITIATIVE	                		Good3 initiative is 12
11/17/17 11:44:52.186 AM		INITIATIVE	                		Good4 initiative is 10
11/17/17 11:44:52.186 AM		INITIATIVE	                		Bad1 initiative is 5
11/17/17 11:44:52.202 AM		INITIATIVE	                		Bad2 initiative is 10
11/17/17 11:44:52.202 AM		INITIATIVE	                		Bad3 initiative is 8
11/17/17 11:44:52.202 AM		INITIATIVE	                		Bad4 initiative is 10
11/17/17 11:47:13.171 AM		INFO	                		Good1 added to good guys.
11/17/17 11:47:13.192 AM		INFO	                		Ares Predator weapon added to Good1
11/17/17 11:47:13.197 AM		INFO	                		Fireball weapon added to Good1
11/17/17 11:47:13.201 AM		INFO	                		Fist weapon added to Good1
11/17/17 11:47:13.202 AM		INFO	                		Good2 added to good guys.
11/17/17 11:47:13.203 AM		INFO	                		Fireball weapon added to Good2
11/17/17 11:47:13.203 AM		INFO	                		Fist weapon added to Good2
11/17/17 11:47:13.204 AM		INFO	                		Good3 added to good guys.
11/17/17 11:47:13.205 AM		INFO	                		Ares Predator weapon added to Good3
11/17/17 11:47:13.206 AM		INFO	                		Good4 added to good guys.
11/17/17 11:47:13.207 AM		INFO	                		Ares Predator weapon added to Good4
11/17/17 11:47:13.209 AM		INFO	                		Bad1 added to bad guys.
11/17/17 11:47:13.210 AM		INFO	                		Bad2 added to bad guys.
11/17/17 11:47:13.211 AM		INFO	                		Bad3 added to bad guys.
11/17/17 11:47:13.212 AM		INFO	                		Bad4 added to bad guys.
11/17/17 11:47:14.900 AM		INITIATIVE	                		Good1 initiative is 26
11/17/17 11:47:14.915 AM		INITIATIVE	                		Good2 initiative is 7
11/17/17 11:47:14.915 AM		INITIATIVE	                		Good3 initiative is 14
11/17/17 11:47:14.931 AM		INITIATIVE	                		Good4 initiative is 10
11/17/17 11:47:14.931 AM		INITIATIVE	                		Bad1 initiative is 7
11/17/17 11:47:14.947 AM		INITIATIVE	                		Bad2 initiative is 8
11/17/17 11:47:14.947 AM		INITIATIVE	                		Bad3 initiative is 9
11/17/17 11:47:14.947 AM		INITIATIVE	                		Bad4 initiative is 7
11/17/17 11:48:16.500 AM		INFO	                		Good1 added to good guys.
11/17/17 11:48:16.516 AM		INFO	                		Ares Predator weapon added to Good1
11/17/17 11:48:16.516 AM		INFO	                		Fireball weapon added to Good1
11/17/17 11:48:16.516 AM		INFO	                		Fist weapon added to Good1
11/17/17 11:48:16.516 AM		INFO	                		Good2 added to good guys.
11/17/17 11:48:16.516 AM		INFO	                		Fireball weapon added to Good2
11/17/17 11:48:16.532 AM		INFO	                		Fist weapon added to Good2
11/17/17 11:48:16.532 AM		INFO	                		Good3 added to good guys.
11/17/17 11:48:16.532 AM		INFO	                		Ares Predator weapon added to Good3
11/17/17 11:48:16.532 AM		INFO	                		Good4 added to good guys.
11/17/17 11:48:16.532 AM		INFO	                		Ares Predator weapon added to Good4
11/17/17 11:48:16.532 AM		INFO	                		Bad1 added to bad guys.
11/17/17 11:48:16.532 AM		INFO	                		Bad2 added to bad guys.
11/17/17 11:48:16.532 AM		INFO	                		Bad3 added to bad guys.
11/17/17 11:48:16.532 AM		INFO	                		Bad4 added to bad guys.
11/17/17 11:48:20.157 AM		INITIATIVE	                		Good1 initiative is 28
11/17/17 11:48:20.191 AM		INITIATIVE	                		Good2 initiative is 11
11/17/17 11:48:20.222 AM		INITIATIVE	                		Good3 initiative is 15
11/17/17 11:48:20.222 AM		INITIATIVE	                		Good4 initiative is 10
11/17/17 11:48:20.238 AM		INITIATIVE	                		Bad1 initiative is 7
11/17/17 11:48:20.238 AM		INITIATIVE	                		Bad2 initiative is 10
11/17/17 11:48:20.253 AM		INITIATIVE	                		Bad3 initiative is 8
11/17/17 11:48:20.253 AM		INITIATIVE	                		Bad4 initiative is 7
11/17/17 11:50:57.637 AM		INFO	                		Good1 added to good guys.
11/17/17 11:50:57.661 AM		INFO	                		Ares Predator weapon added to Good1
11/17/17 11:50:57.666 AM		INFO	                		Fireball weapon added to Good1
11/17/17 11:50:57.669 AM		INFO	                		Fist weapon added to Good1
11/17/17 11:50:57.670 AM		INFO	                		Good2 added to good guys.
11/17/17 11:50:57.671 AM		INFO	                		Fireball weapon added to Good2
11/17/17 11:50:57.671 AM		INFO	                		Fist weapon added to Good2
11/17/17 11:50:57.672 AM		INFO	                		Good3 added to good guys.
11/17/17 11:50:57.672 AM		INFO	                		Ares Predator weapon added to Good3
11/17/17 11:50:57.673 AM		INFO	                		Good4 added to good guys.
11/17/17 11:50:57.674 AM		INFO	                		Ares Predator weapon added to Good4
11/17/17 11:50:57.675 AM		INFO	                		Bad1 added to bad guys.
11/17/17 11:50:57.676 AM		INFO	                		Bad2 added to bad guys.
11/17/17 11:50:57.677 AM		INFO	                		Bad3 added to bad guys.
11/17/17 11:50:57.678 AM		INFO	                		Bad4 added to bad guys.
11/17/17 11:51:00.486 AM		INITIATIVE	                		Good1 initiative is 25
11/17/17 11:51:00.502 AM		INITIATIVE	                		Good2 initiative is 8
11/17/17 11:51:00.517 AM		INITIATIVE	                		Good3 initiative is 17
11/17/17 11:51:00.533 AM		INITIATIVE	                		Good4 initiative is 8
11/17/17 11:51:00.533 AM		INITIATIVE	                		Bad1 initiative is 5
11/17/17 11:51:00.548 AM		INITIATIVE	                		Bad2 initiative is 7
11/17/17 11:51:00.548 AM		INITIATIVE	                		Bad3 initiative is 9
11/17/17 11:51:00.564 AM		INITIATIVE	                		Bad4 initiative is 8
11/17/17 11:52:03.618 AM		INFO	                		Good1 added to good guys.
11/17/17 11:52:03.635 AM		INFO	                		Ares Predator weapon added to Good1
11/17/17 11:52:03.640 AM		INFO	                		Fireball weapon added to Good1
11/17/17 11:52:03.644 AM		INFO	                		Fist weapon added to Good1
11/17/17 11:52:03.645 AM		INFO	                		Good2 added to good guys.
11/17/17 11:52:03.645 AM		INFO	                		Fireball weapon added to Good2
11/17/17 11:52:03.646 AM		INFO	                		Fist weapon added to Good2
11/17/17 11:52:03.646 AM		INFO	                		Good3 added to good guys.
11/17/17 11:52:03.647 AM		INFO	                		Ares Predator weapon added to Good3
11/17/17 11:52:03.647 AM		INFO	                		Good4 added to good guys.
11/17/17 11:52:03.648 AM		INFO	                		Ares Predator weapon added to Good4
11/17/17 11:52:03.649 AM		INFO	                		Bad1 added to bad guys.
11/17/17 11:52:03.649 AM		INFO	                		Bad2 added to bad guys.
11/17/17 11:52:03.650 AM		INFO	                		Bad3 added to bad guys.
11/17/17 11:52:03.651 AM		INFO	                		Bad4 added to bad guys.
11/17/17 11:52:16.956 AM		INITIATIVE	                		Good1 initiative is 25
11/17/17 11:52:16.971 AM		INITIATIVE	                		Good2 initiative is 10
11/17/17 11:52:16.987 AM		INITIATIVE	                		Good3 initiative is 13
11/17/17 11:52:17.002 AM		INITIATIVE	                		Good4 initiative is 9
11/17/17 11:52:17.018 AM		INITIATIVE	                		Bad1 initiative is 9
11/17/17 11:52:17.018 AM		INITIATIVE	                		Bad2 initiative is 10
11/17/17 11:52:17.034 AM		INITIATIVE	                		Bad3 initiative is 6
11/17/17 11:52:17.034 AM		INITIATIVE	                		Bad4 initiative is 9
11/17/17 11:53:34.957 AM		INFO	                		Good1 added to good guys.
11/17/17 11:53:34.973 AM		INFO	                		Ares Predator weapon added to Good1
11/17/17 11:53:34.988 AM		INFO	                		Fireball weapon added to Good1
11/17/17 11:53:34.988 AM		INFO	                		Fist weapon added to Good1
11/17/17 11:53:34.988 AM		INFO	                		Good2 added to good guys.
11/17/17 11:53:34.988 AM		INFO	                		Fireball weapon added to Good2
11/17/17 11:53:34.988 AM		INFO	                		Fist weapon added to Good2
11/17/17 11:53:34.988 AM		INFO	                		Good3 added to good guys.
11/17/17 11:53:34.988 AM		INFO	                		Ares Predator weapon added to Good3
11/17/17 11:53:34.988 AM		INFO	                		Good4 added to good guys.
11/17/17 11:53:34.988 AM		INFO	                		Ares Predator weapon added to Good4
11/17/17 11:53:34.988 AM		INFO	                		Bad1 added to bad guys.
11/17/17 11:53:34.988 AM		INFO	                		Bad2 added to bad guys.
11/17/17 11:53:34.988 AM		INFO	                		Bad3 added to bad guys.
11/17/17 11:53:34.988 AM		INFO	                		Bad4 added to bad guys.
11/17/17 11:53:36.868 AM		INITIATIVE	                		Good1 initiative is 29
11/17/17 11:53:36.884 AM		INITIATIVE	                		Good2 initiative is 8
11/17/17 11:53:36.884 AM		INITIATIVE	                		Good3 initiative is 16
11/17/17 11:53:36.899 AM		INITIATIVE	                		Good4 initiative is 10
11/17/17 11:53:36.915 AM		INITIATIVE	                		Bad1 initiative is 5
11/17/17 11:53:36.915 AM		INITIATIVE	                		Bad2 initiative is 11
11/17/17 11:53:36.915 AM		INITIATIVE	                		Bad3 initiative is 11
11/17/17 11:53:36.931 AM		INITIATIVE	                		Bad4 initiative is 11
11/17/17 11:54:46.815 AM		INFO	                		Good1 added to good guys.
11/17/17 11:54:46.840 AM		INFO	                		Ares Predator weapon added to Good1
11/17/17 11:54:46.847 AM		INFO	                		Fireball weapon added to Good1
11/17/17 11:54:46.871 AM		INFO	                		Fist weapon added to Good1
11/17/17 11:54:46.873 AM		INFO	                		Good2 added to good guys.
11/17/17 11:54:46.875 AM		INFO	                		Fireball weapon added to Good2
11/17/17 11:54:46.876 AM		INFO	                		Fist weapon added to Good2
11/17/17 11:54:46.877 AM		INFO	                		Good3 added to good guys.
11/17/17 11:54:46.877 AM		INFO	                		Ares Predator weapon added to Good3
11/17/17 11:54:46.878 AM		INFO	                		Good4 added to good guys.
11/17/17 11:54:46.878 AM		INFO	                		Ares Predator weapon added to Good4
11/17/17 11:54:46.880 AM		INFO	                		Bad1 added to bad guys.
11/17/17 11:54:46.881 AM		INFO	                		Bad2 added to bad guys.
11/17/17 11:54:46.882 AM		INFO	                		Bad3 added to bad guys.
11/17/17 11:54:46.896 AM		INFO	                		Bad4 added to bad guys.
11/17/17 11:54:49.695 AM		INITIATIVE	                		Good1 initiative is 25
11/17/17 11:54:49.720 AM		INITIATIVE	                		Good2 initiative is 7
11/17/17 11:54:49.735 AM		INITIATIVE	                		Good3 initiative is 17
11/17/17 11:54:49.750 AM		INITIATIVE	                		Good4 initiative is 11
11/17/17 11:54:49.758 AM		INITIATIVE	                		Bad1 initiative is 6
11/17/17 11:54:49.764 AM		INITIATIVE	                		Bad2 initiative is 10
11/17/17 11:54:49.773 AM		INITIATIVE	                		Bad3 initiative is 12
11/17/17 11:54:49.779 AM		INITIATIVE	                		Bad4 initiative is 10
11/17/17 11:55:50.458 AM		INFO	                		Good1 added to good guys.
11/17/17 11:55:50.463 AM		INFO	                		Ares Predator weapon added to Good1
11/17/17 11:55:50.468 AM		INFO	                		Fireball weapon added to Good1
11/17/17 11:55:50.475 AM		INFO	                		Fist weapon added to Good1
11/17/17 11:55:50.482 AM		INFO	                		Good2 added to good guys.
11/17/17 11:55:50.483 AM		INFO	                		Fireball weapon added to Good2
11/17/17 11:55:50.484 AM		INFO	                		Fist weapon added to Good2
11/17/17 11:55:50.485 AM		INFO	                		Good3 added to good guys.
11/17/17 11:55:50.486 AM		INFO	                		Ares Predator weapon added to Good3
11/17/17 11:55:50.487 AM		INFO	                		Good4 added to good guys.
11/17/17 11:55:50.488 AM		INFO	                		Ares Predator weapon added to Good4
11/17/17 11:55:50.490 AM		INFO	                		Bad1 added to bad guys.
11/17/17 11:55:50.491 AM		INFO	                		Bad2 added to bad guys.
11/17/17 11:55:50.493 AM		INFO	                		Bad3 added to bad guys.
11/17/17 11:55:50.494 AM		INFO	                		Bad4 added to bad guys.
11/17/17 11:55:55.085 AM		INITIATIVE	                		Good1 initiative is 34
11/17/17 11:55:55.101 AM		INITIATIVE	                		Good2 initiative is 9
11/17/17 11:55:55.117 AM		INITIATIVE	                		Good3 initiative is 10
11/17/17 11:55:55.132 AM		INITIATIVE	                		Good4 initiative is 9
11/17/17 11:55:55.132 AM		INITIATIVE	                		Bad1 initiative is 5
11/17/17 11:55:55.148 AM		INITIATIVE	                		Bad2 initiative is 7
11/17/17 11:55:55.148 AM		INITIATIVE	                		Bad3 initiative is 11
11/17/17 11:55:55.148 AM		INITIATIVE	                		Bad4 initiative is 11
11/17/17 11:58:28.671 AM		INFO	                		Good1 added to good guys.
11/17/17 11:58:28.714 AM		INFO	                		Ares Predator weapon added to Good1
11/17/17 11:58:28.719 AM		INFO	                		Fireball weapon added to Good1
11/17/17 11:58:28.726 AM		INFO	                		Fist weapon added to Good1
11/17/17 11:58:28.733 AM		INFO	                		Good2 added to good guys.
11/17/17 11:58:28.734 AM		INFO	                		Fireball weapon added to Good2
11/17/17 11:58:28.735 AM		INFO	                		Fist weapon added to Good2
11/17/17 11:58:28.736 AM		INFO	                		Good3 added to good guys.
11/17/17 11:58:28.738 AM		INFO	                		Ares Predator weapon added to Good3
11/17/17 11:58:28.739 AM		INFO	                		Good4 added to good guys.
11/17/17 11:58:28.739 AM		INFO	                		Ares Predator weapon added to Good4
11/17/17 11:58:28.741 AM		INFO	                		Bad1 added to bad guys.
11/17/17 11:58:28.746 AM		INFO	                		Bad2 added to bad guys.
11/17/17 11:58:28.747 AM		INFO	                		Bad3 added to bad guys.
11/17/17 11:58:28.749 AM		INFO	                		Bad4 added to bad guys.
11/17/17 11:58:30.384 AM		INITIATIVE	                		Good1 initiative is 25
11/17/17 11:58:30.415 AM		INITIATIVE	                		Good2 initiative is 10
11/17/17 11:58:30.431 AM		INITIATIVE	                		Good3 initiative is 15
11/17/17 11:58:30.447 AM		INITIATIVE	                		Good4 initiative is 9
11/17/17 11:58:30.462 AM		INITIATIVE	                		Bad1 initiative is 5
11/17/17 11:58:30.462 AM		INITIATIVE	                		Bad2 initiative is 10
11/17/17 11:58:30.478 AM		INITIATIVE	                		Bad3 initiative is 10
11/17/17 11:58:30.478 AM		INITIATIVE	                		Bad4 initiative is 8
11/17/17 11:58:45.490 AM		INFO	                		Good1 added to good guys.
11/17/17 11:58:45.510 AM		INFO	                		Ares Predator weapon added to Good1
11/17/17 11:58:45.524 AM		INFO	                		Fireball weapon added to Good1
11/17/17 11:58:45.531 AM		INFO	                		Fist weapon added to Good1
11/17/17 11:58:45.538 AM		INFO	                		Good2 added to good guys.
11/17/17 11:58:45.539 AM		INFO	                		Fireball weapon added to Good2
11/17/17 11:58:45.539 AM		INFO	                		Fist weapon added to Good2
11/17/17 11:58:45.540 AM		INFO	                		Good3 added to good guys.
11/17/17 11:58:45.541 AM		INFO	                		Ares Predator weapon added to Good3
11/17/17 11:58:45.552 AM		INFO	                		Good4 added to good guys.
11/17/17 11:58:45.553 AM		INFO	                		Ares Predator weapon added to Good4
11/17/17 11:58:45.554 AM		INFO	                		Bad1 added to bad guys.
11/17/17 11:58:45.555 AM		INFO	                		Bad2 added to bad guys.
11/17/17 11:58:45.556 AM		INFO	                		Bad3 added to bad guys.
11/17/17 11:58:45.557 AM		INFO	                		Bad4 added to bad guys.
11/17/17 11:58:47.184 AM		INITIATIVE	                		Good1 initiative is 27
11/17/17 11:58:47.199 AM		INITIATIVE	                		Good2 initiative is 11
11/17/17 11:58:47.215 AM		INITIATIVE	                		Good3 initiative is 15
11/17/17 11:58:47.215 AM		INITIATIVE	                		Good4 initiative is 11
11/17/17 11:58:47.230 AM		INITIATIVE	                		Bad1 initiative is 7
11/17/17 11:58:47.230 AM		INITIATIVE	                		Bad2 initiative is 10
11/17/17 11:58:47.246 AM		INITIATIVE	                		Bad3 initiative is 11
11/17/17 11:58:47.246 AM		INITIATIVE	                		Bad4 initiative is 9
11/17/17 11:58:57.684 AM		INITIATIVE	                		Good1 initiative is 24
11/17/17 11:58:57.684 AM		INITIATIVE	                		Good2 initiative is 7
11/17/17 11:58:57.700 AM		INITIATIVE	                		Good3 initiative is 12
11/17/17 11:58:57.716 AM		INITIATIVE	                		Good4 initiative is 7
11/17/17 11:58:57.716 AM		INITIATIVE	                		Bad1 initiative is 7
11/17/17 11:58:57.731 AM		INITIATIVE	                		Bad2 initiative is 7
11/17/17 11:58:57.731 AM		INITIATIVE	                		Bad3 initiative is 10
11/17/17 11:58:57.731 AM		INITIATIVE	                		Bad4 initiative is 7
11/17/17 11:59:16.047 AM		INFO	                		Good1 added to good guys.
11/17/17 11:59:16.067 AM		INFO	                		Ares Predator weapon added to Good1
11/17/17 11:59:16.072 AM		INFO	                		Fireball weapon added to Good1
11/17/17 11:59:16.077 AM		INFO	                		Fist weapon added to Good1
11/17/17 11:59:16.078 AM		INFO	                		Good2 added to good guys.
11/17/17 11:59:16.078 AM		INFO	                		Fireball weapon added to Good2
11/17/17 11:59:16.079 AM		INFO	                		Fist weapon added to Good2
11/17/17 11:59:16.080 AM		INFO	                		Good3 added to good guys.
11/17/17 11:59:16.081 AM		INFO	                		Ares Predator weapon added to Good3
11/17/17 11:59:16.082 AM		INFO	                		Good4 added to good guys.
11/17/17 11:59:16.083 AM		INFO	                		Ares Predator weapon added to Good4
11/17/17 11:59:16.084 AM		INFO	                		Bad1 added to bad guys.
11/17/17 11:59:16.086 AM		INFO	                		Bad2 added to bad guys.
11/17/17 11:59:16.087 AM		INFO	                		Bad3 added to bad guys.
11/17/17 11:59:16.088 AM		INFO	                		Bad4 added to bad guys.
11/17/17 11:59:17.713 AM		INITIATIVE	                		Good1 initiative is 31
11/17/17 11:59:17.744 AM		INITIATIVE	                		Good2 initiative is 10
11/17/17 11:59:17.760 AM		INITIATIVE	                		Good3 initiative is 11
11/17/17 11:59:17.775 AM		INITIATIVE	                		Good4 initiative is 8
11/17/17 11:59:17.775 AM		INITIATIVE	                		Bad1 initiative is 8
11/17/17 11:59:17.791 AM		INITIATIVE	                		Bad2 initiative is 10
11/17/17 11:59:17.791 AM		INITIATIVE	                		Bad3 initiative is 8
11/17/17 11:59:17.791 AM		INITIATIVE	                		Bad4 initiative is 9
11/17/17 12:00:20.946 PM		INITIATIVE	                		Good1 initiative is 28
11/17/17 12:00:20.977 PM		INITIATIVE	                		Good2 initiative is 11
11/17/17 12:00:20.992 PM		INITIATIVE	                		Good3 initiative is 17
11/17/17 12:00:21.008 PM		INITIATIVE	                		Good4 initiative is 8
11/17/17 12:00:21.008 PM		INITIATIVE	                		Bad1 initiative is 9
11/17/17 12:00:21.024 PM		INITIATIVE	                		Bad2 initiative is 10
11/17/17 12:00:21.024 PM		INITIATIVE	                		Bad3 initiative is 11
11/17/17 12:00:21.039 PM		INITIATIVE	                		Bad4 initiative is 11
11/17/17 12:01:18.865 PM		INFO	                		Good1 added to good guys.
11/17/17 12:01:18.880 PM		INFO	                		Ares Predator weapon added to Good1
11/17/17 12:01:18.896 PM		INFO	                		Fireball weapon added to Good1
11/17/17 12:01:18.896 PM		INFO	                		Fist weapon added to Good1
11/17/17 12:01:18.896 PM		INFO	                		Good2 added to good guys.
11/17/17 12:01:18.896 PM		INFO	                		Fireball weapon added to Good2
11/17/17 12:01:18.896 PM		INFO	                		Fist weapon added to Good2
11/17/17 12:01:18.896 PM		INFO	                		Good3 added to good guys.
11/17/17 12:01:18.911 PM		INFO	                		Ares Predator weapon added to Good3
11/17/17 12:01:18.911 PM		INFO	                		Good4 added to good guys.
11/17/17 12:01:18.911 PM		INFO	                		Ares Predator weapon added to Good4
11/17/17 12:01:18.911 PM		INFO	                		Bad1 added to bad guys.
11/17/17 12:01:18.911 PM		INFO	                		Bad2 added to bad guys.
11/17/17 12:01:18.911 PM		INFO	                		Bad3 added to bad guys.
11/17/17 12:01:18.911 PM		INFO	                		Bad4 added to bad guys.
11/17/17 12:01:18.911 PM		INFO	                		Ares Predator weapon added to Bad1
11/17/17 12:01:18.911 PM		INFO	                		Ares Predator weapon added to Bad2
11/17/17 12:01:18.911 PM		INFO	                		Ares Predator weapon added to Bad3
11/17/17 12:01:18.911 PM		INFO	                		Ares Predator weapon added to Bad4
11/17/17 12:01:23.204 PM		INITIATIVE	                		Good1 initiative is 26
11/17/17 12:01:23.235 PM		INITIATIVE	                		Good2 initiative is 8
11/17/17 12:01:23.251 PM		INITIATIVE	                		Good3 initiative is 17
11/17/17 12:01:23.267 PM		INITIATIVE	                		Good4 initiative is 7
11/17/17 12:01:23.282 PM		INITIATIVE	                		Bad1 initiative is 7
11/17/17 12:01:23.282 PM		INITIATIVE	                		Bad2 initiative is 7
11/17/17 12:01:23.282 PM		INITIATIVE	                		Bad3 initiative is 10
11/17/17 12:01:23.298 PM		INITIATIVE	                		Bad4 initiative is 10
11/17/17 12:06:32.689 PM		INFO	                		Good1 added to good guys.
11/17/17 12:06:32.702 PM		INFO	                		Ares Predator weapon added to Good1
11/17/17 12:06:32.707 PM		INFO	                		Fireball weapon added to Good1
11/17/17 12:06:32.715 PM		INFO	                		Fist weapon added to Good1
11/17/17 12:06:32.720 PM		INFO	                		Good2 added to good guys.
11/17/17 12:06:32.721 PM		INFO	                		Fireball weapon added to Good2
11/17/17 12:06:32.721 PM		INFO	                		Fist weapon added to Good2
11/17/17 12:06:32.722 PM		INFO	                		Good3 added to good guys.
11/17/17 12:06:32.722 PM		INFO	                		Ares Predator weapon added to Good3
11/17/17 12:06:32.722 PM		INFO	                		Good4 added to good guys.
11/17/17 12:06:32.723 PM		INFO	                		Ares Predator weapon added to Good4
11/17/17 12:06:32.724 PM		INFO	                		Bad1 added to bad guys.
11/17/17 12:06:32.724 PM		INFO	                		Bad2 added to bad guys.
11/17/17 12:06:32.725 PM		INFO	                		Bad3 added to bad guys.
11/17/17 12:06:32.726 PM		INFO	                		Bad4 added to bad guys.
11/17/17 12:06:32.726 PM		INFO	                		Ares Predator weapon added to Bad1
11/17/17 12:06:32.727 PM		INFO	                		Ares Predator weapon added to Bad2
11/17/17 12:06:32.727 PM		INFO	                		Ares Predator weapon added to Bad3
11/17/17 12:06:32.727 PM		INFO	                		Ares Predator weapon added to Bad4
11/17/17 12:06:34.940 PM		INITIATIVE	                		Good1 initiative is 25
11/17/17 12:06:34.971 PM		INITIATIVE	                		Good2 initiative is 8
11/17/17 12:06:35.003 PM		INITIATIVE	                		Good3 initiative is 13
11/17/17 12:06:35.003 PM		INITIATIVE	                		Good4 initiative is 10
11/17/17 12:06:35.018 PM		INITIATIVE	                		Bad1 initiative is 7
11/17/17 12:06:35.018 PM		INITIATIVE	                		Bad2 initiative is 9
11/17/17 12:06:35.018 PM		INITIATIVE	                		Bad3 initiative is 11
11/17/17 12:06:35.034 PM		INITIATIVE	                		Bad4 initiative is 9
11/17/17 12:07:56.578 PM		INFO	                		Good1 added to good guys.
11/17/17 12:07:56.605 PM		INFO	                		Ares Predator weapon added to Good1
11/17/17 12:07:56.610 PM		INFO	                		Fireball weapon added to Good1
11/17/17 12:07:56.614 PM		INFO	                		Fist weapon added to Good1
11/17/17 12:07:56.615 PM		INFO	                		Good2 added to good guys.
11/17/17 12:07:56.616 PM		INFO	                		Fireball weapon added to Good2
11/17/17 12:07:56.616 PM		INFO	                		Fist weapon added to Good2
11/17/17 12:07:56.618 PM		INFO	                		Good3 added to good guys.
11/17/17 12:07:56.622 PM		INFO	                		Ares Predator weapon added to Good3
11/17/17 12:07:56.624 PM		INFO	                		Good4 added to good guys.
11/17/17 12:07:56.624 PM		INFO	                		Ares Predator weapon added to Good4
11/17/17 12:07:56.626 PM		INFO	                		Bad1 added to bad guys.
11/17/17 12:07:56.627 PM		INFO	                		Bad2 added to bad guys.
11/17/17 12:07:56.628 PM		INFO	                		Bad3 added to bad guys.
11/17/17 12:07:56.629 PM		INFO	                		Bad4 added to bad guys.
11/17/17 12:07:56.630 PM		INFO	                		Ares Predator weapon added to Bad1
11/17/17 12:07:56.630 PM		INFO	                		Ares Predator weapon added to Bad2
11/17/17 12:07:56.631 PM		INFO	                		Ares Predator weapon added to Bad3
11/17/17 12:07:56.632 PM		INFO	                		Ares Predator weapon added to Bad4
11/17/17 12:07:59.790 PM		INITIATIVE	                		Good1 initiative is 32
11/17/17 12:07:59.821 PM		INITIATIVE	                		Good2 initiative is 8
11/17/17 12:07:59.837 PM		INITIATIVE	                		Good3 initiative is 15
11/17/17 12:07:59.852 PM		INITIATIVE	                		Good4 initiative is 7
11/17/17 12:07:59.852 PM		INITIATIVE	                		Bad1 initiative is 8
11/17/17 12:07:59.868 PM		INITIATIVE	                		Bad2 initiative is 9
11/17/17 12:07:59.868 PM		INITIATIVE	                		Bad3 initiative is 9
11/17/17 12:07:59.883 PM		INITIATIVE	                		Bad4 initiative is 7
